2026-04-21 11:51:25,322 - INFO - Loaded config from: configs/default.yaml
2026-04-21 11:51:25,322 - INFO - Loaded config from: configs/YAGO.yaml
2026-04-21 11:51:25,322 - INFO -   alpha                = 0.2
2026-04-21 11:51:25,322 - INFO -   batch_size           = 1024
2026-04-21 11:51:25,322 - INFO -   dataset              = YAGO
2026-04-21 11:51:25,322 - INFO -   description          = yago_hard
2026-04-21 11:51:25,322 - INFO -   device               = cuda:0
2026-04-21 11:51:25,322 - INFO -   dropout              = 0.5
2026-04-21 11:51:25,322 - INFO -   embedding_dim        = 200
2026-04-21 11:51:25,322 - INFO -   eva_dir              = SAVE
2026-04-21 11:51:25,322 - INFO -   filtering            = True
2026-04-21 11:51:25,322 - INFO -   gpu_id               = 0
2026-04-21 11:51:25,322 - INFO -   grad_norm            = 1.0
2026-04-21 11:51:25,322 - INFO -   lambdax              = 2
2026-04-21 11:51:25,322 - INFO -   lr                   = 0.001
2026-04-21 11:51:25,322 - INFO -   max_epochs           = 30
2026-04-21 11:51:25,322 - INFO -   model_dir            = 
2026-04-21 11:51:25,322 - INFO -   only_eva             = False
2026-04-21 11:51:25,322 - INFO -   only_oracle          = False
2026-04-21 11:51:25,322 - INFO -   oracle_epochs        = 20
2026-04-21 11:51:25,322 - INFO -   oracle_lr            = 0.001
2026-04-21 11:51:25,322 - INFO -   oracle_mode          = hard
2026-04-21 11:51:25,322 - INFO -   save_dir             = SAVE
2026-04-21 11:51:25,322 - INFO -   seed                 = 987
2026-04-21 11:51:25,322 - INFO -   use_cuda             = True
2026-04-21 11:51:25,322 - INFO -   use_seed             = True
2026-04-21 11:51:25,322 - INFO -   valid_epochs         = 5
2026-04-21 11:51:25,322 - INFO -   weight_decay         = 1e-05
2026-04-21 11:51:25,322 - INFO - 
2026-04-21 11:51:25,322 - INFO - Saved config to: SAVE/yago_hard21-04-2026,11-51-25YAGO-EPOCH30/default.yaml
2026-04-21 11:51:25,322 - INFO - Saved config to: SAVE/yago_hard21-04-2026,11-51-25YAGO-EPOCH30/YAGO.yaml
2026-04-21 11:51:25,322 - INFO - Model Information:
2026-04-21 11:51:25,323 - INFO -   Total Parameters: 5,056,801
2026-04-21 11:51:25,323 - INFO -   Trainable Parameters: 5,056,801
2026-04-21 11:51:25,323 - INFO -   GPU Memory Reserved: 0.02 GB
2026-04-21 11:51:25,323 - INFO -   GPU Memory Allocated: 0.02 GB
2026-04-21 11:51:25,323 - INFO -   GPU Memory Peak: 0.02 GB
2026-04-21 11:51:25,323 - INFO - Epoch 1/30
2026-04-21 11:51:31,357 - INFO - [TRAIN] Epoch 1: Loss = 5.923944 (Time: 6.03s)
2026-04-21 11:51:31,375 - INFO - [VRAM] Peak: 0.13GB | Reserved: 0.19GB
2026-04-21 11:51:31,375 - INFO - Epoch 2/30
2026-04-21 11:51:37,180 - INFO - [TRAIN] Epoch 2: Loss = 5.812930 (Time: 5.80s)
2026-04-21 11:51:37,197 - INFO - [VRAM] Peak: 0.13GB | Reserved: 0.19GB
2026-04-21 11:51:37,198 - INFO - Epoch 3/30
2026-04-21 11:51:42,986 - INFO - [TRAIN] Epoch 3: Loss = 5.769310 (Time: 5.79s)
2026-04-21 11:51:43,004 - INFO - [VRAM] Peak: 0.13GB | Reserved: 0.19GB
2026-04-21 11:51:43,004 - INFO - Epoch 4/30
2026-04-21 11:51:48,803 - INFO - [TRAIN] Epoch 4: Loss = 5.742529 (Time: 5.80s)
2026-04-21 11:51:48,821 - INFO - [VRAM] Peak: 0.13GB | Reserved: 0.19GB
2026-04-21 11:51:48,821 - INFO - Epoch 5/30
2026-04-21 11:51:54,639 - INFO - [TRAIN] Epoch 5: Loss = 5.721124 (Time: 5.82s)
2026-04-21 11:51:54,657 - INFO - [VRAM] Peak: 0.13GB | Reserved: 0.19GB
2026-04-21 11:51:54,657 - INFO - [VALIDATION] Epoch 5
2026-04-21 11:53:01,584 - INFO -   [No Oracle Filtering]
2026-04-21 11:53:01,585 - INFO -     Subject test MRR (lk): 0.834152
2026-04-21 11:53:01,585 - INFO -     Subject test MR (lk): 159.278876
2026-04-21 11:53:01,585 - INFO -     Subject test Hits (lk) @ 1: 0.817856
2026-04-21 11:53:01,585 - INFO -     Subject test Hits (lk) @ 3: 0.843415
2026-04-21 11:53:01,585 - INFO -     Subject test Hits (lk) @ 10: 0.862265
2026-04-21 11:53:01,585 - INFO -     Object test MRR (lk): 0.832627
2026-04-21 11:53:01,585 - INFO -     Object test MR (lk): 193.509246
2026-04-21 11:53:01,585 - INFO -     Object test Hits (lk) @ 1: 0.825232
2026-04-21 11:53:01,585 - INFO -     Object test Hits (lk) @ 3: 0.836654
2026-04-21 11:53:01,585 - INFO -     Object test Hits (lk) @ 10: 0.845618
2026-04-21 11:53:01,586 - INFO -     ALL test MRR (lk): 0.833389
2026-04-21 11:53:01,586 - INFO -     ALL test MR (lk): 176.394061
2026-04-21 11:53:01,586 - INFO -     ALL test Hits (lk) @ 1: 0.821544
2026-04-21 11:53:01,586 - INFO -     ALL test Hits (lk) @ 3: 0.840035
2026-04-21 11:53:01,586 - INFO -     ALL test Hits (lk) @ 10: 0.853942
2026-04-21 11:53:01,586 - INFO -   [Ground Truth Oracle]
2026-04-21 11:53:01,587 - INFO -     Subject test MRR (lk): 0.892066
2026-04-21 11:53:01,587 - INFO -     Subject test MR (lk): 150.776597
2026-04-21 11:53:01,587 - INFO -     Subject test Hits (lk) @ 1: 0.888798
2026-04-21 11:53:01,587 - INFO -     Subject test Hits (lk) @ 3: 0.892691
2026-04-21 11:53:01,587 - INFO -     Subject test Hits (lk) @ 10: 0.896737
2026-04-21 11:53:01,587 - INFO -     Object test MRR (lk): 0.887177
2026-04-21 11:53:01,588 - INFO -     Object test MR (lk): 179.274138
2026-04-21 11:53:01,588 - INFO -     Object test Hits (lk) @ 1: 0.885827
2026-04-21 11:53:01,588 - INFO -     Object test Hits (lk) @ 3: 0.886647
2026-04-21 11:53:01,588 - INFO -     Object test Hits (lk) @ 10: 0.888798
2026-04-21 11:53:01,588 - INFO -     ALL test MRR (lk): 0.889621
2026-04-21 11:53:01,588 - INFO -     ALL test MR (lk): 165.025368
2026-04-21 11:53:01,589 - INFO -     ALL test Hits (lk) @ 1: 0.887312
2026-04-21 11:53:01,589 - INFO -     ALL test Hits (lk) @ 3: 0.889669
2026-04-21 11:53:01,589 - INFO -     ALL test Hits (lk) @ 10: 0.892768
2026-04-21 11:53:01,602 - INFO -   Model improved! Best MRR = 0.889621
2026-04-21 11:53:01,603 - INFO - Epoch 6/30
2026-04-21 11:53:07,423 - INFO - [TRAIN] Epoch 6: Loss = 5.704728 (Time: 5.82s)
2026-04-21 11:53:07,441 - INFO - [VRAM] Peak: 0.14GB | Reserved: 0.19GB
2026-04-21 11:53:07,441 - INFO - Epoch 7/30
2026-04-21 11:53:13,300 - INFO - [TRAIN] Epoch 7: Loss = 5.691355 (Time: 5.86s)
2026-04-21 11:53:13,318 - INFO - [VRAM] Peak: 0.14GB | Reserved: 0.19GB
2026-04-21 11:53:13,318 - INFO - Epoch 8/30
2026-04-21 11:53:19,139 - INFO - [TRAIN] Epoch 8: Loss = 5.678435 (Time: 5.82s)
2026-04-21 11:53:19,157 - INFO - [VRAM] Peak: 0.14GB | Reserved: 0.19GB
2026-04-21 11:53:19,157 - INFO - Epoch 9/30
2026-04-21 11:53:24,991 - INFO - [TRAIN] Epoch 9: Loss = 5.665593 (Time: 5.83s)
2026-04-21 11:53:25,009 - INFO - [VRAM] Peak: 0.14GB | Reserved: 0.19GB
2026-04-21 11:53:25,009 - INFO - Epoch 10/30
2026-04-21 11:53:30,839 - INFO - [TRAIN] Epoch 10: Loss = 5.653815 (Time: 5.83s)
2026-04-21 11:53:30,857 - INFO - [VRAM] Peak: 0.14GB | Reserved: 0.19GB
2026-04-21 11:53:30,857 - INFO - [VALIDATION] Epoch 10
2026-04-21 11:54:38,366 - INFO -   [No Oracle Filtering]
2026-04-21 11:54:38,367 - INFO -     Subject test MRR (lk): 0.849172
2026-04-21 11:54:38,367 - INFO -     Subject test MR (lk): 143.908083
2026-04-21 11:54:38,367 - INFO -     Subject test Hits (lk) @ 1: 0.838037
2026-04-21 11:54:38,367 - INFO -     Subject test Hits (lk) @ 3: 0.854070
2026-04-21 11:54:38,367 - INFO -     Subject test Hits (lk) @ 10: 0.867797
2026-04-21 11:54:38,367 - INFO -     Object test MRR (lk): 0.839781
2026-04-21 11:54:38,367 - INFO -     Object test MR (lk): 171.114480
2026-04-21 11:54:38,367 - INFO -     Object test Hits (lk) @ 1: 0.834298
2026-04-21 11:54:38,368 - INFO -     Object test Hits (lk) @ 3: 0.840598
2026-04-21 11:54:38,368 - INFO -     Object test Hits (lk) @ 10: 0.848794
2026-04-21 11:54:38,368 - INFO -     ALL test MRR (lk): 0.844476
2026-04-21 11:54:38,368 - INFO -     ALL test MR (lk): 157.511282
2026-04-21 11:54:38,368 - INFO -     ALL test Hits (lk) @ 1: 0.836168
2026-04-21 11:54:38,368 - INFO -     ALL test Hits (lk) @ 3: 0.847334
2026-04-21 11:54:38,369 - INFO -     ALL test Hits (lk) @ 10: 0.858295
2026-04-21 11:54:38,369 - INFO -   [Ground Truth Oracle]
2026-04-21 11:54:38,369 - INFO -     Subject test MRR (lk): 0.892465
2026-04-21 11:54:38,369 - INFO -     Subject test MR (lk): 134.456923
2026-04-21 11:54:38,369 - INFO -     Subject test Hits (lk) @ 1: 0.888695
2026-04-21 11:54:38,369 - INFO -     Subject test Hits (lk) @ 3: 0.892998
2026-04-21 11:54:38,369 - INFO -     Subject test Hits (lk) @ 10: 0.897967
2026-04-21 11:54:38,370 - INFO -     Object test MRR (lk): 0.887527
2026-04-21 11:54:38,370 - INFO -     Object test MR (lk): 157.212160
2026-04-21 11:54:38,370 - INFO -     Object test Hits (lk) @ 1: 0.885827
2026-04-21 11:54:38,370 - INFO -     Object test Hits (lk) @ 3: 0.887159
2026-04-21 11:54:38,370 - INFO -     Object test Hits (lk) @ 10: 0.889105
2026-04-21 11:54:38,371 - INFO -     ALL test MRR (lk): 0.889996
2026-04-21 11:54:38,371 - INFO -     ALL test MR (lk): 145.834541
2026-04-21 11:54:38,371 - INFO -     ALL test Hits (lk) @ 1: 0.887261
2026-04-21 11:54:38,371 - INFO -     ALL test Hits (lk) @ 3: 0.890078
2026-04-21 11:54:38,371 - INFO -     ALL test Hits (lk) @ 10: 0.893536
2026-04-21 11:54:38,395 - INFO -   Model improved! Best MRR = 0.889996
2026-04-21 11:54:38,397 - INFO - Epoch 11/30
2026-04-21 11:54:44,274 - INFO - [TRAIN] Epoch 11: Loss = 5.643972 (Time: 5.88s)
2026-04-21 11:54:44,292 - INFO - [VRAM] Peak: 0.14GB | Reserved: 0.19GB
2026-04-21 11:54:44,292 - INFO - Epoch 12/30
2026-04-21 11:54:50,163 - INFO - [TRAIN] Epoch 12: Loss = 5.635701 (Time: 5.87s)
2026-04-21 11:54:50,180 - INFO - [VRAM] Peak: 0.14GB | Reserved: 0.19GB
2026-04-21 11:54:50,180 - INFO - Epoch 13/30
2026-04-21 11:54:56,002 - INFO - [TRAIN] Epoch 13: Loss = 5.628813 (Time: 5.82s)
2026-04-21 11:54:56,019 - INFO - [VRAM] Peak: 0.14GB | Reserved: 0.19GB
2026-04-21 11:54:56,019 - INFO - Epoch 14/30
2026-04-21 11:55:01,847 - INFO - [TRAIN] Epoch 14: Loss = 5.622995 (Time: 5.83s)
2026-04-21 11:55:01,865 - INFO - [VRAM] Peak: 0.14GB | Reserved: 0.19GB
2026-04-21 11:55:01,865 - INFO - Epoch 15/30
2026-04-21 11:55:07,733 - INFO - [TRAIN] Epoch 15: Loss = 5.618147 (Time: 5.87s)
2026-04-21 11:55:07,750 - INFO - [VRAM] Peak: 0.14GB | Reserved: 0.19GB
2026-04-21 11:55:07,750 - INFO - [VALIDATION] Epoch 15
2026-04-21 11:56:15,471 - INFO -   [No Oracle Filtering]
2026-04-21 11:56:15,472 - INFO -     Subject test MRR (lk): 0.844287
2026-04-21 11:56:15,472 - INFO -     Subject test MR (lk): 140.232290
2026-04-21 11:56:15,472 - INFO -     Subject test Hits (lk) @ 1: 0.831686
2026-04-21 11:56:15,472 - INFO -     Subject test Hits (lk) @ 3: 0.848896
2026-04-21 11:56:15,472 - INFO -     Subject test Hits (lk) @ 10: 0.866004
2026-04-21 11:56:15,472 - INFO -     Object test MRR (lk): 0.834814
2026-04-21 11:56:15,472 - INFO -     Object test MR (lk): 166.007325
2026-04-21 11:56:15,472 - INFO -     Object test Hits (lk) @ 1: 0.826307
2026-04-21 11:56:15,473 - INFO -     Object test Hits (lk) @ 3: 0.837576
2026-04-21 11:56:15,473 - INFO -     Object test Hits (lk) @ 10: 0.849050
2026-04-21 11:56:15,473 - INFO -     ALL test MRR (lk): 0.839550
2026-04-21 11:56:15,473 - INFO -     ALL test MR (lk): 153.119807
2026-04-21 11:56:15,473 - INFO -     ALL test Hits (lk) @ 1: 0.828997
2026-04-21 11:56:15,474 - INFO -     ALL test Hits (lk) @ 3: 0.843236
2026-04-21 11:56:15,474 - INFO -     ALL test Hits (lk) @ 10: 0.857527
2026-04-21 11:56:15,474 - INFO -   [Ground Truth Oracle]
2026-04-21 11:56:15,474 - INFO -     Subject test MRR (lk): 0.892790
2026-04-21 11:56:15,474 - INFO -     Subject test MR (lk): 130.236029
2026-04-21 11:56:15,474 - INFO -     Subject test Hits (lk) @ 1: 0.887722
2026-04-21 11:56:15,474 - INFO -     Subject test Hits (lk) @ 3: 0.893715
2026-04-21 11:56:15,474 - INFO -     Subject test Hits (lk) @ 10: 0.900476
2026-04-21 11:56:15,475 - INFO -     Object test MRR (lk): 0.888350
2026-04-21 11:56:15,475 - INFO -     Object test MR (lk): 152.890181
2026-04-21 11:56:15,475 - INFO -     Object test Hits (lk) @ 1: 0.886288
2026-04-21 11:56:15,475 - INFO -     Object test Hits (lk) @ 3: 0.887671
2026-04-21 11:56:15,475 - INFO -     Object test Hits (lk) @ 10: 0.891103
2026-04-21 11:56:15,476 - INFO -     ALL test MRR (lk): 0.890570
2026-04-21 11:56:15,476 - INFO -     ALL test MR (lk): 141.563105
2026-04-21 11:56:15,476 - INFO -     ALL test Hits (lk) @ 1: 0.887005
2026-04-21 11:56:15,476 - INFO -     ALL test Hits (lk) @ 3: 0.890693
2026-04-21 11:56:15,476 - INFO -     ALL test Hits (lk) @ 10: 0.895790
2026-04-21 11:56:15,501 - INFO -   Model improved! Best MRR = 0.890570
2026-04-21 11:56:15,502 - INFO - Epoch 16/30
2026-04-21 11:56:21,343 - INFO - [TRAIN] Epoch 16: Loss = 5.614056 (Time: 5.84s)
2026-04-21 11:56:21,360 - INFO - [VRAM] Peak: 0.14GB | Reserved: 0.19GB
2026-04-21 11:56:21,361 - INFO - Epoch 17/30
2026-04-21 11:56:27,214 - INFO - [TRAIN] Epoch 17: Loss = 5.610441 (Time: 5.85s)
2026-04-21 11:56:27,232 - INFO - [VRAM] Peak: 0.14GB | Reserved: 0.19GB
2026-04-21 11:56:27,232 - INFO - Epoch 18/30
2026-04-21 11:56:33,089 - INFO - [TRAIN] Epoch 18: Loss = 5.607332 (Time: 5.86s)
2026-04-21 11:56:33,106 - INFO - [VRAM] Peak: 0.14GB | Reserved: 0.19GB
2026-04-21 11:56:33,107 - INFO - Epoch 19/30
2026-04-21 11:56:38,965 - INFO - [TRAIN] Epoch 19: Loss = 5.604344 (Time: 5.86s)
2026-04-21 11:56:38,983 - INFO - [VRAM] Peak: 0.14GB | Reserved: 0.19GB
2026-04-21 11:56:38,983 - INFO - Epoch 20/30
2026-04-21 11:56:44,824 - INFO - [TRAIN] Epoch 20: Loss = 5.601782 (Time: 5.84s)
2026-04-21 11:56:44,842 - INFO - [VRAM] Peak: 0.14GB | Reserved: 0.19GB
2026-04-21 11:56:44,842 - INFO - [VALIDATION] Epoch 20
2026-04-21 11:57:51,935 - INFO -   [No Oracle Filtering]
2026-04-21 11:57:51,935 - INFO -     Subject test MRR (lk): 0.839111
2026-04-21 11:57:51,935 - INFO -     Subject test MR (lk): 140.437638
2026-04-21 11:57:51,935 - INFO -     Subject test Hits (lk) @ 1: 0.825129
2026-04-21 11:57:51,935 - INFO -     Subject test Hits (lk) @ 3: 0.844184
2026-04-21 11:57:51,936 - INFO -     Subject test Hits (lk) @ 10: 0.864672
2026-04-21 11:57:51,936 - INFO -     Object test MRR (lk): 0.833328
2026-04-21 11:57:51,936 - INFO -     Object test MR (lk): 165.804385
2026-04-21 11:57:51,936 - INFO -     Object test Hits (lk) @ 1: 0.824054
2026-04-21 11:57:51,936 - INFO -     Object test Hits (lk) @ 3: 0.836347
2026-04-21 11:57:51,936 - INFO -     Object test Hits (lk) @ 10: 0.848538
2026-04-21 11:57:51,937 - INFO -     ALL test MRR (lk): 0.836219
2026-04-21 11:57:51,937 - INFO -     ALL test MR (lk): 153.121011
2026-04-21 11:57:51,937 - INFO -     ALL test Hits (lk) @ 1: 0.824592
2026-04-21 11:57:51,937 - INFO -     ALL test Hits (lk) @ 3: 0.840265
2026-04-21 11:57:51,937 - INFO -     ALL test Hits (lk) @ 10: 0.856605
2026-04-21 11:57:51,937 - INFO -   [Ground Truth Oracle]
2026-04-21 11:57:51,938 - INFO -     Subject test MRR (lk): 0.893279
2026-04-21 11:57:51,938 - INFO -     Subject test MR (lk): 131.017979
2026-04-21 11:57:51,938 - INFO -     Subject test Hits (lk) @ 1: 0.887876
2026-04-21 11:57:51,938 - INFO -     Subject test Hits (lk) @ 3: 0.894535
2026-04-21 11:57:51,938 - INFO -     Subject test Hits (lk) @ 10: 0.901859
2026-04-21 11:57:51,938 - INFO -     Object test MRR (lk): 0.888857
2026-04-21 11:57:51,938 - INFO -     Object test MR (lk): 154.620038
2026-04-21 11:57:51,938 - INFO -     Object test Hits (lk) @ 1: 0.886647
2026-04-21 11:57:51,938 - INFO -     Object test Hits (lk) @ 3: 0.888132
2026-04-21 11:57:51,938 - INFO -     Object test Hits (lk) @ 10: 0.892178
2026-04-21 11:57:51,939 - INFO -     ALL test MRR (lk): 0.891068
2026-04-21 11:57:51,939 - INFO -     ALL test MR (lk): 142.819008
2026-04-21 11:57:51,939 - INFO -     ALL test Hits (lk) @ 1: 0.887261
2026-04-21 11:57:51,939 - INFO -     ALL test Hits (lk) @ 3: 0.891333
2026-04-21 11:57:51,939 - INFO -     ALL test Hits (lk) @ 10: 0.897019
2026-04-21 11:57:51,965 - INFO -   Model improved! Best MRR = 0.891068
2026-04-21 11:57:51,966 - INFO - Epoch 21/30
2026-04-21 11:57:57,801 - INFO - [TRAIN] Epoch 21: Loss = 5.599501 (Time: 5.84s)
2026-04-21 11:57:57,819 - INFO - [VRAM] Peak: 0.14GB | Reserved: 0.19GB
2026-04-21 11:57:57,819 - INFO - Epoch 22/30
2026-04-21 11:58:03,709 - INFO - [TRAIN] Epoch 22: Loss = 5.597331 (Time: 5.89s)
2026-04-21 11:58:03,727 - INFO - [VRAM] Peak: 0.14GB | Reserved: 0.19GB
2026-04-21 11:58:03,727 - INFO - Epoch 23/30
2026-04-21 11:58:09,570 - INFO - [TRAIN] Epoch 23: Loss = 5.595550 (Time: 5.84s)
2026-04-21 11:58:09,587 - INFO - [VRAM] Peak: 0.14GB | Reserved: 0.19GB
2026-04-21 11:58:09,587 - INFO - Epoch 24/30
2026-04-21 11:58:15,435 - INFO - [TRAIN] Epoch 24: Loss = 5.593758 (Time: 5.85s)
2026-04-21 11:58:15,452 - INFO - [VRAM] Peak: 0.14GB | Reserved: 0.19GB
2026-04-21 11:58:15,453 - INFO - Epoch 25/30
2026-04-21 11:58:21,297 - INFO - [TRAIN] Epoch 25: Loss = 5.592072 (Time: 5.84s)
2026-04-21 11:58:21,315 - INFO - [VRAM] Peak: 0.14GB | Reserved: 0.19GB
2026-04-21 11:58:21,315 - INFO - [VALIDATION] Epoch 25
2026-04-21 11:59:27,860 - INFO -   [No Oracle Filtering]
2026-04-21 11:59:27,861 - INFO -     Subject test MRR (lk): 0.835963
2026-04-21 11:59:27,861 - INFO -     Subject test MR (lk): 143.040337
2026-04-21 11:59:27,861 - INFO -     Subject test Hits (lk) @ 1: 0.820622
2026-04-21 11:59:27,861 - INFO -     Subject test Hits (lk) @ 3: 0.841674
2026-04-21 11:59:27,861 - INFO -     Subject test Hits (lk) @ 10: 0.863853
2026-04-21 11:59:27,862 - INFO -     Object test MRR (lk): 0.831852
2026-04-21 11:59:27,862 - INFO -     Object test MR (lk): 165.042181
2026-04-21 11:59:27,862 - INFO -     Object test Hits (lk) @ 1: 0.822158
2026-04-21 11:59:27,862 - INFO -     Object test Hits (lk) @ 3: 0.834452
2026-04-21 11:59:27,862 - INFO -     Object test Hits (lk) @ 10: 0.848486
2026-04-21 11:59:27,863 - INFO -     ALL test MRR (lk): 0.833908
2026-04-21 11:59:27,863 - INFO -     ALL test MR (lk): 154.041259
2026-04-21 11:59:27,863 - INFO -     ALL test Hits (lk) @ 1: 0.821390
2026-04-21 11:59:27,863 - INFO -     ALL test Hits (lk) @ 3: 0.838063
2026-04-21 11:59:27,863 - INFO -     ALL test Hits (lk) @ 10: 0.856170
2026-04-21 11:59:27,863 - INFO -   [Ground Truth Oracle]
2026-04-21 11:59:27,863 - INFO -     Subject test MRR (lk): 0.893541
2026-04-21 11:59:27,863 - INFO -     Subject test MR (lk): 134.347667
2026-04-21 11:59:27,863 - INFO -     Subject test Hits (lk) @ 1: 0.887722
2026-04-21 11:59:27,863 - INFO -     Subject test Hits (lk) @ 3: 0.894791
2026-04-21 11:59:27,863 - INFO -     Subject test Hits (lk) @ 10: 0.902884
2026-04-21 11:59:27,864 - INFO -     Object test MRR (lk): 0.889322
2026-04-21 11:59:27,864 - INFO -     Object test MR (lk): 154.513676
2026-04-21 11:59:27,864 - INFO -     Object test Hits (lk) @ 1: 0.887108
2026-04-21 11:59:27,864 - INFO -     Object test Hits (lk) @ 3: 0.888542
2026-04-21 11:59:27,864 - INFO -     Object test Hits (lk) @ 10: 0.892230
2026-04-21 11:59:27,865 - INFO -     ALL test MRR (lk): 0.891432
2026-04-21 11:59:27,865 - INFO -     ALL test MR (lk): 144.430672
2026-04-21 11:59:27,865 - INFO -     ALL test Hits (lk) @ 1: 0.887415
2026-04-21 11:59:27,865 - INFO -     ALL test Hits (lk) @ 3: 0.891666
2026-04-21 11:59:27,865 - INFO -     ALL test Hits (lk) @ 10: 0.897557
2026-04-21 11:59:27,889 - INFO -   Model improved! Best MRR = 0.891432
2026-04-21 11:59:27,891 - INFO - Epoch 26/30
2026-04-21 11:59:33,754 - INFO - [TRAIN] Epoch 26: Loss = 5.590741 (Time: 5.86s)
2026-04-21 11:59:33,772 - INFO - [VRAM] Peak: 0.14GB | Reserved: 0.19GB
2026-04-21 11:59:33,772 - INFO - Epoch 27/30
2026-04-21 11:59:39,628 - INFO - [TRAIN] Epoch 27: Loss = 5.589447 (Time: 5.86s)
2026-04-21 11:59:39,646 - INFO - [VRAM] Peak: 0.14GB | Reserved: 0.19GB
2026-04-21 11:59:39,646 - INFO - Epoch 28/30
2026-04-21 11:59:45,479 - INFO - [TRAIN] Epoch 28: Loss = 5.588350 (Time: 5.83s)
2026-04-21 11:59:45,497 - INFO - [VRAM] Peak: 0.14GB | Reserved: 0.19GB
2026-04-21 11:59:45,497 - INFO - Epoch 29/30
2026-04-21 11:59:51,354 - INFO - [TRAIN] Epoch 29: Loss = 5.587160 (Time: 5.86s)
2026-04-21 11:59:51,371 - INFO - [VRAM] Peak: 0.14GB | Reserved: 0.19GB
2026-04-21 11:59:51,372 - INFO - Epoch 30/30
2026-04-21 11:59:57,214 - INFO - [TRAIN] Epoch 30: Loss = 5.586163 (Time: 5.84s)
2026-04-21 11:59:57,232 - INFO - [VRAM] Peak: 0.14GB | Reserved: 0.19GB
2026-04-21 11:59:57,232 - INFO - [VALIDATION] Epoch 30
2026-04-21 12:01:04,910 - INFO -   [No Oracle Filtering]
2026-04-21 12:01:04,910 - INFO -     Subject test MRR (lk): 0.833535
2026-04-21 12:01:04,911 - INFO -     Subject test MR (lk): 143.597372
2026-04-21 12:01:04,911 - INFO -     Subject test Hits (lk) @ 1: 0.818112
2026-04-21 12:01:04,911 - INFO -     Subject test Hits (lk) @ 3: 0.839062
2026-04-21 12:01:04,911 - INFO -     Subject test Hits (lk) @ 10: 0.861855
2026-04-21 12:01:04,911 - INFO -     Object test MRR (lk): 0.829384
2026-04-21 12:01:04,911 - INFO -     Object test MR (lk): 167.187369
2026-04-21 12:01:04,911 - INFO -     Object test Hits (lk) @ 1: 0.819136
2026-04-21 12:01:04,911 - INFO -     Object test Hits (lk) @ 3: 0.831993
2026-04-21 12:01:04,911 - INFO -     Object test Hits (lk) @ 10: 0.846335
2026-04-21 12:01:04,912 - INFO -     ALL test MRR (lk): 0.831460
2026-04-21 12:01:04,912 - INFO -     ALL test MR (lk): 155.392371
2026-04-21 12:01:04,912 - INFO -     ALL test Hits (lk) @ 1: 0.818624
2026-04-21 12:01:04,912 - INFO -     ALL test Hits (lk) @ 3: 0.835527
2026-04-21 12:01:04,912 - INFO -     ALL test Hits (lk) @ 10: 0.854095
2026-04-21 12:01:04,912 - INFO -   [Ground Truth Oracle]
2026-04-21 12:01:04,913 - INFO -     Subject test MRR (lk): 0.893313
2026-04-21 12:01:04,913 - INFO -     Subject test MR (lk): 135.412513
2026-04-21 12:01:04,913 - INFO -     Subject test Hits (lk) @ 1: 0.887210
2026-04-21 12:01:04,913 - INFO -     Subject test Hits (lk) @ 3: 0.894996
2026-04-21 12:01:04,913 - INFO -     Subject test Hits (lk) @ 10: 0.902628
2026-04-21 12:01:04,913 - INFO -     Object test MRR (lk): 0.889070
2026-04-21 12:01:04,913 - INFO -     Object test MR (lk): 157.072069
2026-04-21 12:01:04,913 - INFO -     Object test Hits (lk) @ 1: 0.886442
2026-04-21 12:01:04,913 - INFO -     Object test Hits (lk) @ 3: 0.888644
2026-04-21 12:01:04,913 - INFO -     Object test Hits (lk) @ 10: 0.892639
2026-04-21 12:01:04,914 - INFO -     ALL test MRR (lk): 0.891192
2026-04-21 12:01:04,914 - INFO -     ALL test MR (lk): 146.242291
2026-04-21 12:01:04,914 - INFO -     ALL test Hits (lk) @ 1: 0.886826
2026-04-21 12:01:04,914 - INFO -     ALL test Hits (lk) @ 3: 0.891820
2026-04-21 12:01:04,914 - INFO -     ALL test Hits (lk) @ 10: 0.897634
2026-04-21 12:01:04,914 - INFO -   No improvement (Best: 0.891432 | Current: 0.891192)
2026-04-21 12:01:04,915 - INFO - Training completed!
2026-04-21 12:01:04,923 - INFO - [ORACLE TRAINING PHASE]
2026-04-21 12:01:04,923 - INFO - Starting Oracle training...
2026-04-21 12:01:08,833 - INFO - [ORACLE] Epoch 1: Loss = 45.947740 (Time: 3.91s)
2026-04-21 12:01:12,755 - INFO - [ORACLE] Epoch 2: Loss = 5.626783 (Time: 3.92s)
2026-04-21 12:01:16,707 - INFO - [ORACLE] Epoch 3: Loss = 4.571079 (Time: 3.95s)
2026-04-21 12:01:20,642 - INFO - [ORACLE] Epoch 4: Loss = 3.603895 (Time: 3.93s)
2026-04-21 12:01:24,599 - INFO - [ORACLE] Epoch 5: Loss = 2.648222 (Time: 3.96s)
2026-04-21 12:01:28,494 - INFO - [ORACLE] Epoch 6: Loss = 1.686527 (Time: 3.90s)
2026-04-21 12:01:32,382 - INFO - [ORACLE] Epoch 7: Loss = 0.894328 (Time: 3.89s)
2026-04-21 12:01:36,267 - INFO - [ORACLE] Epoch 8: Loss = 0.749106 (Time: 3.88s)
2026-04-21 12:01:40,160 - INFO - [ORACLE] Epoch 9: Loss = 0.725860 (Time: 3.89s)
2026-04-21 12:01:44,053 - INFO - [ORACLE] Epoch 10: Loss = 0.728426 (Time: 3.89s)
2026-04-21 12:01:47,945 - INFO - [ORACLE] Epoch 11: Loss = 0.704910 (Time: 3.89s)
2026-04-21 12:01:51,840 - INFO - [ORACLE] Epoch 12: Loss = 0.726703 (Time: 3.89s)
2026-04-21 12:01:55,735 - INFO - [ORACLE] Epoch 13: Loss = 0.705626 (Time: 3.90s)
2026-04-21 12:01:59,612 - INFO - [ORACLE] Epoch 14: Loss = 0.699372 (Time: 3.88s)
2026-04-21 12:02:03,495 - INFO - [ORACLE] Epoch 15: Loss = 0.716624 (Time: 3.88s)
2026-04-21 12:02:07,409 - INFO - [ORACLE] Epoch 16: Loss = 0.706607 (Time: 3.91s)
2026-04-21 12:02:11,277 - INFO - [ORACLE] Epoch 17: Loss = 0.703980 (Time: 3.87s)
2026-04-21 12:02:15,172 - INFO - [ORACLE] Epoch 18: Loss = 0.705715 (Time: 3.89s)
2026-04-21 12:02:19,055 - INFO - [ORACLE] Epoch 19: Loss = 0.698918 (Time: 3.88s)
2026-04-21 12:02:22,985 - INFO - [ORACLE] Epoch 20: Loss = 0.704501 (Time: 3.93s)
2026-04-21 12:02:22,985 - INFO - Oracle training completed!
2026-04-21 12:02:23,011 - INFO - [TEST PHASE]
2026-04-21 12:02:23,011 - INFO - Testing starts...
2026-04-21 12:03:34,689 - INFO - Test Results (Oracle):
2026-04-21 12:03:34,690 - INFO -     Subject test MRR (lk): 0.843165
2026-04-21 12:03:34,690 - INFO -     Subject test MR (lk): 737.487242
2026-04-21 12:03:34,690 - INFO -     Subject test Hits (lk) @ 1: 0.840358
2026-04-21 12:03:34,690 - INFO -     Subject test Hits (lk) @ 3: 0.845001
2026-04-21 12:03:34,690 - INFO -     Subject test Hits (lk) @ 10: 0.847049
2026-04-21 12:03:34,691 - INFO -     Object test MRR (lk): 0.839103
2026-04-21 12:03:34,691 - INFO -     Object test MR (lk): 798.642015
2026-04-21 12:03:34,691 - INFO -     Object test Hits (lk) @ 1: 0.838560
2026-04-21 12:03:34,691 - INFO -     Object test Hits (lk) @ 3: 0.839309
2026-04-21 12:03:34,691 - INFO -     Object test Hits (lk) @ 10: 0.839708
2026-04-21 12:03:34,692 - INFO -     ALL test MRR (lk): 0.841134
2026-04-21 12:03:34,692 - INFO -     ALL test MR (lk): 768.064628
2026-04-21 12:03:34,692 - INFO -     ALL test Hits (lk) @ 1: 0.839459
2026-04-21 12:03:34,692 - INFO -     ALL test Hits (lk) @ 3: 0.842155
2026-04-21 12:03:34,692 - INFO -     ALL test Hits (lk) @ 10: 0.843379
2026-04-21 12:03:34,692 - INFO - Testing completed! (Time: 71.68s)
