2026-04-22 10:40:10,366 - INFO - Loaded config from: configs/default.yaml
2026-04-22 10:40:10,366 - INFO - Loaded config from: configs/YAGO.yaml
2026-04-22 10:40:10,366 - INFO -   alpha                = 0.2
2026-04-22 10:40:10,366 - INFO -   batch_size           = 1024
2026-04-22 10:40:10,366 - INFO -   dataset              = YAGO
2026-04-22 10:40:10,366 - INFO -   description          = yago_hard
2026-04-22 10:40:10,366 - INFO -   device               = cuda:0
2026-04-22 10:40:10,366 - INFO -   dropout              = 0.5
2026-04-22 10:40:10,366 - INFO -   embedding_dim        = 200
2026-04-22 10:40:10,366 - INFO -   eva_dir              = SAVE
2026-04-22 10:40:10,366 - INFO -   filtering            = True
2026-04-22 10:40:10,366 - INFO -   gpu_id               = 0
2026-04-22 10:40:10,366 - INFO -   grad_norm            = 1.0
2026-04-22 10:40:10,366 - INFO -   lambdax              = 2
2026-04-22 10:40:10,366 - INFO -   lr                   = 0.001
2026-04-22 10:40:10,366 - INFO -   max_epochs           = 30
2026-04-22 10:40:10,366 - INFO -   model_dir            = 
2026-04-22 10:40:10,366 - INFO -   only_eva             = False
2026-04-22 10:40:10,366 - INFO -   only_oracle          = False
2026-04-22 10:40:10,366 - INFO -   oracle_epochs        = 20
2026-04-22 10:40:10,366 - INFO -   oracle_lr            = 0.001
2026-04-22 10:40:10,366 - INFO -   oracle_mode          = hard
2026-04-22 10:40:10,366 - INFO -   save_dir             = SAVE
2026-04-22 10:40:10,366 - INFO -   seed                 = 987
2026-04-22 10:40:10,366 - INFO -   use_cuda             = True
2026-04-22 10:40:10,366 - INFO -   use_seed             = True
2026-04-22 10:40:10,366 - INFO -   valid_epochs         = 5
2026-04-22 10:40:10,366 - INFO -   weight_decay         = 1e-05
2026-04-22 10:40:10,366 - INFO - 
2026-04-22 10:40:10,366 - INFO - Saved config to: SAVE/yago_hard22-04-2026,10-40-10YAGO-EPOCH30/default.yaml
2026-04-22 10:40:10,366 - INFO - Saved config to: SAVE/yago_hard22-04-2026,10-40-10YAGO-EPOCH30/YAGO.yaml
2026-04-22 10:40:10,367 - INFO - Model Information:
2026-04-22 10:40:10,367 - INFO -   Total Parameters: 5,056,801
2026-04-22 10:40:10,367 - INFO -   Trainable Parameters: 5,056,801
2026-04-22 10:40:10,367 - INFO -   GPU Memory Reserved: 0.02 GB
2026-04-22 10:40:10,367 - INFO -   GPU Memory Allocated: 0.02 GB
2026-04-22 10:40:10,367 - INFO -   GPU Memory Peak: 0.02 GB
2026-04-22 10:40:10,367 - INFO - Epoch 1/30
