2026-04-17 16:59:04,152 - INFO - Loading configuration...
2026-04-17 16:59:04,152 - INFO - Loaded config from: configs/default.yaml
2026-04-17 16:59:04,152 - INFO - Loaded config from: configs/YAGO.yaml
2026-04-17 16:59:04,152 - INFO - Configuration Summary:
2026-04-17 16:59:04,152 - INFO -   alpha                = 0.2
2026-04-17 16:59:04,152 - INFO -   batch_size           = 1024
2026-04-17 16:59:04,152 - INFO -   dataset              = YAGO
2026-04-17 16:59:04,152 - INFO -   description          = yago_hard
2026-04-17 16:59:04,152 - INFO -   dropout              = 0.5
2026-04-17 16:59:04,152 - INFO -   embedding_dim        = 200
2026-04-17 16:59:04,152 - INFO -   eva_dir              = SAVE
2026-04-17 16:59:04,152 - INFO -   filtering            = True
2026-04-17 16:59:04,152 - INFO -   gpu_id               = 0
2026-04-17 16:59:04,152 - INFO -   grad_norm            = 1.0
2026-04-17 16:59:04,152 - INFO -   lambdax              = 2
2026-04-17 16:59:04,152 - INFO -   lr                   = 0.001
2026-04-17 16:59:04,152 - INFO -   max_epochs           = 30
2026-04-17 16:59:04,152 - INFO -   model_dir            = 
2026-04-17 16:59:04,152 - INFO -   only_eva             = False
2026-04-17 16:59:04,152 - INFO -   only_oracle          = False
2026-04-17 16:59:04,152 - INFO -   oracle_epochs        = 20
2026-04-17 16:59:04,152 - INFO -   oracle_lr            = 0.001
2026-04-17 16:59:04,152 - INFO -   oracle_mode          = hard
2026-04-17 16:59:04,152 - INFO -   save_dir             = SAVE
2026-04-17 16:59:04,152 - INFO -   use_cuda             = True
2026-04-17 16:59:04,152 - INFO -   valid_epochs         = 5
2026-04-17 16:59:04,152 - INFO -   weight_decay         = 1e-05
2026-04-17 16:59:04,152 - INFO - 
2026-04-17 16:59:04,152 - INFO - Saved config to: SAVE/yago_hard17-04-2026,16-59-04YAGO-EPOCH30/default.yaml
2026-04-17 16:59:04,152 - INFO - Saved config to: SAVE/yago_hard17-04-2026,16-59-04YAGO-EPOCH30/YAGO.yaml
2026-04-17 16:59:04,152 - INFO - Model Information:
2026-04-17 16:59:04,153 - INFO -   Total Parameters: 5,097,001
2026-04-17 16:59:04,153 - INFO -   Trainable Parameters: 5,097,001
2026-04-17 16:59:04,153 - INFO -   GPU Memory Reserved: 0.02 GB
2026-04-17 16:59:04,153 - INFO -   GPU Memory Allocated: 0.02 GB
2026-04-17 16:59:04,153 - INFO -   GPU Memory Peak: 0.02 GB
2026-04-17 16:59:04,153 - INFO - Epoch 1/30
2026-04-17 16:59:09,105 - INFO - [TRAIN] Epoch 1: Loss = 5.923394 (Time: 4.95s)
2026-04-17 16:59:09,122 - INFO - [VRAM] Peak: 0.21GB | Reserved: 0.26GB
2026-04-17 16:59:09,122 - INFO - Epoch 2/30
2026-04-17 16:59:13,994 - INFO - [TRAIN] Epoch 2: Loss = 5.813200 (Time: 4.87s)
2026-04-17 16:59:14,011 - INFO - [VRAM] Peak: 0.21GB | Reserved: 0.26GB
2026-04-17 16:59:14,011 - INFO - Epoch 3/30
2026-04-17 16:59:18,725 - INFO - [TRAIN] Epoch 3: Loss = 5.770091 (Time: 4.71s)
2026-04-17 16:59:18,742 - INFO - [VRAM] Peak: 0.21GB | Reserved: 0.27GB
2026-04-17 16:59:18,742 - INFO - Epoch 4/30
2026-04-17 16:59:23,456 - INFO - [TRAIN] Epoch 4: Loss = 5.743556 (Time: 4.71s)
2026-04-17 16:59:23,473 - INFO - [VRAM] Peak: 0.21GB | Reserved: 0.27GB
2026-04-17 16:59:23,473 - INFO - Epoch 5/30
2026-04-17 16:59:28,192 - INFO - [TRAIN] Epoch 5: Loss = 5.722265 (Time: 4.72s)
2026-04-17 16:59:28,209 - INFO - [VRAM] Peak: 0.21GB | Reserved: 0.26GB
2026-04-17 16:59:28,209 - INFO - [VALIDATION] Epoch 5
2026-04-17 17:00:36,958 - INFO -   [No Oracle Filtering]
2026-04-17 17:00:36,958 - INFO -     Subject test MRR (lk): 0.828570
2026-04-17 17:00:36,958 - INFO -     Subject test MR (lk): 159.572299
2026-04-17 17:00:36,959 - INFO -     Subject test Hits (lk) @ 1: 0.811146
2026-04-17 17:00:36,959 - INFO -     Subject test Hits (lk) @ 3: 0.837320
2026-04-17 17:00:36,959 - INFO -     Subject test Hits (lk) @ 10: 0.860370
2026-04-17 17:00:36,959 - INFO -     Object test MRR (lk): 0.830991
2026-04-17 17:00:36,959 - INFO -     Object test MR (lk): 197.043846
2026-04-17 17:00:36,959 - INFO -     Object test Hits (lk) @ 1: 0.823337
2026-04-17 17:00:36,959 - INFO -     Object test Hits (lk) @ 3: 0.834759
2026-04-17 17:00:36,959 - INFO -     Object test Hits (lk) @ 10: 0.843415
2026-04-17 17:00:36,960 - INFO -     ALL test MRR (lk): 0.829780
2026-04-17 17:00:36,960 - INFO -     ALL test MR (lk): 178.308073
2026-04-17 17:00:36,960 - INFO -     ALL test Hits (lk) @ 1: 0.817241
2026-04-17 17:00:36,960 - INFO -     ALL test Hits (lk) @ 3: 0.836040
2026-04-17 17:00:36,960 - INFO -     ALL test Hits (lk) @ 10: 0.851893
2026-04-17 17:00:36,960 - INFO -   [Ground Truth Oracle]
2026-04-17 17:00:36,961 - INFO -     Subject test MRR (lk): 0.891843
2026-04-17 17:00:36,961 - INFO -     Subject test MR (lk): 151.072223
2026-04-17 17:00:36,961 - INFO -     Subject test Hits (lk) @ 1: 0.888337
2026-04-17 17:00:36,961 - INFO -     Subject test Hits (lk) @ 3: 0.892639
2026-04-17 17:00:36,961 - INFO -     Subject test Hits (lk) @ 10: 0.896584
2026-04-17 17:00:36,961 - INFO -     Object test MRR (lk): 0.887166
2026-04-17 17:00:36,962 - INFO -     Object test MR (lk): 182.243969
2026-04-17 17:00:36,962 - INFO -     Object test Hits (lk) @ 1: 0.885776
2026-04-17 17:00:36,962 - INFO -     Object test Hits (lk) @ 3: 0.886698
2026-04-17 17:00:36,962 - INFO -     Object test Hits (lk) @ 10: 0.888695
2026-04-17 17:00:36,963 - INFO -     ALL test MRR (lk): 0.889504
2026-04-17 17:00:36,963 - INFO -     ALL test MR (lk): 166.658096
2026-04-17 17:00:36,963 - INFO -     ALL test Hits (lk) @ 1: 0.887056
2026-04-17 17:00:36,963 - INFO -     ALL test Hits (lk) @ 3: 0.889669
2026-04-17 17:00:36,963 - INFO -     ALL test Hits (lk) @ 10: 0.892639
2026-04-17 17:00:36,975 - INFO -   Model improved! Best MRR = 0.889504
2026-04-17 17:00:36,976 - INFO - Epoch 6/30
2026-04-17 17:00:41,714 - INFO - [TRAIN] Epoch 6: Loss = 5.705523 (Time: 4.74s)
2026-04-17 17:00:41,731 - INFO - [VRAM] Peak: 0.21GB | Reserved: 0.27GB
2026-04-17 17:00:41,731 - INFO - Epoch 7/30
2026-04-17 17:00:46,548 - INFO - [TRAIN] Epoch 7: Loss = 5.692521 (Time: 4.82s)
2026-04-17 17:00:46,565 - INFO - [VRAM] Peak: 0.21GB | Reserved: 0.27GB
2026-04-17 17:00:46,565 - INFO - Epoch 8/30
2026-04-17 17:00:51,334 - INFO - [TRAIN] Epoch 8: Loss = 5.679962 (Time: 4.77s)
2026-04-17 17:00:51,351 - INFO - [VRAM] Peak: 0.21GB | Reserved: 0.26GB
2026-04-17 17:00:51,351 - INFO - Epoch 9/30
2026-04-17 17:00:56,133 - INFO - [TRAIN] Epoch 9: Loss = 5.667299 (Time: 4.78s)
2026-04-17 17:00:56,151 - INFO - [VRAM] Peak: 0.21GB | Reserved: 0.27GB
2026-04-17 17:00:56,151 - INFO - Epoch 10/30
2026-04-17 17:01:00,994 - INFO - [TRAIN] Epoch 10: Loss = 5.655165 (Time: 4.84s)
2026-04-17 17:01:01,012 - INFO - [VRAM] Peak: 0.21GB | Reserved: 0.27GB
2026-04-17 17:01:01,012 - INFO - [VALIDATION] Epoch 10
2026-04-17 17:02:10,907 - INFO -   [No Oracle Filtering]
2026-04-17 17:02:10,908 - INFO -     Subject test MRR (lk): 0.846621
2026-04-17 17:02:10,908 - INFO -     Subject test MR (lk): 148.800517
2026-04-17 17:02:10,908 - INFO -     Subject test Hits (lk) @ 1: 0.835015
2026-04-17 17:02:10,908 - INFO -     Subject test Hits (lk) @ 3: 0.851355
2026-04-17 17:02:10,908 - INFO -     Subject test Hits (lk) @ 10: 0.865697
2026-04-17 17:02:10,909 - INFO -     Object test MRR (lk): 0.839437
2026-04-17 17:02:10,909 - INFO -     Object test MR (lk): 174.402551
2026-04-17 17:02:10,909 - INFO -     Object test Hits (lk) @ 1: 0.834247
2026-04-17 17:02:10,909 - INFO -     Object test Hits (lk) @ 3: 0.839625
2026-04-17 17:02:10,909 - INFO -     Object test Hits (lk) @ 10: 0.847974
2026-04-17 17:02:10,910 - INFO -     ALL test MRR (lk): 0.843029
2026-04-17 17:02:10,910 - INFO -     ALL test MR (lk): 161.601534
2026-04-17 17:02:10,910 - INFO -     ALL test Hits (lk) @ 1: 0.834631
2026-04-17 17:02:10,910 - INFO -     ALL test Hits (lk) @ 3: 0.845490
2026-04-17 17:02:10,910 - INFO -     ALL test Hits (lk) @ 10: 0.856836
2026-04-17 17:02:10,910 - INFO -   [Ground Truth Oracle]
2026-04-17 17:02:10,910 - INFO -     Subject test MRR (lk): 0.891825
2026-04-17 17:02:10,910 - INFO -     Subject test MR (lk): 138.903626
2026-04-17 17:02:10,910 - INFO -     Subject test Hits (lk) @ 1: 0.887620
2026-04-17 17:02:10,910 - INFO -     Subject test Hits (lk) @ 3: 0.892896
2026-04-17 17:02:10,911 - INFO -     Subject test Hits (lk) @ 10: 0.897915
2026-04-17 17:02:10,911 - INFO -     Object test MRR (lk): 0.887813
2026-04-17 17:02:10,911 - INFO -     Object test MR (lk): 160.284178
2026-04-17 17:02:10,911 - INFO -     Object test Hits (lk) @ 1: 0.886237
2026-04-17 17:02:10,911 - INFO -     Object test Hits (lk) @ 3: 0.887312
2026-04-17 17:02:10,911 - INFO -     Object test Hits (lk) @ 10: 0.889464
2026-04-17 17:02:10,912 - INFO -     ALL test MRR (lk): 0.889819
2026-04-17 17:02:10,912 - INFO -     ALL test MR (lk): 149.593902
2026-04-17 17:02:10,912 - INFO -     ALL test Hits (lk) @ 1: 0.886928
2026-04-17 17:02:10,912 - INFO -     ALL test Hits (lk) @ 3: 0.890104
2026-04-17 17:02:10,912 - INFO -     ALL test Hits (lk) @ 10: 0.893689
2026-04-17 17:02:10,931 - INFO -   Model improved! Best MRR = 0.889819
2026-04-17 17:02:10,933 - INFO - Epoch 11/30
2026-04-17 17:02:15,786 - INFO - [TRAIN] Epoch 11: Loss = 5.644625 (Time: 4.85s)
2026-04-17 17:02:15,803 - INFO - [VRAM] Peak: 0.21GB | Reserved: 0.27GB
2026-04-17 17:02:15,803 - INFO - Epoch 12/30
2026-04-17 17:02:20,715 - INFO - [TRAIN] Epoch 12: Loss = 5.635776 (Time: 4.91s)
2026-04-17 17:02:20,732 - INFO - [VRAM] Peak: 0.21GB | Reserved: 0.27GB
2026-04-17 17:02:20,733 - INFO - Epoch 13/30
2026-04-17 17:02:25,496 - INFO - [TRAIN] Epoch 13: Loss = 5.628554 (Time: 4.76s)
2026-04-17 17:02:25,513 - INFO - [VRAM] Peak: 0.21GB | Reserved: 0.27GB
2026-04-17 17:02:25,513 - INFO - Epoch 14/30
2026-04-17 17:02:30,302 - INFO - [TRAIN] Epoch 14: Loss = 5.622904 (Time: 4.79s)
2026-04-17 17:02:30,320 - INFO - [VRAM] Peak: 0.21GB | Reserved: 0.27GB
2026-04-17 17:02:30,320 - INFO - Epoch 15/30
2026-04-17 17:02:35,071 - INFO - [TRAIN] Epoch 15: Loss = 5.618376 (Time: 4.75s)
2026-04-17 17:02:35,088 - INFO - [VRAM] Peak: 0.21GB | Reserved: 0.27GB
2026-04-17 17:02:35,088 - INFO - [VALIDATION] Epoch 15
2026-04-17 17:03:45,137 - INFO -   [No Oracle Filtering]
2026-04-17 17:03:45,138 - INFO -     Subject test MRR (lk): 0.843569
2026-04-17 17:03:45,138 - INFO -     Subject test MR (lk): 143.345157
2026-04-17 17:03:45,138 - INFO -     Subject test Hits (lk) @ 1: 0.830661
2026-04-17 17:03:45,138 - INFO -     Subject test Hits (lk) @ 3: 0.847974
2026-04-17 17:03:45,138 - INFO -     Subject test Hits (lk) @ 10: 0.866414
2026-04-17 17:03:45,138 - INFO -     Object test MRR (lk): 0.835283
2026-04-17 17:03:45,138 - INFO -     Object test MR (lk): 168.623880
2026-04-17 17:03:45,138 - INFO -     Object test Hits (lk) @ 1: 0.827486
2026-04-17 17:03:45,138 - INFO -     Object test Hits (lk) @ 3: 0.837474
2026-04-17 17:03:45,138 - INFO -     Object test Hits (lk) @ 10: 0.849101
2026-04-17 17:03:45,139 - INFO -     ALL test MRR (lk): 0.839426
2026-04-17 17:03:45,139 - INFO -     ALL test MR (lk): 155.984518
2026-04-17 17:03:45,139 - INFO -     ALL test Hits (lk) @ 1: 0.829073
2026-04-17 17:03:45,139 - INFO -     ALL test Hits (lk) @ 3: 0.842724
2026-04-17 17:03:45,140 - INFO -     ALL test Hits (lk) @ 10: 0.857758
2026-04-17 17:03:45,140 - INFO -   [Ground Truth Oracle]
2026-04-17 17:03:45,140 - INFO -     Subject test MRR (lk): 0.892513
2026-04-17 17:03:45,140 - INFO -     Subject test MR (lk): 133.205527
2026-04-17 17:03:45,140 - INFO -     Subject test Hits (lk) @ 1: 0.887620
2026-04-17 17:03:45,140 - INFO -     Subject test Hits (lk) @ 3: 0.893305
2026-04-17 17:03:45,140 - INFO -     Subject test Hits (lk) @ 10: 0.899964
2026-04-17 17:03:45,141 - INFO -     Object test MRR (lk): 0.888356
2026-04-17 17:03:45,141 - INFO -     Object test MR (lk): 155.875429
2026-04-17 17:03:45,141 - INFO -     Object test Hits (lk) @ 1: 0.886237
2026-04-17 17:03:45,141 - INFO -     Object test Hits (lk) @ 3: 0.887825
2026-04-17 17:03:45,141 - INFO -     Object test Hits (lk) @ 10: 0.890795
2026-04-17 17:03:45,142 - INFO -     ALL test MRR (lk): 0.890435
2026-04-17 17:03:45,142 - INFO -     ALL test MR (lk): 144.540478
2026-04-17 17:03:45,142 - INFO -     ALL test Hits (lk) @ 1: 0.886928
2026-04-17 17:03:45,142 - INFO -     ALL test Hits (lk) @ 3: 0.890565
2026-04-17 17:03:45,142 - INFO -     ALL test Hits (lk) @ 10: 0.895380
2026-04-17 17:03:45,169 - INFO -   Model improved! Best MRR = 0.890435
2026-04-17 17:03:45,170 - INFO - Epoch 16/30
2026-04-17 17:03:49,917 - INFO - [TRAIN] Epoch 16: Loss = 5.614750 (Time: 4.75s)
2026-04-17 17:03:49,935 - INFO - [VRAM] Peak: 0.21GB | Reserved: 0.27GB
2026-04-17 17:03:49,935 - INFO - Epoch 17/30
2026-04-17 17:03:54,707 - INFO - [TRAIN] Epoch 17: Loss = 5.611568 (Time: 4.77s)
2026-04-17 17:03:54,724 - INFO - [VRAM] Peak: 0.21GB | Reserved: 0.27GB
2026-04-17 17:03:54,724 - INFO - Epoch 18/30
2026-04-17 17:03:59,442 - INFO - [TRAIN] Epoch 18: Loss = 5.608791 (Time: 4.72s)
2026-04-17 17:03:59,460 - INFO - [VRAM] Peak: 0.21GB | Reserved: 0.27GB
2026-04-17 17:03:59,460 - INFO - Epoch 19/30
2026-04-17 17:04:04,335 - INFO - [TRAIN] Epoch 19: Loss = 5.606242 (Time: 4.87s)
2026-04-17 17:04:04,352 - INFO - [VRAM] Peak: 0.21GB | Reserved: 0.27GB
2026-04-17 17:04:04,352 - INFO - Epoch 20/30
2026-04-17 17:04:09,109 - INFO - [TRAIN] Epoch 20: Loss = 5.603865 (Time: 4.76s)
2026-04-17 17:04:09,126 - INFO - [VRAM] Peak: 0.21GB | Reserved: 0.27GB
2026-04-17 17:04:09,126 - INFO - [VALIDATION] Epoch 20
2026-04-17 17:05:18,101 - INFO -   [No Oracle Filtering]
2026-04-17 17:05:18,102 - INFO -     Subject test MRR (lk): 0.838795
2026-04-17 17:05:18,102 - INFO -     Subject test MR (lk): 143.761871
2026-04-17 17:05:18,102 - INFO -     Subject test Hits (lk) @ 1: 0.825027
2026-04-17 17:05:18,102 - INFO -     Subject test Hits (lk) @ 3: 0.843620
2026-04-17 17:05:18,102 - INFO -     Subject test Hits (lk) @ 10: 0.863597
2026-04-17 17:05:18,103 - INFO -     Object test MRR (lk): 0.831328
2026-04-17 17:05:18,103 - INFO -     Object test MR (lk): 167.952338
2026-04-17 17:05:18,103 - INFO -     Object test Hits (lk) @ 1: 0.821954
2026-04-17 17:05:18,103 - INFO -     Object test Hits (lk) @ 3: 0.833991
2026-04-17 17:05:18,103 - INFO -     Object test Hits (lk) @ 10: 0.847821
2026-04-17 17:05:18,104 - INFO -     ALL test MRR (lk): 0.835062
2026-04-17 17:05:18,104 - INFO -     ALL test MR (lk): 155.857104
2026-04-17 17:05:18,104 - INFO -     ALL test Hits (lk) @ 1: 0.823490
2026-04-17 17:05:18,104 - INFO -     ALL test Hits (lk) @ 3: 0.838806
2026-04-17 17:05:18,104 - INFO -     ALL test Hits (lk) @ 10: 0.855709
2026-04-17 17:05:18,104 - INFO -   [Ground Truth Oracle]
2026-04-17 17:05:18,104 - INFO -     Subject test MRR (lk): 0.892839
2026-04-17 17:05:18,104 - INFO -     Subject test MR (lk): 133.779030
2026-04-17 17:05:18,105 - INFO -     Subject test Hits (lk) @ 1: 0.887415
2026-04-17 17:05:18,105 - INFO -     Subject test Hits (lk) @ 3: 0.893869
2026-04-17 17:05:18,105 - INFO -     Subject test Hits (lk) @ 10: 0.900886
2026-04-17 17:05:18,105 - INFO -     Object test MRR (lk): 0.888719
2026-04-17 17:05:18,105 - INFO -     Object test MR (lk): 156.490575
2026-04-17 17:05:18,105 - INFO -     Object test Hits (lk) @ 1: 0.886390
2026-04-17 17:05:18,105 - INFO -     Object test Hits (lk) @ 3: 0.888183
2026-04-17 17:05:18,105 - INFO -     Object test Hits (lk) @ 10: 0.892127
2026-04-17 17:05:18,106 - INFO -     ALL test MRR (lk): 0.890779
2026-04-17 17:05:18,106 - INFO -     ALL test MR (lk): 145.134803
2026-04-17 17:05:18,106 - INFO -     ALL test Hits (lk) @ 1: 0.886903
2026-04-17 17:05:18,106 - INFO -     ALL test Hits (lk) @ 3: 0.891026
2026-04-17 17:05:18,106 - INFO -     ALL test Hits (lk) @ 10: 0.896507
2026-04-17 17:05:18,122 - INFO -   Model improved! Best MRR = 0.890779
2026-04-17 17:05:18,124 - INFO - Epoch 21/30
2026-04-17 17:05:22,939 - INFO - [TRAIN] Epoch 21: Loss = 5.601804 (Time: 4.82s)
2026-04-17 17:05:22,956 - INFO - [VRAM] Peak: 0.21GB | Reserved: 0.27GB
2026-04-17 17:05:22,957 - INFO - Epoch 22/30
2026-04-17 17:05:27,793 - INFO - [TRAIN] Epoch 22: Loss = 5.599660 (Time: 4.84s)
2026-04-17 17:05:27,810 - INFO - [VRAM] Peak: 0.21GB | Reserved: 0.27GB
2026-04-17 17:05:27,811 - INFO - Epoch 23/30
2026-04-17 17:05:32,562 - INFO - [TRAIN] Epoch 23: Loss = 5.597774 (Time: 4.75s)
2026-04-17 17:05:32,579 - INFO - [VRAM] Peak: 0.21GB | Reserved: 0.27GB
2026-04-17 17:05:32,579 - INFO - Epoch 24/30
2026-04-17 17:05:37,325 - INFO - [TRAIN] Epoch 24: Loss = 5.596031 (Time: 4.75s)
2026-04-17 17:05:37,343 - INFO - [VRAM] Peak: 0.21GB | Reserved: 0.27GB
2026-04-17 17:05:37,343 - INFO - Epoch 25/30
2026-04-17 17:05:42,092 - INFO - [TRAIN] Epoch 25: Loss = 5.594319 (Time: 4.75s)
2026-04-17 17:05:42,110 - INFO - [VRAM] Peak: 0.21GB | Reserved: 0.27GB
2026-04-17 17:05:42,110 - INFO - [VALIDATION] Epoch 25
2026-04-17 17:06:52,435 - INFO -   [No Oracle Filtering]
2026-04-17 17:06:52,435 - INFO -     Subject test MRR (lk): 0.835803
2026-04-17 17:06:52,436 - INFO -     Subject test MR (lk): 143.579445
2026-04-17 17:06:52,436 - INFO -     Subject test Hits (lk) @ 1: 0.820263
2026-04-17 17:06:52,436 - INFO -     Subject test Hits (lk) @ 3: 0.841418
2026-04-17 17:06:52,436 - INFO -     Subject test Hits (lk) @ 10: 0.863955
2026-04-17 17:06:52,436 - INFO -     Object test MRR (lk): 0.829486
2026-04-17 17:06:52,436 - INFO -     Object test MR (lk): 167.303821
2026-04-17 17:06:52,436 - INFO -     Object test Hits (lk) @ 1: 0.819034
2026-04-17 17:06:52,436 - INFO -     Object test Hits (lk) @ 3: 0.832915
2026-04-17 17:06:52,436 - INFO -     Object test Hits (lk) @ 10: 0.846796
2026-04-17 17:06:52,437 - INFO -     ALL test MRR (lk): 0.832645
2026-04-17 17:06:52,437 - INFO -     ALL test MR (lk): 155.441633
2026-04-17 17:06:52,437 - INFO -     ALL test Hits (lk) @ 1: 0.819649
2026-04-17 17:06:52,437 - INFO -     ALL test Hits (lk) @ 3: 0.837166
2026-04-17 17:06:52,438 - INFO -     ALL test Hits (lk) @ 10: 0.855376
2026-04-17 17:06:52,438 - INFO -   [Ground Truth Oracle]
2026-04-17 17:06:52,438 - INFO -     Subject test MRR (lk): 0.892905
2026-04-17 17:06:52,438 - INFO -     Subject test MR (lk): 134.127004
2026-04-17 17:06:52,438 - INFO -     Subject test Hits (lk) @ 1: 0.887261
2026-04-17 17:06:52,438 - INFO -     Subject test Hits (lk) @ 3: 0.894074
2026-04-17 17:06:52,438 - INFO -     Subject test Hits (lk) @ 10: 0.901706
2026-04-17 17:06:52,439 - INFO -     Object test MRR (lk): 0.888950
2026-04-17 17:06:52,439 - INFO -     Object test MR (lk): 157.355683
2026-04-17 17:06:52,439 - INFO -     Object test Hits (lk) @ 1: 0.886544
2026-04-17 17:06:52,439 - INFO -     Object test Hits (lk) @ 3: 0.888388
2026-04-17 17:06:52,439 - INFO -     Object test Hits (lk) @ 10: 0.892332
2026-04-17 17:06:52,440 - INFO -     ALL test MRR (lk): 0.890927
2026-04-17 17:06:52,440 - INFO -     ALL test MR (lk): 145.741344
2026-04-17 17:06:52,440 - INFO -     ALL test Hits (lk) @ 1: 0.886903
2026-04-17 17:06:52,440 - INFO -     ALL test Hits (lk) @ 3: 0.891231
2026-04-17 17:06:52,440 - INFO -     ALL test Hits (lk) @ 10: 0.897019
2026-04-17 17:06:52,460 - INFO -   Model improved! Best MRR = 0.890927
2026-04-17 17:06:52,461 - INFO - Epoch 26/30
2026-04-17 17:06:57,249 - INFO - [TRAIN] Epoch 26: Loss = 5.592661 (Time: 4.79s)
2026-04-17 17:06:57,266 - INFO - [VRAM] Peak: 0.21GB | Reserved: 0.27GB
2026-04-17 17:06:57,267 - INFO - Epoch 27/30
2026-04-17 17:07:02,039 - INFO - [TRAIN] Epoch 27: Loss = 5.591367 (Time: 4.77s)
2026-04-17 17:07:02,057 - INFO - [VRAM] Peak: 0.21GB | Reserved: 0.27GB
2026-04-17 17:07:02,057 - INFO - Epoch 28/30
2026-04-17 17:07:06,788 - INFO - [TRAIN] Epoch 28: Loss = 5.589914 (Time: 4.73s)
2026-04-17 17:07:06,805 - INFO - [VRAM] Peak: 0.21GB | Reserved: 0.27GB
2026-04-17 17:07:06,805 - INFO - Epoch 29/30
2026-04-17 17:07:11,517 - INFO - [TRAIN] Epoch 29: Loss = 5.588773 (Time: 4.71s)
2026-04-17 17:07:11,535 - INFO - [VRAM] Peak: 0.21GB | Reserved: 0.27GB
2026-04-17 17:07:11,535 - INFO - Epoch 30/30
2026-04-17 17:07:16,229 - INFO - [TRAIN] Epoch 30: Loss = 5.587619 (Time: 4.69s)
2026-04-17 17:07:16,246 - INFO - [VRAM] Peak: 0.21GB | Reserved: 0.27GB
2026-04-17 17:07:16,246 - INFO - [VALIDATION] Epoch 30
2026-04-17 17:08:26,181 - INFO -   [No Oracle Filtering]
2026-04-17 17:08:26,182 - INFO -     Subject test MRR (lk): 0.834189
2026-04-17 17:08:26,182 - INFO -     Subject test MR (lk): 145.917994
2026-04-17 17:08:26,182 - INFO -     Subject test Hits (lk) @ 1: 0.818214
2026-04-17 17:08:26,182 - INFO -     Subject test Hits (lk) @ 3: 0.840393
2026-04-17 17:08:26,182 - INFO -     Subject test Hits (lk) @ 10: 0.863085
2026-04-17 17:08:26,182 - INFO -     Object test MRR (lk): 0.828990
2026-04-17 17:08:26,182 - INFO -     Object test MR (lk): 168.025483
2026-04-17 17:08:26,183 - INFO -     Object test Hits (lk) @ 1: 0.818061
2026-04-17 17:08:26,183 - INFO -     Object test Hits (lk) @ 3: 0.831993
2026-04-17 17:08:26,183 - INFO -     Object test Hits (lk) @ 10: 0.848025
2026-04-17 17:08:26,184 - INFO -     ALL test MRR (lk): 0.831589
2026-04-17 17:08:26,184 - INFO -     ALL test MR (lk): 156.971738
2026-04-17 17:08:26,184 - INFO -     ALL test Hits (lk) @ 1: 0.818138
2026-04-17 17:08:26,184 - INFO -     ALL test Hits (lk) @ 3: 0.836193
2026-04-17 17:08:26,184 - INFO -     ALL test Hits (lk) @ 10: 0.855555
2026-04-17 17:08:26,184 - INFO -   [Ground Truth Oracle]
2026-04-17 17:08:26,184 - INFO -     Subject test MRR (lk): 0.892914
2026-04-17 17:08:26,184 - INFO -     Subject test MR (lk): 137.196640
2026-04-17 17:08:26,184 - INFO -     Subject test Hits (lk) @ 1: 0.886851
2026-04-17 17:08:26,184 - INFO -     Subject test Hits (lk) @ 3: 0.894535
2026-04-17 17:08:26,184 - INFO -     Subject test Hits (lk) @ 10: 0.902423
2026-04-17 17:08:26,185 - INFO -     Object test MRR (lk): 0.889209
2026-04-17 17:08:26,185 - INFO -     Object test MR (lk): 158.634098
2026-04-17 17:08:26,185 - INFO -     Object test Hits (lk) @ 1: 0.886698
2026-04-17 17:08:26,185 - INFO -     Object test Hits (lk) @ 3: 0.888439
2026-04-17 17:08:26,185 - INFO -     Object test Hits (lk) @ 10: 0.892793
2026-04-17 17:08:26,186 - INFO -     ALL test MRR (lk): 0.891062
2026-04-17 17:08:26,186 - INFO -     ALL test MR (lk): 147.915369
2026-04-17 17:08:26,186 - INFO -     ALL test Hits (lk) @ 1: 0.886775
2026-04-17 17:08:26,186 - INFO -     ALL test Hits (lk) @ 3: 0.891487
2026-04-17 17:08:26,186 - INFO -     ALL test Hits (lk) @ 10: 0.897608
2026-04-17 17:08:26,206 - INFO -   Model improved! Best MRR = 0.891062
2026-04-17 17:08:26,207 - INFO - Training completed!
2026-04-17 17:08:26,213 - INFO - [ORACLE TRAINING PHASE]
2026-04-17 17:08:26,213 - INFO - Starting Oracle training...
2026-04-17 17:08:29,145 - INFO - [ORACLE] Epoch 1: Loss = 45.860504 (Time: 2.93s)
2026-04-17 17:08:32,012 - INFO - [ORACLE] Epoch 2: Loss = 5.645584 (Time: 2.87s)
2026-04-17 17:08:34,887 - INFO - [ORACLE] Epoch 3: Loss = 4.585439 (Time: 2.88s)
2026-04-17 17:08:37,784 - INFO - [ORACLE] Epoch 4: Loss = 3.616463 (Time: 2.90s)
2026-04-17 17:08:40,650 - INFO - [ORACLE] Epoch 5: Loss = 2.658652 (Time: 2.87s)
2026-04-17 17:08:43,535 - INFO - [ORACLE] Epoch 6: Loss = 1.712028 (Time: 2.89s)
2026-04-17 17:08:46,646 - INFO - [ORACLE] Epoch 7: Loss = 0.900919 (Time: 3.11s)
2026-04-17 17:08:49,822 - INFO - [ORACLE] Epoch 8: Loss = 0.746471 (Time: 3.18s)
2026-04-17 17:08:52,808 - INFO - [ORACLE] Epoch 9: Loss = 0.719173 (Time: 2.99s)
2026-04-17 17:08:55,956 - INFO - [ORACLE] Epoch 10: Loss = 0.716563 (Time: 3.15s)
2026-04-17 17:08:59,204 - INFO - [ORACLE] Epoch 11: Loss = 0.711969 (Time: 3.25s)
2026-04-17 17:09:02,282 - INFO - [ORACLE] Epoch 12: Loss = 0.701257 (Time: 3.08s)
2026-04-17 17:09:05,264 - INFO - [ORACLE] Epoch 13: Loss = 0.694003 (Time: 2.98s)
2026-04-17 17:09:08,164 - INFO - [ORACLE] Epoch 14: Loss = 0.707495 (Time: 2.90s)
2026-04-17 17:09:11,175 - INFO - [ORACLE] Epoch 15: Loss = 0.696533 (Time: 3.01s)
2026-04-17 17:09:14,139 - INFO - [ORACLE] Epoch 16: Loss = 0.696004 (Time: 2.96s)
2026-04-17 17:09:17,130 - INFO - [ORACLE] Epoch 17: Loss = 0.702251 (Time: 2.99s)
2026-04-17 17:09:20,093 - INFO - [ORACLE] Epoch 18: Loss = 0.694872 (Time: 2.96s)
2026-04-17 17:09:23,039 - INFO - [ORACLE] Epoch 19: Loss = 0.701310 (Time: 2.95s)
2026-04-17 17:09:26,000 - INFO - [ORACLE] Epoch 20: Loss = 0.696727 (Time: 2.96s)
2026-04-17 17:09:26,000 - INFO - Oracle training completed!
2026-04-17 17:09:26,029 - INFO - [TEST PHASE]
2026-04-17 17:09:26,029 - INFO - Testing starts...
2026-04-17 17:10:40,921 - INFO - Test Results (Oracle):
2026-04-17 17:10:40,922 - INFO -     Subject test MRR (lk): 0.841048
2026-04-17 17:10:40,922 - INFO -     Subject test MR (lk): 750.286702
2026-04-17 17:10:40,922 - INFO -     Subject test Hits (lk) @ 1: 0.837311
2026-04-17 17:10:40,922 - INFO -     Subject test Hits (lk) @ 3: 0.843454
2026-04-17 17:10:40,922 - INFO -     Subject test Hits (lk) @ 10: 0.846000
2026-04-17 17:10:40,923 - INFO -     Object test MRR (lk): 0.839601
2026-04-17 17:10:40,923 - INFO -     Object test MR (lk): 797.992959
2026-04-17 17:10:40,923 - INFO -     Object test Hits (lk) @ 1: 0.839109
2026-04-17 17:10:40,923 - INFO -     Object test Hits (lk) @ 3: 0.839609
2026-04-17 17:10:40,923 - INFO -     Object test Hits (lk) @ 10: 0.840407
2026-04-17 17:10:40,924 - INFO -     ALL test MRR (lk): 0.840325
2026-04-17 17:10:40,924 - INFO -     ALL test MR (lk): 774.139831
2026-04-17 17:10:40,924 - INFO -     ALL test Hits (lk) @ 1: 0.838210
2026-04-17 17:10:40,924 - INFO -     ALL test Hits (lk) @ 3: 0.841531
2026-04-17 17:10:40,924 - INFO -     ALL test Hits (lk) @ 10: 0.843204
2026-04-17 17:10:40,924 - INFO - Testing completed! (Time: 74.89s)
