2026-04-18 04:32:05,588 - INFO - Loading configuration...
2026-04-18 04:32:05,588 - INFO - Loaded config from: configs/default.yaml
2026-04-18 04:32:05,588 - INFO - Loaded config from: configs/YAGO.yaml
2026-04-18 04:32:05,588 - INFO - Configuration Summary:
2026-04-18 04:32:05,588 - INFO -   alpha                = 0.2
2026-04-18 04:32:05,588 - INFO -   batch_size           = 1024
2026-04-18 04:32:05,588 - INFO -   dataset              = YAGO
2026-04-18 04:32:05,588 - INFO -   description          = yago_hard
2026-04-18 04:32:05,588 - INFO -   device               = cuda:0
2026-04-18 04:32:05,589 - INFO -   dropout              = 0.5
2026-04-18 04:32:05,589 - INFO -   embedding_dim        = 200
2026-04-18 04:32:05,589 - INFO -   eva_dir              = SAVE
2026-04-18 04:32:05,589 - INFO -   filtering            = True
2026-04-18 04:32:05,589 - INFO -   gpu_id               = 0
2026-04-18 04:32:05,589 - INFO -   grad_norm            = 1.0
2026-04-18 04:32:05,589 - INFO -   lambdax              = 2
2026-04-18 04:32:05,589 - INFO -   lr                   = 0.001
2026-04-18 04:32:05,589 - INFO -   max_epochs           = 30
2026-04-18 04:32:05,589 - INFO -   model_dir            = 
2026-04-18 04:32:05,589 - INFO -   only_eva             = False
2026-04-18 04:32:05,589 - INFO -   only_oracle          = False
2026-04-18 04:32:05,589 - INFO -   oracle_epochs        = 20
2026-04-18 04:32:05,589 - INFO -   oracle_lr            = 0.001
2026-04-18 04:32:05,589 - INFO -   oracle_mode          = hard
2026-04-18 04:32:05,589 - INFO -   save_dir             = SAVE
2026-04-18 04:32:05,589 - INFO -   seed                 = 987
2026-04-18 04:32:05,589 - INFO -   use_cuda             = True
2026-04-18 04:32:05,589 - INFO -   use_seed             = True
2026-04-18 04:32:05,589 - INFO -   valid_epochs         = 5
2026-04-18 04:32:05,589 - INFO -   weight_decay         = 1e-05
2026-04-18 04:32:05,589 - INFO - 
2026-04-18 04:32:05,589 - INFO - Saved config to: SAVE/yago_hard18-04-2026,04-32-05YAGO-EPOCH30/default.yaml
2026-04-18 04:32:05,590 - INFO - Saved config to: SAVE/yago_hard18-04-2026,04-32-05YAGO-EPOCH30/YAGO.yaml
2026-04-18 04:32:05,590 - INFO - Model Information:
2026-04-18 04:32:05,590 - INFO -   Total Parameters: 5,097,001
2026-04-18 04:32:05,590 - INFO -   Trainable Parameters: 5,097,001
2026-04-18 04:32:05,591 - INFO -   GPU Memory Reserved: 0.02 GB
2026-04-18 04:32:05,591 - INFO -   GPU Memory Allocated: 0.02 GB
2026-04-18 04:32:05,591 - INFO -   GPU Memory Peak: 0.02 GB
2026-04-18 04:32:05,591 - INFO - Epoch 1/30
