2026-04-17 17:17:07,007 - INFO - Loading configuration...
2026-04-17 17:17:07,007 - INFO - Loaded config from: configs/default.yaml
2026-04-17 17:17:07,007 - INFO - Loaded config from: configs/YAGO.yaml
2026-04-17 17:17:07,007 - INFO - Configuration Summary:
2026-04-17 17:17:07,007 - INFO -   alpha                = 0.2
2026-04-17 17:17:07,007 - INFO -   batch_size           = 1024
2026-04-17 17:17:07,007 - INFO -   dataset              = YAGO
2026-04-17 17:17:07,007 - INFO -   description          = yago_hard
2026-04-17 17:17:07,007 - INFO -   dropout              = 0.5
2026-04-17 17:17:07,007 - INFO -   embedding_dim        = 200
2026-04-17 17:17:07,007 - INFO -   eva_dir              = SAVE
2026-04-17 17:17:07,007 - INFO -   filtering            = True
2026-04-17 17:17:07,007 - INFO -   gpu_id               = 0
2026-04-17 17:17:07,007 - INFO -   grad_norm            = 1.0
2026-04-17 17:17:07,007 - INFO -   lambdax              = 2
2026-04-17 17:17:07,007 - INFO -   lr                   = 0.001
2026-04-17 17:17:07,007 - INFO -   max_epochs           = 30
2026-04-17 17:17:07,007 - INFO -   model_dir            = 
2026-04-17 17:17:07,007 - INFO -   only_eva             = False
2026-04-17 17:17:07,007 - INFO -   only_oracle          = False
2026-04-17 17:17:07,007 - INFO -   oracle_epochs        = 20
2026-04-17 17:17:07,007 - INFO -   oracle_lr            = 0.001
2026-04-17 17:17:07,007 - INFO -   oracle_mode          = hard
2026-04-17 17:17:07,007 - INFO -   save_dir             = SAVE
2026-04-17 17:17:07,007 - INFO -   use_cuda             = True
2026-04-17 17:17:07,007 - INFO -   valid_epochs         = 5
2026-04-17 17:17:07,007 - INFO -   weight_decay         = 1e-05
2026-04-17 17:17:07,007 - INFO - 
2026-04-17 17:17:07,008 - INFO - Saved config to: SAVE/yago_hard17-04-2026,17-17-07YAGO-EPOCH30/default.yaml
2026-04-17 17:17:07,008 - INFO - Saved config to: SAVE/yago_hard17-04-2026,17-17-07YAGO-EPOCH30/YAGO.yaml
2026-04-17 17:17:07,008 - INFO - Model Information:
2026-04-17 17:17:07,008 - INFO -   Total Parameters: 5,097,001
2026-04-17 17:17:07,008 - INFO -   Trainable Parameters: 5,097,001
2026-04-17 17:17:07,008 - INFO -   GPU Memory Reserved: 0.02 GB
2026-04-17 17:17:07,008 - INFO -   GPU Memory Allocated: 0.02 GB
2026-04-17 17:17:07,008 - INFO -   GPU Memory Peak: 0.02 GB
2026-04-17 17:17:07,008 - INFO - Epoch 1/30
2026-04-17 17:17:11,921 - INFO - [TRAIN] Epoch 1: Loss = 5.923394 (Time: 4.91s)
2026-04-17 17:17:11,938 - INFO - [VRAM] Peak: 0.21GB | Reserved: 0.26GB
2026-04-17 17:17:11,938 - INFO - Epoch 2/30
2026-04-17 17:17:16,679 - INFO - [TRAIN] Epoch 2: Loss = 5.813200 (Time: 4.74s)
2026-04-17 17:17:16,696 - INFO - [VRAM] Peak: 0.21GB | Reserved: 0.26GB
2026-04-17 17:17:16,696 - INFO - Epoch 3/30
2026-04-17 17:17:21,445 - INFO - [TRAIN] Epoch 3: Loss = 5.770091 (Time: 4.75s)
2026-04-17 17:17:21,462 - INFO - [VRAM] Peak: 0.21GB | Reserved: 0.27GB
2026-04-17 17:17:21,462 - INFO - Epoch 4/30
2026-04-17 17:17:26,291 - INFO - [TRAIN] Epoch 4: Loss = 5.743556 (Time: 4.83s)
2026-04-17 17:17:26,309 - INFO - [VRAM] Peak: 0.21GB | Reserved: 0.27GB
2026-04-17 17:17:26,309 - INFO - Epoch 5/30
2026-04-17 17:17:31,059 - INFO - [TRAIN] Epoch 5: Loss = 5.722265 (Time: 4.75s)
2026-04-17 17:17:31,077 - INFO - [VRAM] Peak: 0.21GB | Reserved: 0.26GB
2026-04-17 17:17:31,077 - INFO - [VALIDATION] Epoch 5
2026-04-17 17:18:41,776 - INFO -   [No Oracle Filtering]
2026-04-17 17:18:41,776 - INFO -     Subject test MRR (lk): 0.828570
2026-04-17 17:18:41,776 - INFO -     Subject test MR (lk): 159.572299
2026-04-17 17:18:41,776 - INFO -     Subject test Hits (lk) @ 1: 0.811146
2026-04-17 17:18:41,776 - INFO -     Subject test Hits (lk) @ 3: 0.837320
2026-04-17 17:18:41,776 - INFO -     Subject test Hits (lk) @ 10: 0.860370
2026-04-17 17:18:41,777 - INFO -     Object test MRR (lk): 0.830991
2026-04-17 17:18:41,777 - INFO -     Object test MR (lk): 197.043846
2026-04-17 17:18:41,777 - INFO -     Object test Hits (lk) @ 1: 0.823337
2026-04-17 17:18:41,777 - INFO -     Object test Hits (lk) @ 3: 0.834759
2026-04-17 17:18:41,777 - INFO -     Object test Hits (lk) @ 10: 0.843415
2026-04-17 17:18:41,778 - INFO -     ALL test MRR (lk): 0.829780
2026-04-17 17:18:41,778 - INFO -     ALL test MR (lk): 178.308073
2026-04-17 17:18:41,778 - INFO -     ALL test Hits (lk) @ 1: 0.817241
2026-04-17 17:18:41,778 - INFO -     ALL test Hits (lk) @ 3: 0.836040
2026-04-17 17:18:41,778 - INFO -     ALL test Hits (lk) @ 10: 0.851893
2026-04-17 17:18:41,778 - INFO -   [Ground Truth Oracle]
2026-04-17 17:18:41,779 - INFO -     Subject test MRR (lk): 0.891843
2026-04-17 17:18:41,779 - INFO -     Subject test MR (lk): 151.072223
2026-04-17 17:18:41,779 - INFO -     Subject test Hits (lk) @ 1: 0.888337
2026-04-17 17:18:41,779 - INFO -     Subject test Hits (lk) @ 3: 0.892639
2026-04-17 17:18:41,779 - INFO -     Subject test Hits (lk) @ 10: 0.896584
2026-04-17 17:18:41,779 - INFO -     Object test MRR (lk): 0.887166
2026-04-17 17:18:41,779 - INFO -     Object test MR (lk): 182.243969
2026-04-17 17:18:41,779 - INFO -     Object test Hits (lk) @ 1: 0.885776
2026-04-17 17:18:41,779 - INFO -     Object test Hits (lk) @ 3: 0.886698
2026-04-17 17:18:41,779 - INFO -     Object test Hits (lk) @ 10: 0.888695
2026-04-17 17:18:41,780 - INFO -     ALL test MRR (lk): 0.889504
2026-04-17 17:18:41,780 - INFO -     ALL test MR (lk): 166.658096
2026-04-17 17:18:41,780 - INFO -     ALL test Hits (lk) @ 1: 0.887056
2026-04-17 17:18:41,780 - INFO -     ALL test Hits (lk) @ 3: 0.889669
2026-04-17 17:18:41,780 - INFO -     ALL test Hits (lk) @ 10: 0.892639
2026-04-17 17:18:41,793 - INFO -   Model improved! Best MRR = 0.889504
2026-04-17 17:18:41,794 - INFO - Epoch 6/30
2026-04-17 17:18:46,498 - INFO - [TRAIN] Epoch 6: Loss = 5.705523 (Time: 4.70s)
2026-04-17 17:18:46,515 - INFO - [VRAM] Peak: 0.21GB | Reserved: 0.27GB
2026-04-17 17:18:46,515 - INFO - Epoch 7/30
2026-04-17 17:18:51,228 - INFO - [TRAIN] Epoch 7: Loss = 5.692521 (Time: 4.71s)
2026-04-17 17:18:51,245 - INFO - [VRAM] Peak: 0.21GB | Reserved: 0.27GB
2026-04-17 17:18:51,246 - INFO - Epoch 8/30
2026-04-17 17:18:55,959 - INFO - [TRAIN] Epoch 8: Loss = 5.679962 (Time: 4.71s)
2026-04-17 17:18:55,976 - INFO - [VRAM] Peak: 0.21GB | Reserved: 0.26GB
2026-04-17 17:18:55,976 - INFO - Epoch 9/30
2026-04-17 17:19:00,668 - INFO - [TRAIN] Epoch 9: Loss = 5.667299 (Time: 4.69s)
2026-04-17 17:19:00,686 - INFO - [VRAM] Peak: 0.21GB | Reserved: 0.27GB
2026-04-17 17:19:00,686 - INFO - Epoch 10/30
2026-04-17 17:19:05,430 - INFO - [TRAIN] Epoch 10: Loss = 5.655165 (Time: 4.74s)
2026-04-17 17:19:05,448 - INFO - [VRAM] Peak: 0.21GB | Reserved: 0.27GB
2026-04-17 17:19:05,448 - INFO - [VALIDATION] Epoch 10
2026-04-17 17:20:16,993 - INFO -   [No Oracle Filtering]
2026-04-17 17:20:16,994 - INFO -     Subject test MRR (lk): 0.846621
2026-04-17 17:20:16,994 - INFO -     Subject test MR (lk): 148.800517
2026-04-17 17:20:16,994 - INFO -     Subject test Hits (lk) @ 1: 0.835015
2026-04-17 17:20:16,994 - INFO -     Subject test Hits (lk) @ 3: 0.851355
2026-04-17 17:20:16,994 - INFO -     Subject test Hits (lk) @ 10: 0.865697
2026-04-17 17:20:16,995 - INFO -     Object test MRR (lk): 0.839437
2026-04-17 17:20:16,995 - INFO -     Object test MR (lk): 174.402551
2026-04-17 17:20:16,995 - INFO -     Object test Hits (lk) @ 1: 0.834247
2026-04-17 17:20:16,995 - INFO -     Object test Hits (lk) @ 3: 0.839625
2026-04-17 17:20:16,995 - INFO -     Object test Hits (lk) @ 10: 0.847974
2026-04-17 17:20:16,996 - INFO -     ALL test MRR (lk): 0.843029
2026-04-17 17:20:16,996 - INFO -     ALL test MR (lk): 161.601534
2026-04-17 17:20:16,996 - INFO -     ALL test Hits (lk) @ 1: 0.834631
2026-04-17 17:20:16,996 - INFO -     ALL test Hits (lk) @ 3: 0.845490
2026-04-17 17:20:16,996 - INFO -     ALL test Hits (lk) @ 10: 0.856836
2026-04-17 17:20:16,996 - INFO -   [Ground Truth Oracle]
2026-04-17 17:20:16,997 - INFO -     Subject test MRR (lk): 0.891825
2026-04-17 17:20:16,997 - INFO -     Subject test MR (lk): 138.903626
2026-04-17 17:20:16,997 - INFO -     Subject test Hits (lk) @ 1: 0.887620
2026-04-17 17:20:16,997 - INFO -     Subject test Hits (lk) @ 3: 0.892896
2026-04-17 17:20:16,997 - INFO -     Subject test Hits (lk) @ 10: 0.897915
2026-04-17 17:20:16,997 - INFO -     Object test MRR (lk): 0.887813
2026-04-17 17:20:16,997 - INFO -     Object test MR (lk): 160.284178
2026-04-17 17:20:16,997 - INFO -     Object test Hits (lk) @ 1: 0.886237
2026-04-17 17:20:16,998 - INFO -     Object test Hits (lk) @ 3: 0.887312
2026-04-17 17:20:16,998 - INFO -     Object test Hits (lk) @ 10: 0.889464
2026-04-17 17:20:16,998 - INFO -     ALL test MRR (lk): 0.889819
2026-04-17 17:20:16,999 - INFO -     ALL test MR (lk): 149.593902
2026-04-17 17:20:16,999 - INFO -     ALL test Hits (lk) @ 1: 0.886928
2026-04-17 17:20:16,999 - INFO -     ALL test Hits (lk) @ 3: 0.890104
2026-04-17 17:20:16,999 - INFO -     ALL test Hits (lk) @ 10: 0.893689
2026-04-17 17:20:17,019 - INFO -   Model improved! Best MRR = 0.889819
2026-04-17 17:20:17,019 - INFO - Epoch 11/30
2026-04-17 17:20:21,977 - INFO - [TRAIN] Epoch 11: Loss = 5.644625 (Time: 4.96s)
2026-04-17 17:20:21,995 - INFO - [VRAM] Peak: 0.21GB | Reserved: 0.27GB
2026-04-17 17:20:21,995 - INFO - Epoch 12/30
2026-04-17 17:20:26,734 - INFO - [TRAIN] Epoch 12: Loss = 5.635776 (Time: 4.74s)
2026-04-17 17:20:26,751 - INFO - [VRAM] Peak: 0.21GB | Reserved: 0.27GB
2026-04-17 17:20:26,752 - INFO - Epoch 13/30
2026-04-17 17:20:31,516 - INFO - [TRAIN] Epoch 13: Loss = 5.628554 (Time: 4.76s)
2026-04-17 17:20:31,533 - INFO - [VRAM] Peak: 0.21GB | Reserved: 0.27GB
2026-04-17 17:20:31,534 - INFO - Epoch 14/30
2026-04-17 17:20:36,291 - INFO - [TRAIN] Epoch 14: Loss = 5.622904 (Time: 4.76s)
2026-04-17 17:20:36,309 - INFO - [VRAM] Peak: 0.21GB | Reserved: 0.27GB
2026-04-17 17:20:36,309 - INFO - Epoch 15/30
2026-04-17 17:20:41,014 - INFO - [TRAIN] Epoch 15: Loss = 5.618376 (Time: 4.70s)
2026-04-17 17:20:41,031 - INFO - [VRAM] Peak: 0.21GB | Reserved: 0.27GB
2026-04-17 17:20:41,031 - INFO - [VALIDATION] Epoch 15
2026-04-17 17:21:52,250 - INFO -   [No Oracle Filtering]
2026-04-17 17:21:52,251 - INFO -     Subject test MRR (lk): 0.843569
2026-04-17 17:21:52,251 - INFO -     Subject test MR (lk): 143.345157
2026-04-17 17:21:52,251 - INFO -     Subject test Hits (lk) @ 1: 0.830661
2026-04-17 17:21:52,251 - INFO -     Subject test Hits (lk) @ 3: 0.847974
2026-04-17 17:21:52,251 - INFO -     Subject test Hits (lk) @ 10: 0.866414
2026-04-17 17:21:52,252 - INFO -     Object test MRR (lk): 0.835283
2026-04-17 17:21:52,252 - INFO -     Object test MR (lk): 168.623880
2026-04-17 17:21:52,252 - INFO -     Object test Hits (lk) @ 1: 0.827486
2026-04-17 17:21:52,252 - INFO -     Object test Hits (lk) @ 3: 0.837474
2026-04-17 17:21:52,252 - INFO -     Object test Hits (lk) @ 10: 0.849101
2026-04-17 17:21:52,253 - INFO -     ALL test MRR (lk): 0.839426
2026-04-17 17:21:52,253 - INFO -     ALL test MR (lk): 155.984518
2026-04-17 17:21:52,253 - INFO -     ALL test Hits (lk) @ 1: 0.829073
2026-04-17 17:21:52,253 - INFO -     ALL test Hits (lk) @ 3: 0.842724
2026-04-17 17:21:52,253 - INFO -     ALL test Hits (lk) @ 10: 0.857758
2026-04-17 17:21:52,253 - INFO -   [Ground Truth Oracle]
2026-04-17 17:21:52,254 - INFO -     Subject test MRR (lk): 0.892513
2026-04-17 17:21:52,254 - INFO -     Subject test MR (lk): 133.205527
2026-04-17 17:21:52,254 - INFO -     Subject test Hits (lk) @ 1: 0.887620
2026-04-17 17:21:52,254 - INFO -     Subject test Hits (lk) @ 3: 0.893305
2026-04-17 17:21:52,254 - INFO -     Subject test Hits (lk) @ 10: 0.899964
2026-04-17 17:21:52,254 - INFO -     Object test MRR (lk): 0.888356
2026-04-17 17:21:52,254 - INFO -     Object test MR (lk): 155.875429
2026-04-17 17:21:52,255 - INFO -     Object test Hits (lk) @ 1: 0.886237
2026-04-17 17:21:52,255 - INFO -     Object test Hits (lk) @ 3: 0.887825
2026-04-17 17:21:52,255 - INFO -     Object test Hits (lk) @ 10: 0.890795
2026-04-17 17:21:52,256 - INFO -     ALL test MRR (lk): 0.890435
2026-04-17 17:21:52,256 - INFO -     ALL test MR (lk): 144.540478
2026-04-17 17:21:52,256 - INFO -     ALL test Hits (lk) @ 1: 0.886928
2026-04-17 17:21:52,256 - INFO -     ALL test Hits (lk) @ 3: 0.890565
2026-04-17 17:21:52,256 - INFO -     ALL test Hits (lk) @ 10: 0.895380
2026-04-17 17:21:52,276 - INFO -   Model improved! Best MRR = 0.890435
2026-04-17 17:21:52,277 - INFO - Epoch 16/30
2026-04-17 17:21:57,099 - INFO - [TRAIN] Epoch 16: Loss = 5.614750 (Time: 4.82s)
2026-04-17 17:21:57,116 - INFO - [VRAM] Peak: 0.21GB | Reserved: 0.27GB
2026-04-17 17:21:57,116 - INFO - Epoch 17/30
2026-04-17 17:22:01,851 - INFO - [TRAIN] Epoch 17: Loss = 5.611568 (Time: 4.74s)
2026-04-17 17:22:01,868 - INFO - [VRAM] Peak: 0.21GB | Reserved: 0.27GB
2026-04-17 17:22:01,869 - INFO - Epoch 18/30
2026-04-17 17:22:06,576 - INFO - [TRAIN] Epoch 18: Loss = 5.608791 (Time: 4.71s)
2026-04-17 17:22:06,594 - INFO - [VRAM] Peak: 0.21GB | Reserved: 0.27GB
2026-04-17 17:22:06,594 - INFO - Epoch 19/30
2026-04-17 17:22:11,292 - INFO - [TRAIN] Epoch 19: Loss = 5.606242 (Time: 4.70s)
2026-04-17 17:22:11,310 - INFO - [VRAM] Peak: 0.21GB | Reserved: 0.27GB
2026-04-17 17:22:11,310 - INFO - Epoch 20/30
2026-04-17 17:22:16,039 - INFO - [TRAIN] Epoch 20: Loss = 5.603865 (Time: 4.73s)
2026-04-17 17:22:16,056 - INFO - [VRAM] Peak: 0.21GB | Reserved: 0.27GB
2026-04-17 17:22:16,056 - INFO - [VALIDATION] Epoch 20
2026-04-17 17:23:27,096 - INFO -   [No Oracle Filtering]
2026-04-17 17:23:27,096 - INFO -     Subject test MRR (lk): 0.838795
2026-04-17 17:23:27,096 - INFO -     Subject test MR (lk): 143.761871
2026-04-17 17:23:27,097 - INFO -     Subject test Hits (lk) @ 1: 0.825027
2026-04-17 17:23:27,097 - INFO -     Subject test Hits (lk) @ 3: 0.843620
2026-04-17 17:23:27,097 - INFO -     Subject test Hits (lk) @ 10: 0.863597
2026-04-17 17:23:27,097 - INFO -     Object test MRR (lk): 0.831328
2026-04-17 17:23:27,097 - INFO -     Object test MR (lk): 167.952338
2026-04-17 17:23:27,097 - INFO -     Object test Hits (lk) @ 1: 0.821954
2026-04-17 17:23:27,097 - INFO -     Object test Hits (lk) @ 3: 0.833991
2026-04-17 17:23:27,097 - INFO -     Object test Hits (lk) @ 10: 0.847821
2026-04-17 17:23:27,098 - INFO -     ALL test MRR (lk): 0.835062
2026-04-17 17:23:27,098 - INFO -     ALL test MR (lk): 155.857104
2026-04-17 17:23:27,098 - INFO -     ALL test Hits (lk) @ 1: 0.823490
2026-04-17 17:23:27,098 - INFO -     ALL test Hits (lk) @ 3: 0.838806
2026-04-17 17:23:27,098 - INFO -     ALL test Hits (lk) @ 10: 0.855709
2026-04-17 17:23:27,098 - INFO -   [Ground Truth Oracle]
2026-04-17 17:23:27,099 - INFO -     Subject test MRR (lk): 0.892839
2026-04-17 17:23:27,099 - INFO -     Subject test MR (lk): 133.779030
2026-04-17 17:23:27,099 - INFO -     Subject test Hits (lk) @ 1: 0.887415
2026-04-17 17:23:27,099 - INFO -     Subject test Hits (lk) @ 3: 0.893869
2026-04-17 17:23:27,099 - INFO -     Subject test Hits (lk) @ 10: 0.900886
2026-04-17 17:23:27,099 - INFO -     Object test MRR (lk): 0.888719
2026-04-17 17:23:27,099 - INFO -     Object test MR (lk): 156.490575
2026-04-17 17:23:27,099 - INFO -     Object test Hits (lk) @ 1: 0.886390
2026-04-17 17:23:27,099 - INFO -     Object test Hits (lk) @ 3: 0.888183
2026-04-17 17:23:27,100 - INFO -     Object test Hits (lk) @ 10: 0.892127
2026-04-17 17:23:27,100 - INFO -     ALL test MRR (lk): 0.890779
2026-04-17 17:23:27,100 - INFO -     ALL test MR (lk): 145.134803
2026-04-17 17:23:27,100 - INFO -     ALL test Hits (lk) @ 1: 0.886903
2026-04-17 17:23:27,100 - INFO -     ALL test Hits (lk) @ 3: 0.891026
2026-04-17 17:23:27,101 - INFO -     ALL test Hits (lk) @ 10: 0.896507
2026-04-17 17:23:27,117 - INFO -   Model improved! Best MRR = 0.890779
2026-04-17 17:23:27,118 - INFO - Epoch 21/30
2026-04-17 17:23:31,840 - INFO - [TRAIN] Epoch 21: Loss = 5.601804 (Time: 4.72s)
2026-04-17 17:23:31,857 - INFO - [VRAM] Peak: 0.21GB | Reserved: 0.27GB
2026-04-17 17:23:31,857 - INFO - Epoch 22/30
2026-04-17 17:23:36,647 - INFO - [TRAIN] Epoch 22: Loss = 5.599660 (Time: 4.79s)
2026-04-17 17:23:36,665 - INFO - [VRAM] Peak: 0.21GB | Reserved: 0.27GB
2026-04-17 17:23:36,665 - INFO - Epoch 23/30
2026-04-17 17:23:41,496 - INFO - [TRAIN] Epoch 23: Loss = 5.597774 (Time: 4.83s)
2026-04-17 17:23:41,513 - INFO - [VRAM] Peak: 0.21GB | Reserved: 0.27GB
2026-04-17 17:23:41,513 - INFO - Epoch 24/30
2026-04-17 17:23:46,287 - INFO - [TRAIN] Epoch 24: Loss = 5.596031 (Time: 4.77s)
2026-04-17 17:23:46,305 - INFO - [VRAM] Peak: 0.21GB | Reserved: 0.27GB
2026-04-17 17:23:46,305 - INFO - Epoch 25/30
2026-04-17 17:23:51,024 - INFO - [TRAIN] Epoch 25: Loss = 5.594319 (Time: 4.72s)
2026-04-17 17:23:51,042 - INFO - [VRAM] Peak: 0.21GB | Reserved: 0.27GB
2026-04-17 17:23:51,042 - INFO - [VALIDATION] Epoch 25
2026-04-17 17:25:01,301 - INFO -   [No Oracle Filtering]
2026-04-17 17:25:01,301 - INFO -     Subject test MRR (lk): 0.835803
2026-04-17 17:25:01,301 - INFO -     Subject test MR (lk): 143.579445
2026-04-17 17:25:01,301 - INFO -     Subject test Hits (lk) @ 1: 0.820263
2026-04-17 17:25:01,302 - INFO -     Subject test Hits (lk) @ 3: 0.841418
2026-04-17 17:25:01,302 - INFO -     Subject test Hits (lk) @ 10: 0.863955
2026-04-17 17:25:01,302 - INFO -     Object test MRR (lk): 0.829486
2026-04-17 17:25:01,302 - INFO -     Object test MR (lk): 167.303821
2026-04-17 17:25:01,302 - INFO -     Object test Hits (lk) @ 1: 0.819034
2026-04-17 17:25:01,302 - INFO -     Object test Hits (lk) @ 3: 0.832915
2026-04-17 17:25:01,302 - INFO -     Object test Hits (lk) @ 10: 0.846796
2026-04-17 17:25:01,303 - INFO -     ALL test MRR (lk): 0.832645
2026-04-17 17:25:01,303 - INFO -     ALL test MR (lk): 155.441633
2026-04-17 17:25:01,303 - INFO -     ALL test Hits (lk) @ 1: 0.819649
2026-04-17 17:25:01,303 - INFO -     ALL test Hits (lk) @ 3: 0.837166
2026-04-17 17:25:01,303 - INFO -     ALL test Hits (lk) @ 10: 0.855376
2026-04-17 17:25:01,303 - INFO -   [Ground Truth Oracle]
2026-04-17 17:25:01,304 - INFO -     Subject test MRR (lk): 0.892905
2026-04-17 17:25:01,304 - INFO -     Subject test MR (lk): 134.127004
2026-04-17 17:25:01,304 - INFO -     Subject test Hits (lk) @ 1: 0.887261
2026-04-17 17:25:01,304 - INFO -     Subject test Hits (lk) @ 3: 0.894074
2026-04-17 17:25:01,304 - INFO -     Subject test Hits (lk) @ 10: 0.901706
2026-04-17 17:25:01,305 - INFO -     Object test MRR (lk): 0.888950
2026-04-17 17:25:01,305 - INFO -     Object test MR (lk): 157.355683
2026-04-17 17:25:01,305 - INFO -     Object test Hits (lk) @ 1: 0.886544
2026-04-17 17:25:01,305 - INFO -     Object test Hits (lk) @ 3: 0.888388
2026-04-17 17:25:01,305 - INFO -     Object test Hits (lk) @ 10: 0.892332
2026-04-17 17:25:01,306 - INFO -     ALL test MRR (lk): 0.890927
2026-04-17 17:25:01,306 - INFO -     ALL test MR (lk): 145.741344
2026-04-17 17:25:01,306 - INFO -     ALL test Hits (lk) @ 1: 0.886903
2026-04-17 17:25:01,306 - INFO -     ALL test Hits (lk) @ 3: 0.891231
2026-04-17 17:25:01,306 - INFO -     ALL test Hits (lk) @ 10: 0.897019
2026-04-17 17:25:01,326 - INFO -   Model improved! Best MRR = 0.890927
2026-04-17 17:25:01,328 - INFO - Epoch 26/30
2026-04-17 17:25:06,134 - INFO - [TRAIN] Epoch 26: Loss = 5.592661 (Time: 4.81s)
2026-04-17 17:25:06,151 - INFO - [VRAM] Peak: 0.21GB | Reserved: 0.27GB
2026-04-17 17:25:06,151 - INFO - Epoch 27/30
2026-04-17 17:25:10,848 - INFO - [TRAIN] Epoch 27: Loss = 5.591367 (Time: 4.70s)
2026-04-17 17:25:10,866 - INFO - [VRAM] Peak: 0.21GB | Reserved: 0.27GB
2026-04-17 17:25:10,866 - INFO - Epoch 28/30
2026-04-17 17:25:15,604 - INFO - [TRAIN] Epoch 28: Loss = 5.589914 (Time: 4.74s)
2026-04-17 17:25:15,622 - INFO - [VRAM] Peak: 0.21GB | Reserved: 0.27GB
2026-04-17 17:25:15,622 - INFO - Epoch 29/30
2026-04-17 17:25:20,352 - INFO - [TRAIN] Epoch 29: Loss = 5.588773 (Time: 4.73s)
2026-04-17 17:25:20,369 - INFO - [VRAM] Peak: 0.21GB | Reserved: 0.27GB
2026-04-17 17:25:20,369 - INFO - Epoch 30/30
2026-04-17 17:25:25,071 - INFO - [TRAIN] Epoch 30: Loss = 5.587619 (Time: 4.70s)
2026-04-17 17:25:25,089 - INFO - [VRAM] Peak: 0.21GB | Reserved: 0.27GB
2026-04-17 17:25:25,089 - INFO - [VALIDATION] Epoch 30
2026-04-17 17:26:35,322 - INFO -   [No Oracle Filtering]
2026-04-17 17:26:35,322 - INFO -     Subject test MRR (lk): 0.834189
2026-04-17 17:26:35,322 - INFO -     Subject test MR (lk): 145.917994
2026-04-17 17:26:35,322 - INFO -     Subject test Hits (lk) @ 1: 0.818214
2026-04-17 17:26:35,322 - INFO -     Subject test Hits (lk) @ 3: 0.840393
2026-04-17 17:26:35,322 - INFO -     Subject test Hits (lk) @ 10: 0.863085
2026-04-17 17:26:35,323 - INFO -     Object test MRR (lk): 0.828990
2026-04-17 17:26:35,323 - INFO -     Object test MR (lk): 168.025483
2026-04-17 17:26:35,323 - INFO -     Object test Hits (lk) @ 1: 0.818061
2026-04-17 17:26:35,323 - INFO -     Object test Hits (lk) @ 3: 0.831993
2026-04-17 17:26:35,323 - INFO -     Object test Hits (lk) @ 10: 0.848025
2026-04-17 17:26:35,324 - INFO -     ALL test MRR (lk): 0.831589
2026-04-17 17:26:35,324 - INFO -     ALL test MR (lk): 156.971738
2026-04-17 17:26:35,324 - INFO -     ALL test Hits (lk) @ 1: 0.818138
2026-04-17 17:26:35,324 - INFO -     ALL test Hits (lk) @ 3: 0.836193
2026-04-17 17:26:35,324 - INFO -     ALL test Hits (lk) @ 10: 0.855555
2026-04-17 17:26:35,324 - INFO -   [Ground Truth Oracle]
2026-04-17 17:26:35,324 - INFO -     Subject test MRR (lk): 0.892914
2026-04-17 17:26:35,324 - INFO -     Subject test MR (lk): 137.196640
2026-04-17 17:26:35,324 - INFO -     Subject test Hits (lk) @ 1: 0.886851
2026-04-17 17:26:35,325 - INFO -     Subject test Hits (lk) @ 3: 0.894535
2026-04-17 17:26:35,325 - INFO -     Subject test Hits (lk) @ 10: 0.902423
2026-04-17 17:26:35,325 - INFO -     Object test MRR (lk): 0.889209
2026-04-17 17:26:35,325 - INFO -     Object test MR (lk): 158.634098
2026-04-17 17:26:35,325 - INFO -     Object test Hits (lk) @ 1: 0.886698
2026-04-17 17:26:35,325 - INFO -     Object test Hits (lk) @ 3: 0.888439
2026-04-17 17:26:35,325 - INFO -     Object test Hits (lk) @ 10: 0.892793
2026-04-17 17:26:35,326 - INFO -     ALL test MRR (lk): 0.891062
2026-04-17 17:26:35,326 - INFO -     ALL test MR (lk): 147.915369
2026-04-17 17:26:35,326 - INFO -     ALL test Hits (lk) @ 1: 0.886775
2026-04-17 17:26:35,326 - INFO -     ALL test Hits (lk) @ 3: 0.891487
2026-04-17 17:26:35,326 - INFO -     ALL test Hits (lk) @ 10: 0.897608
2026-04-17 17:26:35,347 - INFO -   Model improved! Best MRR = 0.891062
2026-04-17 17:26:35,349 - INFO - Training completed!
2026-04-17 17:26:35,355 - INFO - [ORACLE TRAINING PHASE]
2026-04-17 17:26:35,355 - INFO - Starting Oracle training...
2026-04-17 17:26:38,231 - INFO - [ORACLE] Epoch 1: Loss = 45.860504 (Time: 2.88s)
2026-04-17 17:26:41,156 - INFO - [ORACLE] Epoch 2: Loss = 5.645584 (Time: 2.93s)
2026-04-17 17:26:44,085 - INFO - [ORACLE] Epoch 3: Loss = 4.585439 (Time: 2.93s)
2026-04-17 17:26:47,025 - INFO - [ORACLE] Epoch 4: Loss = 3.616463 (Time: 2.94s)
2026-04-17 17:26:49,954 - INFO - [ORACLE] Epoch 5: Loss = 2.658652 (Time: 2.93s)
2026-04-17 17:26:52,892 - INFO - [ORACLE] Epoch 6: Loss = 1.712028 (Time: 2.94s)
2026-04-17 17:26:55,832 - INFO - [ORACLE] Epoch 7: Loss = 0.900919 (Time: 2.94s)
2026-04-17 17:26:58,764 - INFO - [ORACLE] Epoch 8: Loss = 0.746471 (Time: 2.93s)
2026-04-17 17:27:01,703 - INFO - [ORACLE] Epoch 9: Loss = 0.719173 (Time: 2.94s)
2026-04-17 17:27:04,655 - INFO - [ORACLE] Epoch 10: Loss = 0.716563 (Time: 2.95s)
2026-04-17 17:27:07,620 - INFO - [ORACLE] Epoch 11: Loss = 0.711969 (Time: 2.96s)
2026-04-17 17:27:10,546 - INFO - [ORACLE] Epoch 12: Loss = 0.701257 (Time: 2.93s)
2026-04-17 17:27:13,468 - INFO - [ORACLE] Epoch 13: Loss = 0.694003 (Time: 2.92s)
2026-04-17 17:27:16,461 - INFO - [ORACLE] Epoch 14: Loss = 0.707495 (Time: 2.99s)
2026-04-17 17:27:19,397 - INFO - [ORACLE] Epoch 15: Loss = 0.696533 (Time: 2.94s)
2026-04-17 17:27:22,338 - INFO - [ORACLE] Epoch 16: Loss = 0.696004 (Time: 2.94s)
2026-04-17 17:27:25,264 - INFO - [ORACLE] Epoch 17: Loss = 0.702251 (Time: 2.93s)
2026-04-17 17:27:28,210 - INFO - [ORACLE] Epoch 18: Loss = 0.694872 (Time: 2.95s)
2026-04-17 17:27:31,171 - INFO - [ORACLE] Epoch 19: Loss = 0.701310 (Time: 2.96s)
2026-04-17 17:27:34,112 - INFO - [ORACLE] Epoch 20: Loss = 0.696727 (Time: 2.94s)
2026-04-17 17:27:34,112 - INFO - Oracle training completed!
2026-04-17 17:27:34,140 - INFO - [TEST PHASE]
2026-04-17 17:27:34,140 - INFO - Testing starts...
2026-04-17 17:28:50,290 - INFO - Test Results (Oracle):
2026-04-17 17:28:50,290 - INFO -     Subject test MRR (lk): 0.841048
2026-04-17 17:28:50,290 - INFO -     Subject test MR (lk): 750.286702
2026-04-17 17:28:50,291 - INFO -     Subject test Hits (lk) @ 1: 0.837311
2026-04-17 17:28:50,291 - INFO -     Subject test Hits (lk) @ 3: 0.843454
2026-04-17 17:28:50,291 - INFO -     Subject test Hits (lk) @ 10: 0.846000
2026-04-17 17:28:50,291 - INFO -     Object test MRR (lk): 0.839601
2026-04-17 17:28:50,291 - INFO -     Object test MR (lk): 797.992959
2026-04-17 17:28:50,291 - INFO -     Object test Hits (lk) @ 1: 0.839109
2026-04-17 17:28:50,291 - INFO -     Object test Hits (lk) @ 3: 0.839609
2026-04-17 17:28:50,291 - INFO -     Object test Hits (lk) @ 10: 0.840407
2026-04-17 17:28:50,292 - INFO -     ALL test MRR (lk): 0.840325
2026-04-17 17:28:50,292 - INFO -     ALL test MR (lk): 774.139831
2026-04-17 17:28:50,292 - INFO -     ALL test Hits (lk) @ 1: 0.838210
2026-04-17 17:28:50,292 - INFO -     ALL test Hits (lk) @ 3: 0.841531
2026-04-17 17:28:50,292 - INFO -     ALL test Hits (lk) @ 10: 0.843204
2026-04-17 17:28:50,292 - INFO - Testing completed! (Time: 76.15s)
