2026-04-19 16:55:21,549 - INFO - Loaded config from: configs/default.yaml
2026-04-19 16:55:21,549 - INFO - Loaded config from: configs/YAGO.yaml
2026-04-19 16:55:21,549 - INFO -   alpha                = 0.2
2026-04-19 16:55:21,549 - INFO -   batch_size           = 1024
2026-04-19 16:55:21,549 - INFO -   dataset              = YAGO
2026-04-19 16:55:21,549 - INFO -   description          = yago_hard
2026-04-19 16:55:21,549 - INFO -   device               = cuda:0
2026-04-19 16:55:21,549 - INFO -   dropout              = 0.5
2026-04-19 16:55:21,549 - INFO -   embedding_dim        = 200
2026-04-19 16:55:21,549 - INFO -   eva_dir              = SAVE
2026-04-19 16:55:21,549 - INFO -   filtering            = True
2026-04-19 16:55:21,550 - INFO -   gpu_id               = 0
2026-04-19 16:55:21,550 - INFO -   grad_norm            = 1.0
2026-04-19 16:55:21,550 - INFO -   lambdax              = 2
2026-04-19 16:55:21,550 - INFO -   lr                   = 0.001
2026-04-19 16:55:21,550 - INFO -   max_epochs           = 30
2026-04-19 16:55:21,550 - INFO -   model_dir            = 
2026-04-19 16:55:21,550 - INFO -   only_eva             = False
2026-04-19 16:55:21,550 - INFO -   only_oracle          = False
2026-04-19 16:55:21,550 - INFO -   oracle_epochs        = 20
2026-04-19 16:55:21,550 - INFO -   oracle_lr            = 0.001
2026-04-19 16:55:21,550 - INFO -   oracle_mode          = hard
2026-04-19 16:55:21,550 - INFO -   save_dir             = SAVE
2026-04-19 16:55:21,550 - INFO -   seed                 = 987
2026-04-19 16:55:21,550 - INFO -   use_cuda             = True
2026-04-19 16:55:21,550 - INFO -   use_seed             = True
2026-04-19 16:55:21,550 - INFO -   valid_epochs         = 5
2026-04-19 16:55:21,550 - INFO -   weight_decay         = 1e-05
2026-04-19 16:55:21,550 - INFO - 
2026-04-19 16:55:21,550 - INFO - Saved config to: SAVE/yago_hard19-04-2026,16-55-21YAGO-EPOCH30/default.yaml
2026-04-19 16:55:21,551 - INFO - Saved config to: SAVE/yago_hard19-04-2026,16-55-21YAGO-EPOCH30/YAGO.yaml
2026-04-19 16:55:21,551 - INFO - Model Information:
2026-04-19 16:55:21,551 - INFO -   Total Parameters: 5,056,801
2026-04-19 16:55:21,551 - INFO -   Trainable Parameters: 5,056,801
2026-04-19 16:55:21,552 - INFO -   GPU Memory Reserved: 0.02 GB
2026-04-19 16:55:21,552 - INFO -   GPU Memory Allocated: 0.02 GB
2026-04-19 16:55:21,552 - INFO -   GPU Memory Peak: 0.02 GB
2026-04-19 16:55:21,552 - INFO - Epoch 1/30
2026-04-19 16:55:28,684 - INFO - [TRAIN] Epoch 1: Loss = 5.923944 (Time: 7.13s)
2026-04-19 16:55:28,704 - INFO - [VRAM] Peak: 0.13GB | Reserved: 0.19GB
2026-04-19 16:55:28,704 - INFO - Epoch 2/30
2026-04-19 16:55:35,914 - INFO - [TRAIN] Epoch 2: Loss = 5.812930 (Time: 7.21s)
2026-04-19 16:55:35,934 - INFO - [VRAM] Peak: 0.13GB | Reserved: 0.19GB
2026-04-19 16:55:35,935 - INFO - Epoch 3/30
2026-04-19 16:55:43,196 - INFO - [TRAIN] Epoch 3: Loss = 5.769310 (Time: 7.26s)
2026-04-19 16:55:43,215 - INFO - [VRAM] Peak: 0.13GB | Reserved: 0.19GB
2026-04-19 16:55:43,215 - INFO - Epoch 4/30
2026-04-19 16:55:50,155 - INFO - [TRAIN] Epoch 4: Loss = 5.742529 (Time: 6.94s)
2026-04-19 16:55:50,175 - INFO - [VRAM] Peak: 0.13GB | Reserved: 0.19GB
2026-04-19 16:55:50,175 - INFO - Epoch 5/30
2026-04-19 16:55:57,039 - INFO - [TRAIN] Epoch 5: Loss = 5.721124 (Time: 6.86s)
2026-04-19 16:55:57,059 - INFO - [VRAM] Peak: 0.13GB | Reserved: 0.19GB
2026-04-19 16:55:57,059 - INFO - [VALIDATION] Epoch 5
2026-04-19 16:57:25,941 - INFO -   [No Oracle Filtering]
2026-04-19 16:57:25,942 - INFO -     Subject test MRR (lk): 0.834152
2026-04-19 16:57:25,942 - INFO -     Subject test MR (lk): 159.278876
2026-04-19 16:57:25,942 - INFO -     Subject test Hits (lk) @ 1: 0.817856
2026-04-19 16:57:25,942 - INFO -     Subject test Hits (lk) @ 3: 0.843415
2026-04-19 16:57:25,942 - INFO -     Subject test Hits (lk) @ 10: 0.862265
2026-04-19 16:57:25,943 - INFO -     Object test MRR (lk): 0.832627
2026-04-19 16:57:25,943 - INFO -     Object test MR (lk): 193.509246
2026-04-19 16:57:25,943 - INFO -     Object test Hits (lk) @ 1: 0.825232
2026-04-19 16:57:25,943 - INFO -     Object test Hits (lk) @ 3: 0.836654
2026-04-19 16:57:25,944 - INFO -     Object test Hits (lk) @ 10: 0.845618
2026-04-19 16:57:25,945 - INFO -     ALL test MRR (lk): 0.833389
2026-04-19 16:57:25,945 - INFO -     ALL test MR (lk): 176.394061
2026-04-19 16:57:25,945 - INFO -     ALL test Hits (lk) @ 1: 0.821544
2026-04-19 16:57:25,945 - INFO -     ALL test Hits (lk) @ 3: 0.840035
2026-04-19 16:57:25,945 - INFO -     ALL test Hits (lk) @ 10: 0.853942
2026-04-19 16:57:25,945 - INFO -   [Ground Truth Oracle]
2026-04-19 16:57:25,946 - INFO -     Subject test MRR (lk): 0.892066
2026-04-19 16:57:25,946 - INFO -     Subject test MR (lk): 150.776597
2026-04-19 16:57:25,946 - INFO -     Subject test Hits (lk) @ 1: 0.888798
2026-04-19 16:57:25,946 - INFO -     Subject test Hits (lk) @ 3: 0.892691
2026-04-19 16:57:25,946 - INFO -     Subject test Hits (lk) @ 10: 0.896737
2026-04-19 16:57:25,947 - INFO -     Object test MRR (lk): 0.887177
2026-04-19 16:57:25,947 - INFO -     Object test MR (lk): 179.274138
2026-04-19 16:57:25,947 - INFO -     Object test Hits (lk) @ 1: 0.885827
2026-04-19 16:57:25,947 - INFO -     Object test Hits (lk) @ 3: 0.886647
2026-04-19 16:57:25,947 - INFO -     Object test Hits (lk) @ 10: 0.888798
2026-04-19 16:57:25,948 - INFO -     ALL test MRR (lk): 0.889621
2026-04-19 16:57:25,949 - INFO -     ALL test MR (lk): 165.025368
2026-04-19 16:57:25,949 - INFO -     ALL test Hits (lk) @ 1: 0.887312
2026-04-19 16:57:25,949 - INFO -     ALL test Hits (lk) @ 3: 0.889669
2026-04-19 16:57:25,949 - INFO -     ALL test Hits (lk) @ 10: 0.892768
2026-04-19 16:57:25,964 - INFO -   Model improved! Best MRR = 0.889621
2026-04-19 16:57:25,967 - INFO - Epoch 6/30
2026-04-19 16:57:32,886 - INFO - [TRAIN] Epoch 6: Loss = 5.704728 (Time: 6.92s)
2026-04-19 16:57:32,904 - INFO - [VRAM] Peak: 0.14GB | Reserved: 0.19GB
2026-04-19 16:57:32,905 - INFO - Epoch 7/30
2026-04-19 16:57:39,865 - INFO - [TRAIN] Epoch 7: Loss = 5.691355 (Time: 6.96s)
2026-04-19 16:57:39,884 - INFO - [VRAM] Peak: 0.14GB | Reserved: 0.19GB
2026-04-19 16:57:39,885 - INFO - Epoch 8/30
2026-04-19 16:57:46,421 - INFO - [TRAIN] Epoch 8: Loss = 5.678435 (Time: 6.54s)
2026-04-19 16:57:46,440 - INFO - [VRAM] Peak: 0.14GB | Reserved: 0.19GB
2026-04-19 16:57:46,441 - INFO - Epoch 9/30
2026-04-19 16:57:53,378 - INFO - [TRAIN] Epoch 9: Loss = 5.665593 (Time: 6.94s)
2026-04-19 16:57:53,398 - INFO - [VRAM] Peak: 0.14GB | Reserved: 0.19GB
2026-04-19 16:57:53,399 - INFO - Epoch 10/30
2026-04-19 16:58:00,178 - INFO - [TRAIN] Epoch 10: Loss = 5.653815 (Time: 6.78s)
2026-04-19 16:58:00,197 - INFO - [VRAM] Peak: 0.14GB | Reserved: 0.19GB
2026-04-19 16:58:00,197 - INFO - [VALIDATION] Epoch 10
2026-04-19 16:59:27,689 - INFO -   [No Oracle Filtering]
2026-04-19 16:59:27,691 - INFO -     Subject test MRR (lk): 0.849172
2026-04-19 16:59:27,691 - INFO -     Subject test MR (lk): 143.908083
2026-04-19 16:59:27,691 - INFO -     Subject test Hits (lk) @ 1: 0.838037
2026-04-19 16:59:27,691 - INFO -     Subject test Hits (lk) @ 3: 0.854070
2026-04-19 16:59:27,691 - INFO -     Subject test Hits (lk) @ 10: 0.867797
2026-04-19 16:59:27,692 - INFO -     Object test MRR (lk): 0.839781
2026-04-19 16:59:27,692 - INFO -     Object test MR (lk): 171.114480
2026-04-19 16:59:27,692 - INFO -     Object test Hits (lk) @ 1: 0.834298
2026-04-19 16:59:27,693 - INFO -     Object test Hits (lk) @ 3: 0.840598
2026-04-19 16:59:27,693 - INFO -     Object test Hits (lk) @ 10: 0.848794
2026-04-19 16:59:27,694 - INFO -     ALL test MRR (lk): 0.844476
2026-04-19 16:59:27,694 - INFO -     ALL test MR (lk): 157.511282
2026-04-19 16:59:27,694 - INFO -     ALL test Hits (lk) @ 1: 0.836168
2026-04-19 16:59:27,694 - INFO -     ALL test Hits (lk) @ 3: 0.847334
2026-04-19 16:59:27,694 - INFO -     ALL test Hits (lk) @ 10: 0.858295
2026-04-19 16:59:27,694 - INFO -   [Ground Truth Oracle]
2026-04-19 16:59:27,695 - INFO -     Subject test MRR (lk): 0.892465
2026-04-19 16:59:27,695 - INFO -     Subject test MR (lk): 134.456923
2026-04-19 16:59:27,695 - INFO -     Subject test Hits (lk) @ 1: 0.888695
2026-04-19 16:59:27,695 - INFO -     Subject test Hits (lk) @ 3: 0.892998
2026-04-19 16:59:27,696 - INFO -     Subject test Hits (lk) @ 10: 0.897967
2026-04-19 16:59:27,697 - INFO -     Object test MRR (lk): 0.887527
2026-04-19 16:59:27,697 - INFO -     Object test MR (lk): 157.212160
2026-04-19 16:59:27,697 - INFO -     Object test Hits (lk) @ 1: 0.885827
2026-04-19 16:59:27,697 - INFO -     Object test Hits (lk) @ 3: 0.887159
2026-04-19 16:59:27,697 - INFO -     Object test Hits (lk) @ 10: 0.889105
2026-04-19 16:59:27,699 - INFO -     ALL test MRR (lk): 0.889996
2026-04-19 16:59:27,699 - INFO -     ALL test MR (lk): 145.834541
2026-04-19 16:59:27,699 - INFO -     ALL test Hits (lk) @ 1: 0.887261
2026-04-19 16:59:27,699 - INFO -     ALL test Hits (lk) @ 3: 0.890078
2026-04-19 16:59:27,699 - INFO -     ALL test Hits (lk) @ 10: 0.893536
2026-04-19 16:59:27,714 - INFO -   Model improved! Best MRR = 0.889996
2026-04-19 16:59:27,718 - INFO - Epoch 11/30
2026-04-19 16:59:34,699 - INFO - [TRAIN] Epoch 11: Loss = 5.643972 (Time: 6.98s)
2026-04-19 16:59:34,718 - INFO - [VRAM] Peak: 0.14GB | Reserved: 0.19GB
2026-04-19 16:59:34,718 - INFO - Epoch 12/30
2026-04-19 16:59:41,398 - INFO - [TRAIN] Epoch 12: Loss = 5.635701 (Time: 6.68s)
2026-04-19 16:59:41,422 - INFO - [VRAM] Peak: 0.14GB | Reserved: 0.19GB
2026-04-19 16:59:41,422 - INFO - Epoch 13/30
2026-04-19 16:59:48,320 - INFO - [TRAIN] Epoch 13: Loss = 5.628813 (Time: 6.90s)
2026-04-19 16:59:48,340 - INFO - [VRAM] Peak: 0.14GB | Reserved: 0.19GB
2026-04-19 16:59:48,340 - INFO - Epoch 14/30
2026-04-19 16:59:56,823 - INFO - [TRAIN] Epoch 14: Loss = 5.622995 (Time: 8.48s)
2026-04-19 16:59:56,842 - INFO - [VRAM] Peak: 0.14GB | Reserved: 0.19GB
2026-04-19 16:59:56,843 - INFO - Epoch 15/30
2026-04-19 17:00:05,185 - INFO - [TRAIN] Epoch 15: Loss = 5.618147 (Time: 8.34s)
2026-04-19 17:00:05,204 - INFO - [VRAM] Peak: 0.14GB | Reserved: 0.19GB
2026-04-19 17:00:05,204 - INFO - [VALIDATION] Epoch 15
2026-04-19 17:01:35,174 - INFO -   [No Oracle Filtering]
2026-04-19 17:01:35,176 - INFO -     Subject test MRR (lk): 0.844287
2026-04-19 17:01:35,176 - INFO -     Subject test MR (lk): 140.232290
2026-04-19 17:01:35,176 - INFO -     Subject test Hits (lk) @ 1: 0.831686
2026-04-19 17:01:35,176 - INFO -     Subject test Hits (lk) @ 3: 0.848896
2026-04-19 17:01:35,176 - INFO -     Subject test Hits (lk) @ 10: 0.866004
2026-04-19 17:01:35,177 - INFO -     Object test MRR (lk): 0.834814
2026-04-19 17:01:35,177 - INFO -     Object test MR (lk): 166.007325
2026-04-19 17:01:35,177 - INFO -     Object test Hits (lk) @ 1: 0.826307
2026-04-19 17:01:35,177 - INFO -     Object test Hits (lk) @ 3: 0.837576
2026-04-19 17:01:35,177 - INFO -     Object test Hits (lk) @ 10: 0.849050
2026-04-19 17:01:35,178 - INFO -     ALL test MRR (lk): 0.839550
2026-04-19 17:01:35,178 - INFO -     ALL test MR (lk): 153.119807
2026-04-19 17:01:35,179 - INFO -     ALL test Hits (lk) @ 1: 0.828997
2026-04-19 17:01:35,179 - INFO -     ALL test Hits (lk) @ 3: 0.843236
2026-04-19 17:01:35,179 - INFO -     ALL test Hits (lk) @ 10: 0.857527
2026-04-19 17:01:35,179 - INFO -   [Ground Truth Oracle]
2026-04-19 17:01:35,180 - INFO -     Subject test MRR (lk): 0.892790
2026-04-19 17:01:35,180 - INFO -     Subject test MR (lk): 130.236029
2026-04-19 17:01:35,180 - INFO -     Subject test Hits (lk) @ 1: 0.887722
2026-04-19 17:01:35,180 - INFO -     Subject test Hits (lk) @ 3: 0.893715
2026-04-19 17:01:35,180 - INFO -     Subject test Hits (lk) @ 10: 0.900476
2026-04-19 17:01:35,181 - INFO -     Object test MRR (lk): 0.888350
2026-04-19 17:01:35,181 - INFO -     Object test MR (lk): 152.890181
2026-04-19 17:01:35,181 - INFO -     Object test Hits (lk) @ 1: 0.886288
2026-04-19 17:01:35,181 - INFO -     Object test Hits (lk) @ 3: 0.887671
2026-04-19 17:01:35,181 - INFO -     Object test Hits (lk) @ 10: 0.891103
2026-04-19 17:01:35,182 - INFO -     ALL test MRR (lk): 0.890570
2026-04-19 17:01:35,182 - INFO -     ALL test MR (lk): 141.563105
2026-04-19 17:01:35,183 - INFO -     ALL test Hits (lk) @ 1: 0.887005
2026-04-19 17:01:35,183 - INFO -     ALL test Hits (lk) @ 3: 0.890693
2026-04-19 17:01:35,183 - INFO -     ALL test Hits (lk) @ 10: 0.895790
2026-04-19 17:01:35,199 - INFO -   Model improved! Best MRR = 0.890570
2026-04-19 17:01:35,202 - INFO - Epoch 16/30
2026-04-19 17:01:42,587 - INFO - [TRAIN] Epoch 16: Loss = 5.614056 (Time: 7.38s)
2026-04-19 17:01:42,606 - INFO - [VRAM] Peak: 0.14GB | Reserved: 0.19GB
2026-04-19 17:01:42,606 - INFO - Epoch 17/30
2026-04-19 17:01:49,823 - INFO - [TRAIN] Epoch 17: Loss = 5.610441 (Time: 7.22s)
2026-04-19 17:01:49,842 - INFO - [VRAM] Peak: 0.14GB | Reserved: 0.19GB
2026-04-19 17:01:49,842 - INFO - Epoch 18/30
2026-04-19 17:01:56,737 - INFO - [TRAIN] Epoch 18: Loss = 5.607332 (Time: 6.89s)
2026-04-19 17:01:56,756 - INFO - [VRAM] Peak: 0.14GB | Reserved: 0.19GB
2026-04-19 17:01:56,756 - INFO - Epoch 19/30
2026-04-19 17:02:03,680 - INFO - [TRAIN] Epoch 19: Loss = 5.604344 (Time: 6.92s)
2026-04-19 17:02:03,699 - INFO - [VRAM] Peak: 0.14GB | Reserved: 0.19GB
2026-04-19 17:02:03,699 - INFO - Epoch 20/30
2026-04-19 17:02:10,843 - INFO - [TRAIN] Epoch 20: Loss = 5.601782 (Time: 7.14s)
2026-04-19 17:02:10,862 - INFO - [VRAM] Peak: 0.14GB | Reserved: 0.19GB
2026-04-19 17:02:10,862 - INFO - [VALIDATION] Epoch 20
2026-04-19 17:03:39,036 - INFO -   [No Oracle Filtering]
2026-04-19 17:03:39,037 - INFO -     Subject test MRR (lk): 0.839111
2026-04-19 17:03:39,038 - INFO -     Subject test MR (lk): 140.437638
2026-04-19 17:03:39,038 - INFO -     Subject test Hits (lk) @ 1: 0.825129
2026-04-19 17:03:39,038 - INFO -     Subject test Hits (lk) @ 3: 0.844184
2026-04-19 17:03:39,038 - INFO -     Subject test Hits (lk) @ 10: 0.864672
2026-04-19 17:03:39,039 - INFO -     Object test MRR (lk): 0.833328
2026-04-19 17:03:39,039 - INFO -     Object test MR (lk): 165.804385
2026-04-19 17:03:39,039 - INFO -     Object test Hits (lk) @ 1: 0.824054
2026-04-19 17:03:39,039 - INFO -     Object test Hits (lk) @ 3: 0.836347
2026-04-19 17:03:39,039 - INFO -     Object test Hits (lk) @ 10: 0.848538
2026-04-19 17:03:39,040 - INFO -     ALL test MRR (lk): 0.836219
2026-04-19 17:03:39,040 - INFO -     ALL test MR (lk): 153.121011
2026-04-19 17:03:39,040 - INFO -     ALL test Hits (lk) @ 1: 0.824592
2026-04-19 17:03:39,040 - INFO -     ALL test Hits (lk) @ 3: 0.840265
2026-04-19 17:03:39,040 - INFO -     ALL test Hits (lk) @ 10: 0.856605
2026-04-19 17:03:39,040 - INFO -   [Ground Truth Oracle]
2026-04-19 17:03:39,041 - INFO -     Subject test MRR (lk): 0.893279
2026-04-19 17:03:39,041 - INFO -     Subject test MR (lk): 131.017979
2026-04-19 17:03:39,041 - INFO -     Subject test Hits (lk) @ 1: 0.887876
2026-04-19 17:03:39,041 - INFO -     Subject test Hits (lk) @ 3: 0.894535
2026-04-19 17:03:39,041 - INFO -     Subject test Hits (lk) @ 10: 0.901859
2026-04-19 17:03:39,042 - INFO -     Object test MRR (lk): 0.888857
2026-04-19 17:03:39,042 - INFO -     Object test MR (lk): 154.620038
2026-04-19 17:03:39,042 - INFO -     Object test Hits (lk) @ 1: 0.886647
2026-04-19 17:03:39,042 - INFO -     Object test Hits (lk) @ 3: 0.888132
2026-04-19 17:03:39,042 - INFO -     Object test Hits (lk) @ 10: 0.892178
2026-04-19 17:03:39,044 - INFO -     ALL test MRR (lk): 0.891068
2026-04-19 17:03:39,044 - INFO -     ALL test MR (lk): 142.819008
2026-04-19 17:03:39,044 - INFO -     ALL test Hits (lk) @ 1: 0.887261
2026-04-19 17:03:39,044 - INFO -     ALL test Hits (lk) @ 3: 0.891333
2026-04-19 17:03:39,044 - INFO -     ALL test Hits (lk) @ 10: 0.897019
2026-04-19 17:03:39,058 - INFO -   Model improved! Best MRR = 0.891068
2026-04-19 17:03:39,060 - INFO - Epoch 21/30
2026-04-19 17:03:45,791 - INFO - [TRAIN] Epoch 21: Loss = 5.599501 (Time: 6.73s)
2026-04-19 17:03:45,811 - INFO - [VRAM] Peak: 0.14GB | Reserved: 0.19GB
2026-04-19 17:03:45,811 - INFO - Epoch 22/30
2026-04-19 17:03:52,481 - INFO - [TRAIN] Epoch 22: Loss = 5.597331 (Time: 6.67s)
2026-04-19 17:03:52,500 - INFO - [VRAM] Peak: 0.14GB | Reserved: 0.19GB
2026-04-19 17:03:52,500 - INFO - Epoch 23/30
2026-04-19 17:03:59,562 - INFO - [TRAIN] Epoch 23: Loss = 5.595550 (Time: 7.06s)
2026-04-19 17:03:59,582 - INFO - [VRAM] Peak: 0.14GB | Reserved: 0.19GB
2026-04-19 17:03:59,582 - INFO - Epoch 24/30
2026-04-19 17:04:06,695 - INFO - [TRAIN] Epoch 24: Loss = 5.593758 (Time: 7.11s)
2026-04-19 17:04:06,714 - INFO - [VRAM] Peak: 0.14GB | Reserved: 0.19GB
2026-04-19 17:04:06,714 - INFO - Epoch 25/30
2026-04-19 17:04:13,507 - INFO - [TRAIN] Epoch 25: Loss = 5.592072 (Time: 6.79s)
2026-04-19 17:04:13,528 - INFO - [VRAM] Peak: 0.14GB | Reserved: 0.19GB
2026-04-19 17:04:13,528 - INFO - [VALIDATION] Epoch 25
2026-04-19 17:05:42,399 - INFO -   [No Oracle Filtering]
2026-04-19 17:05:42,401 - INFO -     Subject test MRR (lk): 0.835963
2026-04-19 17:05:42,401 - INFO -     Subject test MR (lk): 143.040337
2026-04-19 17:05:42,401 - INFO -     Subject test Hits (lk) @ 1: 0.820622
2026-04-19 17:05:42,401 - INFO -     Subject test Hits (lk) @ 3: 0.841674
2026-04-19 17:05:42,401 - INFO -     Subject test Hits (lk) @ 10: 0.863853
2026-04-19 17:05:42,403 - INFO -     Object test MRR (lk): 0.831852
2026-04-19 17:05:42,403 - INFO -     Object test MR (lk): 165.042181
2026-04-19 17:05:42,403 - INFO -     Object test Hits (lk) @ 1: 0.822158
2026-04-19 17:05:42,403 - INFO -     Object test Hits (lk) @ 3: 0.834452
2026-04-19 17:05:42,403 - INFO -     Object test Hits (lk) @ 10: 0.848486
2026-04-19 17:05:42,404 - INFO -     ALL test MRR (lk): 0.833908
2026-04-19 17:05:42,404 - INFO -     ALL test MR (lk): 154.041259
2026-04-19 17:05:42,404 - INFO -     ALL test Hits (lk) @ 1: 0.821390
2026-04-19 17:05:42,404 - INFO -     ALL test Hits (lk) @ 3: 0.838063
2026-04-19 17:05:42,405 - INFO -     ALL test Hits (lk) @ 10: 0.856170
2026-04-19 17:05:42,405 - INFO -   [Ground Truth Oracle]
2026-04-19 17:05:42,405 - INFO -     Subject test MRR (lk): 0.893541
2026-04-19 17:05:42,405 - INFO -     Subject test MR (lk): 134.347667
2026-04-19 17:05:42,406 - INFO -     Subject test Hits (lk) @ 1: 0.887722
2026-04-19 17:05:42,406 - INFO -     Subject test Hits (lk) @ 3: 0.894791
2026-04-19 17:05:42,406 - INFO -     Subject test Hits (lk) @ 10: 0.902884
2026-04-19 17:05:42,407 - INFO -     Object test MRR (lk): 0.889322
2026-04-19 17:05:42,407 - INFO -     Object test MR (lk): 154.513676
2026-04-19 17:05:42,407 - INFO -     Object test Hits (lk) @ 1: 0.887108
2026-04-19 17:05:42,407 - INFO -     Object test Hits (lk) @ 3: 0.888542
2026-04-19 17:05:42,407 - INFO -     Object test Hits (lk) @ 10: 0.892230
2026-04-19 17:05:42,408 - INFO -     ALL test MRR (lk): 0.891432
2026-04-19 17:05:42,408 - INFO -     ALL test MR (lk): 144.430672
2026-04-19 17:05:42,408 - INFO -     ALL test Hits (lk) @ 1: 0.887415
2026-04-19 17:05:42,408 - INFO -     ALL test Hits (lk) @ 3: 0.891666
2026-04-19 17:05:42,409 - INFO -     ALL test Hits (lk) @ 10: 0.897557
2026-04-19 17:05:42,423 - INFO -   Model improved! Best MRR = 0.891432
2026-04-19 17:05:42,426 - INFO - Epoch 26/30
2026-04-19 17:05:49,171 - INFO - [TRAIN] Epoch 26: Loss = 5.590741 (Time: 6.74s)
2026-04-19 17:05:49,190 - INFO - [VRAM] Peak: 0.14GB | Reserved: 0.19GB
2026-04-19 17:05:49,190 - INFO - Epoch 27/30
2026-04-19 17:05:55,834 - INFO - [TRAIN] Epoch 27: Loss = 5.589447 (Time: 6.64s)
2026-04-19 17:05:55,853 - INFO - [VRAM] Peak: 0.14GB | Reserved: 0.19GB
2026-04-19 17:05:55,853 - INFO - Epoch 28/30
2026-04-19 17:06:02,406 - INFO - [TRAIN] Epoch 28: Loss = 5.588350 (Time: 6.55s)
2026-04-19 17:06:02,425 - INFO - [VRAM] Peak: 0.14GB | Reserved: 0.19GB
2026-04-19 17:06:02,425 - INFO - Epoch 29/30
2026-04-19 17:06:08,985 - INFO - [TRAIN] Epoch 29: Loss = 5.587160 (Time: 6.56s)
2026-04-19 17:06:09,004 - INFO - [VRAM] Peak: 0.14GB | Reserved: 0.19GB
2026-04-19 17:06:09,004 - INFO - Epoch 30/30
2026-04-19 17:06:15,609 - INFO - [TRAIN] Epoch 30: Loss = 5.586163 (Time: 6.60s)
2026-04-19 17:06:15,628 - INFO - [VRAM] Peak: 0.14GB | Reserved: 0.19GB
2026-04-19 17:06:15,628 - INFO - [VALIDATION] Epoch 30
2026-04-19 17:07:42,400 - INFO -   [No Oracle Filtering]
2026-04-19 17:07:42,401 - INFO -     Subject test MRR (lk): 0.833535
2026-04-19 17:07:42,401 - INFO -     Subject test MR (lk): 143.597372
2026-04-19 17:07:42,401 - INFO -     Subject test Hits (lk) @ 1: 0.818112
2026-04-19 17:07:42,401 - INFO -     Subject test Hits (lk) @ 3: 0.839062
2026-04-19 17:07:42,402 - INFO -     Subject test Hits (lk) @ 10: 0.861855
2026-04-19 17:07:42,402 - INFO -     Object test MRR (lk): 0.829384
2026-04-19 17:07:42,402 - INFO -     Object test MR (lk): 167.187369
2026-04-19 17:07:42,402 - INFO -     Object test Hits (lk) @ 1: 0.819136
2026-04-19 17:07:42,403 - INFO -     Object test Hits (lk) @ 3: 0.831993
2026-04-19 17:07:42,403 - INFO -     Object test Hits (lk) @ 10: 0.846335
2026-04-19 17:07:42,404 - INFO -     ALL test MRR (lk): 0.831460
2026-04-19 17:07:42,404 - INFO -     ALL test MR (lk): 155.392371
2026-04-19 17:07:42,404 - INFO -     ALL test Hits (lk) @ 1: 0.818624
2026-04-19 17:07:42,404 - INFO -     ALL test Hits (lk) @ 3: 0.835527
2026-04-19 17:07:42,404 - INFO -     ALL test Hits (lk) @ 10: 0.854095
2026-04-19 17:07:42,404 - INFO -   [Ground Truth Oracle]
2026-04-19 17:07:42,405 - INFO -     Subject test MRR (lk): 0.893313
2026-04-19 17:07:42,405 - INFO -     Subject test MR (lk): 135.412513
2026-04-19 17:07:42,405 - INFO -     Subject test Hits (lk) @ 1: 0.887210
2026-04-19 17:07:42,405 - INFO -     Subject test Hits (lk) @ 3: 0.894996
2026-04-19 17:07:42,405 - INFO -     Subject test Hits (lk) @ 10: 0.902628
2026-04-19 17:07:42,406 - INFO -     Object test MRR (lk): 0.889070
2026-04-19 17:07:42,406 - INFO -     Object test MR (lk): 157.072069
2026-04-19 17:07:42,406 - INFO -     Object test Hits (lk) @ 1: 0.886442
2026-04-19 17:07:42,406 - INFO -     Object test Hits (lk) @ 3: 0.888644
2026-04-19 17:07:42,406 - INFO -     Object test Hits (lk) @ 10: 0.892639
2026-04-19 17:07:42,407 - INFO -     ALL test MRR (lk): 0.891192
2026-04-19 17:07:42,407 - INFO -     ALL test MR (lk): 146.242291
2026-04-19 17:07:42,407 - INFO -     ALL test Hits (lk) @ 1: 0.886826
2026-04-19 17:07:42,407 - INFO -     ALL test Hits (lk) @ 3: 0.891820
2026-04-19 17:07:42,407 - INFO -     ALL test Hits (lk) @ 10: 0.897634
2026-04-19 17:07:42,407 - INFO -   No improvement (Best: 0.891432 | Current: 0.891192)
2026-04-19 17:07:42,410 - INFO - Training completed!
2026-04-19 17:07:42,426 - INFO - [ORACLE TRAINING PHASE]
2026-04-19 17:07:42,427 - INFO - Starting Oracle training...
2026-04-19 17:07:46,934 - INFO - [ORACLE] Epoch 1: Loss = 45.947740 (Time: 4.51s)
2026-04-19 17:07:51,470 - INFO - [ORACLE] Epoch 2: Loss = 5.626783 (Time: 4.54s)
2026-04-19 17:07:56,042 - INFO - [ORACLE] Epoch 3: Loss = 4.571079 (Time: 4.57s)
2026-04-19 17:08:00,517 - INFO - [ORACLE] Epoch 4: Loss = 3.603895 (Time: 4.48s)
2026-04-19 17:08:04,895 - INFO - [ORACLE] Epoch 5: Loss = 2.648222 (Time: 4.38s)
2026-04-19 17:08:09,296 - INFO - [ORACLE] Epoch 6: Loss = 1.686527 (Time: 4.40s)
2026-04-19 17:08:13,799 - INFO - [ORACLE] Epoch 7: Loss = 0.894328 (Time: 4.50s)
2026-04-19 17:08:18,314 - INFO - [ORACLE] Epoch 8: Loss = 0.749106 (Time: 4.52s)
2026-04-19 17:08:22,771 - INFO - [ORACLE] Epoch 9: Loss = 0.725860 (Time: 4.46s)
2026-04-19 17:08:27,189 - INFO - [ORACLE] Epoch 10: Loss = 0.728426 (Time: 4.42s)
2026-04-19 17:08:31,726 - INFO - [ORACLE] Epoch 11: Loss = 0.704910 (Time: 4.54s)
2026-04-19 17:08:36,268 - INFO - [ORACLE] Epoch 12: Loss = 0.726703 (Time: 4.54s)
2026-04-19 17:08:40,695 - INFO - [ORACLE] Epoch 13: Loss = 0.705626 (Time: 4.43s)
2026-04-19 17:08:45,072 - INFO - [ORACLE] Epoch 14: Loss = 0.699372 (Time: 4.38s)
2026-04-19 17:08:49,599 - INFO - [ORACLE] Epoch 15: Loss = 0.716624 (Time: 4.53s)
2026-04-19 17:08:54,088 - INFO - [ORACLE] Epoch 16: Loss = 0.706607 (Time: 4.49s)
2026-04-19 17:08:58,630 - INFO - [ORACLE] Epoch 17: Loss = 0.703980 (Time: 4.54s)
2026-04-19 17:09:03,304 - INFO - [ORACLE] Epoch 18: Loss = 0.705715 (Time: 4.67s)
2026-04-19 17:09:08,050 - INFO - [ORACLE] Epoch 19: Loss = 0.698918 (Time: 4.75s)
2026-04-19 17:09:12,647 - INFO - [ORACLE] Epoch 20: Loss = 0.704501 (Time: 4.60s)
2026-04-19 17:09:12,647 - INFO - Oracle training completed!
2026-04-19 17:09:12,667 - INFO - [TEST PHASE]
2026-04-19 17:09:12,667 - INFO - Testing starts...
2026-04-19 17:10:46,275 - INFO - Test Results (Oracle):
2026-04-19 17:10:46,276 - INFO -     Subject test MRR (lk): 0.843165
2026-04-19 17:10:46,276 - INFO -     Subject test MR (lk): 737.487242
2026-04-19 17:10:46,276 - INFO -     Subject test Hits (lk) @ 1: 0.840358
2026-04-19 17:10:46,277 - INFO -     Subject test Hits (lk) @ 3: 0.845001
2026-04-19 17:10:46,277 - INFO -     Subject test Hits (lk) @ 10: 0.847049
2026-04-19 17:10:46,278 - INFO -     Object test MRR (lk): 0.839103
2026-04-19 17:10:46,278 - INFO -     Object test MR (lk): 798.642015
2026-04-19 17:10:46,278 - INFO -     Object test Hits (lk) @ 1: 0.838560
2026-04-19 17:10:46,278 - INFO -     Object test Hits (lk) @ 3: 0.839309
2026-04-19 17:10:46,278 - INFO -     Object test Hits (lk) @ 10: 0.839708
2026-04-19 17:10:46,279 - INFO -     ALL test MRR (lk): 0.841134
2026-04-19 17:10:46,279 - INFO -     ALL test MR (lk): 768.064628
2026-04-19 17:10:46,279 - INFO -     ALL test Hits (lk) @ 1: 0.839459
2026-04-19 17:10:46,279 - INFO -     ALL test Hits (lk) @ 3: 0.842155
2026-04-19 17:10:46,280 - INFO -     ALL test Hits (lk) @ 10: 0.843379
2026-04-19 17:10:46,280 - INFO - Testing completed! (Time: 93.61s)
