2026-04-18 04:33:08,125 - INFO - Loading configuration...
2026-04-18 04:33:08,125 - INFO - Loaded config from: configs/default.yaml
2026-04-18 04:33:08,126 - INFO - Loaded config from: configs/YAGO.yaml
2026-04-18 04:33:08,126 - INFO - Configuration Summary:
2026-04-18 04:33:08,126 - INFO -   alpha                = 0.2
2026-04-18 04:33:08,126 - INFO -   batch_size           = 1024
2026-04-18 04:33:08,126 - INFO -   dataset              = YAGO
2026-04-18 04:33:08,126 - INFO -   description          = yago_hard
2026-04-18 04:33:08,126 - INFO -   device               = cuda:0
2026-04-18 04:33:08,126 - INFO -   dropout              = 0.5
2026-04-18 04:33:08,126 - INFO -   embedding_dim        = 200
2026-04-18 04:33:08,126 - INFO -   eva_dir              = SAVE
2026-04-18 04:33:08,126 - INFO -   filtering            = True
2026-04-18 04:33:08,126 - INFO -   gpu_id               = 0
2026-04-18 04:33:08,126 - INFO -   grad_norm            = 1.0
2026-04-18 04:33:08,126 - INFO -   lambdax              = 2
2026-04-18 04:33:08,126 - INFO -   lr                   = 0.001
2026-04-18 04:33:08,126 - INFO -   max_epochs           = 30
2026-04-18 04:33:08,126 - INFO -   model_dir            = 
2026-04-18 04:33:08,126 - INFO -   only_eva             = False
2026-04-18 04:33:08,126 - INFO -   only_oracle          = False
2026-04-18 04:33:08,126 - INFO -   oracle_epochs        = 20
2026-04-18 04:33:08,126 - INFO -   oracle_lr            = 0.001
2026-04-18 04:33:08,126 - INFO -   oracle_mode          = hard
2026-04-18 04:33:08,126 - INFO -   save_dir             = SAVE
2026-04-18 04:33:08,126 - INFO -   seed                 = 987
2026-04-18 04:33:08,126 - INFO -   use_cuda             = True
2026-04-18 04:33:08,126 - INFO -   use_seed             = True
2026-04-18 04:33:08,126 - INFO -   valid_epochs         = 5
2026-04-18 04:33:08,126 - INFO -   weight_decay         = 1e-05
2026-04-18 04:33:08,126 - INFO - 
2026-04-18 04:33:08,127 - INFO - Saved config to: SAVE/yago_hard18-04-2026,04-33-08YAGO-EPOCH30/default.yaml
2026-04-18 04:33:08,127 - INFO - Saved config to: SAVE/yago_hard18-04-2026,04-33-08YAGO-EPOCH30/YAGO.yaml
2026-04-18 04:33:08,127 - INFO - Model Information:
2026-04-18 04:33:08,127 - INFO -   Total Parameters: 5,097,001
2026-04-18 04:33:08,127 - INFO -   Trainable Parameters: 5,097,001
2026-04-18 04:33:08,128 - INFO -   GPU Memory Reserved: 0.02 GB
2026-04-18 04:33:08,128 - INFO -   GPU Memory Allocated: 0.02 GB
2026-04-18 04:33:08,128 - INFO -   GPU Memory Peak: 0.02 GB
2026-04-18 04:33:08,128 - INFO - Epoch 1/30
2026-04-18 04:33:16,914 - INFO - [TRAIN] Epoch 1: Loss = 5.923394 (Time: 8.79s)
2026-04-18 04:33:16,933 - INFO - [VRAM] Peak: 0.21GB | Reserved: 0.27GB
2026-04-18 04:33:16,933 - INFO - Epoch 2/30
2026-04-18 04:33:25,125 - INFO - [TRAIN] Epoch 2: Loss = 5.813200 (Time: 8.19s)
2026-04-18 04:33:25,144 - INFO - [VRAM] Peak: 0.21GB | Reserved: 0.27GB
2026-04-18 04:33:25,144 - INFO - Epoch 3/30
2026-04-18 04:33:33,113 - INFO - [TRAIN] Epoch 3: Loss = 5.770091 (Time: 7.97s)
2026-04-18 04:33:33,132 - INFO - [VRAM] Peak: 0.21GB | Reserved: 0.27GB
2026-04-18 04:33:33,132 - INFO - Epoch 4/30
2026-04-18 04:33:41,235 - INFO - [TRAIN] Epoch 4: Loss = 5.743556 (Time: 8.10s)
2026-04-18 04:33:41,254 - INFO - [VRAM] Peak: 0.21GB | Reserved: 0.27GB
2026-04-18 04:33:41,254 - INFO - Epoch 5/30
2026-04-18 04:33:49,672 - INFO - [TRAIN] Epoch 5: Loss = 5.722265 (Time: 8.42s)
2026-04-18 04:33:49,719 - INFO - [VRAM] Peak: 0.21GB | Reserved: 0.27GB
2026-04-18 04:33:49,719 - INFO - [VALIDATION] Epoch 5
2026-04-18 04:35:19,003 - INFO -   [No Oracle Filtering]
2026-04-18 04:35:19,004 - INFO -     Subject test MRR (lk): 0.828570
2026-04-18 04:35:19,004 - INFO -     Subject test MR (lk): 159.572223
2026-04-18 04:35:19,004 - INFO -     Subject test Hits (lk) @ 1: 0.811146
2026-04-18 04:35:19,004 - INFO -     Subject test Hits (lk) @ 3: 0.837320
2026-04-18 04:35:19,004 - INFO -     Subject test Hits (lk) @ 10: 0.860370
2026-04-18 04:35:19,006 - INFO -     Object test MRR (lk): 0.830991
2026-04-18 04:35:19,006 - INFO -     Object test MR (lk): 197.043769
2026-04-18 04:35:19,006 - INFO -     Object test Hits (lk) @ 1: 0.823337
2026-04-18 04:35:19,006 - INFO -     Object test Hits (lk) @ 3: 0.834759
2026-04-18 04:35:19,006 - INFO -     Object test Hits (lk) @ 10: 0.843415
2026-04-18 04:35:19,011 - INFO -     ALL test MRR (lk): 0.829780
2026-04-18 04:35:19,011 - INFO -     ALL test MR (lk): 178.307996
2026-04-18 04:35:19,011 - INFO -     ALL test Hits (lk) @ 1: 0.817241
2026-04-18 04:35:19,011 - INFO -     ALL test Hits (lk) @ 3: 0.836040
2026-04-18 04:35:19,011 - INFO -     ALL test Hits (lk) @ 10: 0.851893
2026-04-18 04:35:19,011 - INFO -   [Ground Truth Oracle]
2026-04-18 04:35:19,013 - INFO -     Subject test MRR (lk): 0.891843
2026-04-18 04:35:19,013 - INFO -     Subject test MR (lk): 151.072146
2026-04-18 04:35:19,013 - INFO -     Subject test Hits (lk) @ 1: 0.888337
2026-04-18 04:35:19,013 - INFO -     Subject test Hits (lk) @ 3: 0.892639
2026-04-18 04:35:19,013 - INFO -     Subject test Hits (lk) @ 10: 0.896584
2026-04-18 04:35:19,015 - INFO -     Object test MRR (lk): 0.887166
2026-04-18 04:35:19,015 - INFO -     Object test MR (lk): 182.243892
2026-04-18 04:35:19,015 - INFO -     Object test Hits (lk) @ 1: 0.885776
2026-04-18 04:35:19,016 - INFO -     Object test Hits (lk) @ 3: 0.886698
2026-04-18 04:35:19,016 - INFO -     Object test Hits (lk) @ 10: 0.888695
2026-04-18 04:35:19,018 - INFO -     ALL test MRR (lk): 0.889504
2026-04-18 04:35:19,018 - INFO -     ALL test MR (lk): 166.658019
2026-04-18 04:35:19,018 - INFO -     ALL test Hits (lk) @ 1: 0.887056
2026-04-18 04:35:19,018 - INFO -     ALL test Hits (lk) @ 3: 0.889669
2026-04-18 04:35:19,018 - INFO -     ALL test Hits (lk) @ 10: 0.892639
2026-04-18 04:35:19,044 - INFO -   Model improved! Best MRR = 0.889504
2026-04-18 04:35:19,047 - INFO - Epoch 6/30
2026-04-18 04:35:30,760 - INFO - [TRAIN] Epoch 6: Loss = 5.705523 (Time: 11.71s)
2026-04-18 04:35:30,780 - INFO - [VRAM] Peak: 0.21GB | Reserved: 0.27GB
2026-04-18 04:35:30,781 - INFO - Epoch 7/30
2026-04-18 04:35:39,425 - INFO - [TRAIN] Epoch 7: Loss = 5.692521 (Time: 8.64s)
2026-04-18 04:35:39,444 - INFO - [VRAM] Peak: 0.21GB | Reserved: 0.27GB
2026-04-18 04:35:39,444 - INFO - Epoch 8/30
2026-04-18 04:35:47,813 - INFO - [TRAIN] Epoch 8: Loss = 5.679962 (Time: 8.37s)
2026-04-18 04:35:47,832 - INFO - [VRAM] Peak: 0.21GB | Reserved: 0.27GB
2026-04-18 04:35:47,832 - INFO - Epoch 9/30
2026-04-18 04:35:56,317 - INFO - [TRAIN] Epoch 9: Loss = 5.667299 (Time: 8.48s)
2026-04-18 04:35:56,336 - INFO - [VRAM] Peak: 0.21GB | Reserved: 0.27GB
2026-04-18 04:35:56,336 - INFO - Epoch 10/30
2026-04-18 04:36:06,268 - INFO - [TRAIN] Epoch 10: Loss = 5.655165 (Time: 9.93s)
2026-04-18 04:36:06,288 - INFO - [VRAM] Peak: 0.21GB | Reserved: 0.27GB
2026-04-18 04:36:06,288 - INFO - [VALIDATION] Epoch 10
2026-04-18 04:37:42,208 - INFO -   [No Oracle Filtering]
2026-04-18 04:37:42,210 - INFO -     Subject test MRR (lk): 0.846621
2026-04-18 04:37:42,210 - INFO -     Subject test MR (lk): 148.800620
2026-04-18 04:37:42,210 - INFO -     Subject test Hits (lk) @ 1: 0.835015
2026-04-18 04:37:42,210 - INFO -     Subject test Hits (lk) @ 3: 0.851355
2026-04-18 04:37:42,210 - INFO -     Subject test Hits (lk) @ 10: 0.865697
2026-04-18 04:37:42,211 - INFO -     Object test MRR (lk): 0.839437
2026-04-18 04:37:42,211 - INFO -     Object test MR (lk): 174.402833
2026-04-18 04:37:42,211 - INFO -     Object test Hits (lk) @ 1: 0.834247
2026-04-18 04:37:42,211 - INFO -     Object test Hits (lk) @ 3: 0.839625
2026-04-18 04:37:42,211 - INFO -     Object test Hits (lk) @ 10: 0.847974
2026-04-18 04:37:42,213 - INFO -     ALL test MRR (lk): 0.843029
2026-04-18 04:37:42,213 - INFO -     ALL test MR (lk): 161.601726
2026-04-18 04:37:42,213 - INFO -     ALL test Hits (lk) @ 1: 0.834631
2026-04-18 04:37:42,213 - INFO -     ALL test Hits (lk) @ 3: 0.845490
2026-04-18 04:37:42,213 - INFO -     ALL test Hits (lk) @ 10: 0.856836
2026-04-18 04:37:42,213 - INFO -   [Ground Truth Oracle]
2026-04-18 04:37:42,214 - INFO -     Subject test MRR (lk): 0.891825
2026-04-18 04:37:42,214 - INFO -     Subject test MR (lk): 138.903729
2026-04-18 04:37:42,214 - INFO -     Subject test Hits (lk) @ 1: 0.887620
2026-04-18 04:37:42,214 - INFO -     Subject test Hits (lk) @ 3: 0.892896
2026-04-18 04:37:42,214 - INFO -     Subject test Hits (lk) @ 10: 0.897915
2026-04-18 04:37:42,215 - INFO -     Object test MRR (lk): 0.887813
2026-04-18 04:37:42,215 - INFO -     Object test MR (lk): 160.284459
2026-04-18 04:37:42,215 - INFO -     Object test Hits (lk) @ 1: 0.886237
2026-04-18 04:37:42,215 - INFO -     Object test Hits (lk) @ 3: 0.887312
2026-04-18 04:37:42,215 - INFO -     Object test Hits (lk) @ 10: 0.889464
2026-04-18 04:37:42,217 - INFO -     ALL test MRR (lk): 0.889819
2026-04-18 04:37:42,217 - INFO -     ALL test MR (lk): 149.594094
2026-04-18 04:37:42,217 - INFO -     ALL test Hits (lk) @ 1: 0.886928
2026-04-18 04:37:42,217 - INFO -     ALL test Hits (lk) @ 3: 0.890104
2026-04-18 04:37:42,217 - INFO -     ALL test Hits (lk) @ 10: 0.893689
2026-04-18 04:37:42,234 - INFO -   Model improved! Best MRR = 0.889819
2026-04-18 04:37:42,237 - INFO - Epoch 11/30
2026-04-18 04:37:51,006 - INFO - [TRAIN] Epoch 11: Loss = 5.644625 (Time: 8.77s)
2026-04-18 04:37:51,025 - INFO - [VRAM] Peak: 0.21GB | Reserved: 0.27GB
2026-04-18 04:37:51,025 - INFO - Epoch 12/30
2026-04-18 04:38:00,535 - INFO - [TRAIN] Epoch 12: Loss = 5.635776 (Time: 9.51s)
2026-04-18 04:38:00,554 - INFO - [VRAM] Peak: 0.21GB | Reserved: 0.27GB
2026-04-18 04:38:00,555 - INFO - Epoch 13/30
2026-04-18 04:38:09,436 - INFO - [TRAIN] Epoch 13: Loss = 5.628554 (Time: 8.88s)
2026-04-18 04:38:09,461 - INFO - [VRAM] Peak: 0.21GB | Reserved: 0.27GB
2026-04-18 04:38:09,461 - INFO - Epoch 14/30
2026-04-18 04:38:18,635 - INFO - [TRAIN] Epoch 14: Loss = 5.622904 (Time: 9.17s)
2026-04-18 04:38:18,655 - INFO - [VRAM] Peak: 0.21GB | Reserved: 0.27GB
2026-04-18 04:38:18,655 - INFO - Epoch 15/30
2026-04-18 04:38:27,721 - INFO - [TRAIN] Epoch 15: Loss = 5.618376 (Time: 9.07s)
2026-04-18 04:38:27,740 - INFO - [VRAM] Peak: 0.21GB | Reserved: 0.27GB
2026-04-18 04:38:27,740 - INFO - [VALIDATION] Epoch 15
2026-04-18 04:40:00,174 - INFO -   [No Oracle Filtering]
2026-04-18 04:40:00,175 - INFO -     Subject test MRR (lk): 0.843569
2026-04-18 04:40:00,175 - INFO -     Subject test MR (lk): 143.345208
2026-04-18 04:40:00,175 - INFO -     Subject test Hits (lk) @ 1: 0.830661
2026-04-18 04:40:00,175 - INFO -     Subject test Hits (lk) @ 3: 0.847974
2026-04-18 04:40:00,176 - INFO -     Subject test Hits (lk) @ 10: 0.866414
2026-04-18 04:40:00,176 - INFO -     Object test MRR (lk): 0.835283
2026-04-18 04:40:00,176 - INFO -     Object test MR (lk): 168.623726
2026-04-18 04:40:00,177 - INFO -     Object test Hits (lk) @ 1: 0.827486
2026-04-18 04:40:00,177 - INFO -     Object test Hits (lk) @ 3: 0.837474
2026-04-18 04:40:00,177 - INFO -     Object test Hits (lk) @ 10: 0.849101
2026-04-18 04:40:00,178 - INFO -     ALL test MRR (lk): 0.839426
2026-04-18 04:40:00,178 - INFO -     ALL test MR (lk): 155.984467
2026-04-18 04:40:00,178 - INFO -     ALL test Hits (lk) @ 1: 0.829073
2026-04-18 04:40:00,178 - INFO -     ALL test Hits (lk) @ 3: 0.842724
2026-04-18 04:40:00,178 - INFO -     ALL test Hits (lk) @ 10: 0.857758
2026-04-18 04:40:00,178 - INFO -   [Ground Truth Oracle]
2026-04-18 04:40:00,179 - INFO -     Subject test MRR (lk): 0.892513
2026-04-18 04:40:00,179 - INFO -     Subject test MR (lk): 133.205578
2026-04-18 04:40:00,179 - INFO -     Subject test Hits (lk) @ 1: 0.887620
2026-04-18 04:40:00,179 - INFO -     Subject test Hits (lk) @ 3: 0.893305
2026-04-18 04:40:00,179 - INFO -     Subject test Hits (lk) @ 10: 0.899964
2026-04-18 04:40:00,180 - INFO -     Object test MRR (lk): 0.888356
2026-04-18 04:40:00,180 - INFO -     Object test MR (lk): 155.875275
2026-04-18 04:40:00,180 - INFO -     Object test Hits (lk) @ 1: 0.886237
2026-04-18 04:40:00,180 - INFO -     Object test Hits (lk) @ 3: 0.887825
2026-04-18 04:40:00,180 - INFO -     Object test Hits (lk) @ 10: 0.890795
2026-04-18 04:40:00,182 - INFO -     ALL test MRR (lk): 0.890435
2026-04-18 04:40:00,182 - INFO -     ALL test MR (lk): 144.540427
2026-04-18 04:40:00,182 - INFO -     ALL test Hits (lk) @ 1: 0.886928
2026-04-18 04:40:00,182 - INFO -     ALL test Hits (lk) @ 3: 0.890565
2026-04-18 04:40:00,182 - INFO -     ALL test Hits (lk) @ 10: 0.895380
2026-04-18 04:40:00,196 - INFO -   Model improved! Best MRR = 0.890435
2026-04-18 04:40:00,199 - INFO - Epoch 16/30
2026-04-18 04:40:08,961 - INFO - [TRAIN] Epoch 16: Loss = 5.614750 (Time: 8.76s)
2026-04-18 04:40:08,980 - INFO - [VRAM] Peak: 0.21GB | Reserved: 0.27GB
2026-04-18 04:40:08,980 - INFO - Epoch 17/30
2026-04-18 04:40:17,516 - INFO - [TRAIN] Epoch 17: Loss = 5.611568 (Time: 8.54s)
2026-04-18 04:40:17,536 - INFO - [VRAM] Peak: 0.21GB | Reserved: 0.27GB
2026-04-18 04:40:17,536 - INFO - Epoch 18/30
2026-04-18 04:40:26,040 - INFO - [TRAIN] Epoch 18: Loss = 5.608791 (Time: 8.50s)
2026-04-18 04:40:26,059 - INFO - [VRAM] Peak: 0.21GB | Reserved: 0.27GB
2026-04-18 04:40:26,060 - INFO - Epoch 19/30
2026-04-18 04:40:34,414 - INFO - [TRAIN] Epoch 19: Loss = 5.606242 (Time: 8.35s)
2026-04-18 04:40:34,433 - INFO - [VRAM] Peak: 0.21GB | Reserved: 0.27GB
2026-04-18 04:40:34,433 - INFO - Epoch 20/30
2026-04-18 04:40:42,716 - INFO - [TRAIN] Epoch 20: Loss = 5.603865 (Time: 8.28s)
2026-04-18 04:40:42,736 - INFO - [VRAM] Peak: 0.21GB | Reserved: 0.27GB
2026-04-18 04:40:42,736 - INFO - [VALIDATION] Epoch 20
2026-04-18 04:42:17,036 - INFO -   [No Oracle Filtering]
2026-04-18 04:42:17,038 - INFO -     Subject test MRR (lk): 0.838795
2026-04-18 04:42:17,038 - INFO -     Subject test MR (lk): 143.762127
2026-04-18 04:42:17,038 - INFO -     Subject test Hits (lk) @ 1: 0.825027
2026-04-18 04:42:17,038 - INFO -     Subject test Hits (lk) @ 3: 0.843620
2026-04-18 04:42:17,038 - INFO -     Subject test Hits (lk) @ 10: 0.863597
2026-04-18 04:42:17,039 - INFO -     Object test MRR (lk): 0.831328
2026-04-18 04:42:17,039 - INFO -     Object test MR (lk): 167.952671
2026-04-18 04:42:17,039 - INFO -     Object test Hits (lk) @ 1: 0.821954
2026-04-18 04:42:17,039 - INFO -     Object test Hits (lk) @ 3: 0.833991
2026-04-18 04:42:17,039 - INFO -     Object test Hits (lk) @ 10: 0.847821
2026-04-18 04:42:17,041 - INFO -     ALL test MRR (lk): 0.835062
2026-04-18 04:42:17,041 - INFO -     ALL test MR (lk): 155.857399
2026-04-18 04:42:17,041 - INFO -     ALL test Hits (lk) @ 1: 0.823490
2026-04-18 04:42:17,041 - INFO -     ALL test Hits (lk) @ 3: 0.838806
2026-04-18 04:42:17,041 - INFO -     ALL test Hits (lk) @ 10: 0.855709
2026-04-18 04:42:17,041 - INFO -   [Ground Truth Oracle]
2026-04-18 04:42:17,042 - INFO -     Subject test MRR (lk): 0.892839
2026-04-18 04:42:17,042 - INFO -     Subject test MR (lk): 133.779286
2026-04-18 04:42:17,042 - INFO -     Subject test Hits (lk) @ 1: 0.887415
2026-04-18 04:42:17,042 - INFO -     Subject test Hits (lk) @ 3: 0.893869
2026-04-18 04:42:17,042 - INFO -     Subject test Hits (lk) @ 10: 0.900886
2026-04-18 04:42:17,043 - INFO -     Object test MRR (lk): 0.888719
2026-04-18 04:42:17,043 - INFO -     Object test MR (lk): 156.490908
2026-04-18 04:42:17,043 - INFO -     Object test Hits (lk) @ 1: 0.886390
2026-04-18 04:42:17,043 - INFO -     Object test Hits (lk) @ 3: 0.888183
2026-04-18 04:42:17,044 - INFO -     Object test Hits (lk) @ 10: 0.892127
2026-04-18 04:42:17,046 - INFO -     ALL test MRR (lk): 0.890779
2026-04-18 04:42:17,046 - INFO -     ALL test MR (lk): 145.135097
2026-04-18 04:42:17,046 - INFO -     ALL test Hits (lk) @ 1: 0.886903
2026-04-18 04:42:17,046 - INFO -     ALL test Hits (lk) @ 3: 0.891026
2026-04-18 04:42:17,046 - INFO -     ALL test Hits (lk) @ 10: 0.896507
2026-04-18 04:42:17,065 - INFO -   Model improved! Best MRR = 0.890779
2026-04-18 04:42:17,069 - INFO - Epoch 21/30
2026-04-18 04:42:26,804 - INFO - [TRAIN] Epoch 21: Loss = 5.601804 (Time: 9.74s)
2026-04-18 04:42:26,825 - INFO - [VRAM] Peak: 0.21GB | Reserved: 0.27GB
2026-04-18 04:42:26,825 - INFO - Epoch 22/30
2026-04-18 04:42:35,040 - INFO - [TRAIN] Epoch 22: Loss = 5.599660 (Time: 8.22s)
2026-04-18 04:42:35,059 - INFO - [VRAM] Peak: 0.21GB | Reserved: 0.27GB
2026-04-18 04:42:35,060 - INFO - Epoch 23/30
2026-04-18 04:42:43,369 - INFO - [TRAIN] Epoch 23: Loss = 5.597774 (Time: 8.31s)
2026-04-18 04:42:43,388 - INFO - [VRAM] Peak: 0.21GB | Reserved: 0.27GB
2026-04-18 04:42:43,388 - INFO - Epoch 24/30
2026-04-18 04:42:51,328 - INFO - [TRAIN] Epoch 24: Loss = 5.596031 (Time: 7.94s)
2026-04-18 04:42:51,347 - INFO - [VRAM] Peak: 0.21GB | Reserved: 0.27GB
2026-04-18 04:42:51,347 - INFO - Epoch 25/30
2026-04-18 04:42:59,765 - INFO - [TRAIN] Epoch 25: Loss = 5.594319 (Time: 8.42s)
2026-04-18 04:42:59,784 - INFO - [VRAM] Peak: 0.21GB | Reserved: 0.27GB
2026-04-18 04:42:59,784 - INFO - [VALIDATION] Epoch 25
2026-04-18 04:44:29,044 - INFO -   [No Oracle Filtering]
2026-04-18 04:44:29,045 - INFO -     Subject test MRR (lk): 0.835803
2026-04-18 04:44:29,045 - INFO -     Subject test MR (lk): 143.579650
2026-04-18 04:44:29,045 - INFO -     Subject test Hits (lk) @ 1: 0.820263
2026-04-18 04:44:29,045 - INFO -     Subject test Hits (lk) @ 3: 0.841418
2026-04-18 04:44:29,045 - INFO -     Subject test Hits (lk) @ 10: 0.863955
2026-04-18 04:44:29,046 - INFO -     Object test MRR (lk): 0.829486
2026-04-18 04:44:29,046 - INFO -     Object test MR (lk): 167.303770
2026-04-18 04:44:29,046 - INFO -     Object test Hits (lk) @ 1: 0.819034
2026-04-18 04:44:29,046 - INFO -     Object test Hits (lk) @ 3: 0.832915
2026-04-18 04:44:29,046 - INFO -     Object test Hits (lk) @ 10: 0.846796
2026-04-18 04:44:29,048 - INFO -     ALL test MRR (lk): 0.832645
2026-04-18 04:44:29,048 - INFO -     ALL test MR (lk): 155.441710
2026-04-18 04:44:29,048 - INFO -     ALL test Hits (lk) @ 1: 0.819649
2026-04-18 04:44:29,048 - INFO -     ALL test Hits (lk) @ 3: 0.837166
2026-04-18 04:44:29,048 - INFO -     ALL test Hits (lk) @ 10: 0.855376
2026-04-18 04:44:29,048 - INFO -   [Ground Truth Oracle]
2026-04-18 04:44:29,049 - INFO -     Subject test MRR (lk): 0.892905
2026-04-18 04:44:29,049 - INFO -     Subject test MR (lk): 134.127209
2026-04-18 04:44:29,049 - INFO -     Subject test Hits (lk) @ 1: 0.887261
2026-04-18 04:44:29,049 - INFO -     Subject test Hits (lk) @ 3: 0.894074
2026-04-18 04:44:29,049 - INFO -     Subject test Hits (lk) @ 10: 0.901706
2026-04-18 04:44:29,050 - INFO -     Object test MRR (lk): 0.888950
2026-04-18 04:44:29,050 - INFO -     Object test MR (lk): 157.355657
2026-04-18 04:44:29,050 - INFO -     Object test Hits (lk) @ 1: 0.886544
2026-04-18 04:44:29,050 - INFO -     Object test Hits (lk) @ 3: 0.888388
2026-04-18 04:44:29,050 - INFO -     Object test Hits (lk) @ 10: 0.892332
2026-04-18 04:44:29,051 - INFO -     ALL test MRR (lk): 0.890927
2026-04-18 04:44:29,051 - INFO -     ALL test MR (lk): 145.741433
2026-04-18 04:44:29,052 - INFO -     ALL test Hits (lk) @ 1: 0.886903
2026-04-18 04:44:29,052 - INFO -     ALL test Hits (lk) @ 3: 0.891231
2026-04-18 04:44:29,052 - INFO -     ALL test Hits (lk) @ 10: 0.897019
2026-04-18 04:44:29,069 - INFO -   Model improved! Best MRR = 0.890927
2026-04-18 04:44:29,072 - INFO - Epoch 26/30
2026-04-18 04:44:40,139 - INFO - [TRAIN] Epoch 26: Loss = 5.592661 (Time: 11.07s)
2026-04-18 04:44:40,160 - INFO - [VRAM] Peak: 0.21GB | Reserved: 0.27GB
2026-04-18 04:44:40,160 - INFO - Epoch 27/30
2026-04-18 04:44:51,615 - INFO - [TRAIN] Epoch 27: Loss = 5.591367 (Time: 11.45s)
2026-04-18 04:44:51,635 - INFO - [VRAM] Peak: 0.21GB | Reserved: 0.27GB
2026-04-18 04:44:51,635 - INFO - Epoch 28/30
2026-04-18 04:45:01,969 - INFO - [TRAIN] Epoch 28: Loss = 5.589914 (Time: 10.33s)
2026-04-18 04:45:01,988 - INFO - [VRAM] Peak: 0.21GB | Reserved: 0.27GB
2026-04-18 04:45:01,989 - INFO - Epoch 29/30
2026-04-18 04:45:11,517 - INFO - [TRAIN] Epoch 29: Loss = 5.588773 (Time: 9.53s)
2026-04-18 04:45:11,537 - INFO - [VRAM] Peak: 0.21GB | Reserved: 0.27GB
2026-04-18 04:45:11,538 - INFO - Epoch 30/30
2026-04-18 04:45:20,220 - INFO - [TRAIN] Epoch 30: Loss = 5.587619 (Time: 8.68s)
2026-04-18 04:45:20,239 - INFO - [VRAM] Peak: 0.21GB | Reserved: 0.27GB
2026-04-18 04:45:20,239 - INFO - [VALIDATION] Epoch 30
2026-04-18 04:46:51,245 - INFO -   [No Oracle Filtering]
2026-04-18 04:46:51,246 - INFO -     Subject test MRR (lk): 0.834189
2026-04-18 04:46:51,246 - INFO -     Subject test MR (lk): 145.917712
2026-04-18 04:46:51,246 - INFO -     Subject test Hits (lk) @ 1: 0.818214
2026-04-18 04:46:51,246 - INFO -     Subject test Hits (lk) @ 3: 0.840393
2026-04-18 04:46:51,246 - INFO -     Subject test Hits (lk) @ 10: 0.863085
2026-04-18 04:46:51,247 - INFO -     Object test MRR (lk): 0.828990
2026-04-18 04:46:51,247 - INFO -     Object test MR (lk): 168.024842
2026-04-18 04:46:51,247 - INFO -     Object test Hits (lk) @ 1: 0.818061
2026-04-18 04:46:51,247 - INFO -     Object test Hits (lk) @ 3: 0.831993
2026-04-18 04:46:51,247 - INFO -     Object test Hits (lk) @ 10: 0.848025
2026-04-18 04:46:51,248 - INFO -     ALL test MRR (lk): 0.831589
2026-04-18 04:46:51,248 - INFO -     ALL test MR (lk): 156.971277
2026-04-18 04:46:51,248 - INFO -     ALL test Hits (lk) @ 1: 0.818138
2026-04-18 04:46:51,248 - INFO -     ALL test Hits (lk) @ 3: 0.836193
2026-04-18 04:46:51,248 - INFO -     ALL test Hits (lk) @ 10: 0.855555
2026-04-18 04:46:51,248 - INFO -   [Ground Truth Oracle]
2026-04-18 04:46:51,249 - INFO -     Subject test MRR (lk): 0.892914
2026-04-18 04:46:51,249 - INFO -     Subject test MR (lk): 137.196307
2026-04-18 04:46:51,249 - INFO -     Subject test Hits (lk) @ 1: 0.886851
2026-04-18 04:46:51,249 - INFO -     Subject test Hits (lk) @ 3: 0.894535
2026-04-18 04:46:51,249 - INFO -     Subject test Hits (lk) @ 10: 0.902423
2026-04-18 04:46:51,250 - INFO -     Object test MRR (lk): 0.889209
2026-04-18 04:46:51,250 - INFO -     Object test MR (lk): 158.633458
2026-04-18 04:46:51,250 - INFO -     Object test Hits (lk) @ 1: 0.886698
2026-04-18 04:46:51,250 - INFO -     Object test Hits (lk) @ 3: 0.888439
2026-04-18 04:46:51,250 - INFO -     Object test Hits (lk) @ 10: 0.892793
2026-04-18 04:46:51,252 - INFO -     ALL test MRR (lk): 0.891062
2026-04-18 04:46:51,252 - INFO -     ALL test MR (lk): 147.914882
2026-04-18 04:46:51,252 - INFO -     ALL test Hits (lk) @ 1: 0.886775
2026-04-18 04:46:51,252 - INFO -     ALL test Hits (lk) @ 3: 0.891487
2026-04-18 04:46:51,252 - INFO -     ALL test Hits (lk) @ 10: 0.897608
2026-04-18 04:46:51,267 - INFO -   Model improved! Best MRR = 0.891062
2026-04-18 04:46:51,269 - INFO - Training completed!
2026-04-18 04:46:51,278 - INFO - [ORACLE TRAINING PHASE]
2026-04-18 04:46:51,278 - INFO - Starting Oracle training...
2026-04-18 04:46:56,740 - INFO - [ORACLE] Epoch 1: Loss = 45.852682 (Time: 5.46s)
2026-04-18 04:47:02,147 - INFO - [ORACLE] Epoch 2: Loss = 5.654214 (Time: 5.41s)
2026-04-18 04:47:07,458 - INFO - [ORACLE] Epoch 3: Loss = 4.593987 (Time: 5.31s)
2026-04-18 04:47:12,733 - INFO - [ORACLE] Epoch 4: Loss = 3.612622 (Time: 5.27s)
2026-04-18 04:47:18,008 - INFO - [ORACLE] Epoch 5: Loss = 2.659031 (Time: 5.28s)
2026-04-18 04:47:23,746 - INFO - [ORACLE] Epoch 6: Loss = 1.709777 (Time: 5.74s)
2026-04-18 04:47:29,514 - INFO - [ORACLE] Epoch 7: Loss = 0.914963 (Time: 5.77s)
2026-04-18 04:47:35,324 - INFO - [ORACLE] Epoch 8: Loss = 0.738685 (Time: 5.81s)
2026-04-18 04:47:41,137 - INFO - [ORACLE] Epoch 9: Loss = 0.725440 (Time: 5.81s)
2026-04-18 04:47:46,713 - INFO - [ORACLE] Epoch 10: Loss = 0.724525 (Time: 5.58s)
2026-04-18 04:47:52,171 - INFO - [ORACLE] Epoch 11: Loss = 0.711703 (Time: 5.46s)
2026-04-18 04:47:57,914 - INFO - [ORACLE] Epoch 12: Loss = 0.708212 (Time: 5.74s)
2026-04-18 04:48:03,369 - INFO - [ORACLE] Epoch 13: Loss = 0.709963 (Time: 5.45s)
2026-04-18 04:48:08,735 - INFO - [ORACLE] Epoch 14: Loss = 0.727100 (Time: 5.37s)
2026-04-18 04:48:14,134 - INFO - [ORACLE] Epoch 15: Loss = 0.702411 (Time: 5.40s)
2026-04-18 04:48:19,564 - INFO - [ORACLE] Epoch 16: Loss = 0.698234 (Time: 5.43s)
2026-04-18 04:48:25,013 - INFO - [ORACLE] Epoch 17: Loss = 0.704208 (Time: 5.45s)
2026-04-18 04:48:30,466 - INFO - [ORACLE] Epoch 18: Loss = 0.686650 (Time: 5.45s)
2026-04-18 04:48:36,062 - INFO - [ORACLE] Epoch 19: Loss = 0.689386 (Time: 5.60s)
2026-04-18 04:48:41,656 - INFO - [ORACLE] Epoch 20: Loss = 0.684047 (Time: 5.59s)
2026-04-18 04:48:41,656 - INFO - Oracle training completed!
2026-04-18 04:48:41,672 - INFO - [TEST PHASE]
2026-04-18 04:48:41,672 - INFO - Testing starts...
2026-04-18 04:50:17,704 - INFO - Test Results (Oracle):
2026-04-18 04:50:17,706 - INFO -     Subject test MRR (lk): 0.842419
2026-04-18 04:50:17,706 - INFO -     Subject test MR (lk): 738.486343
2026-04-18 04:50:17,706 - INFO -     Subject test Hits (lk) @ 1: 0.838710
2026-04-18 04:50:17,706 - INFO -     Subject test Hits (lk) @ 3: 0.844852
2026-04-18 04:50:17,706 - INFO -     Subject test Hits (lk) @ 10: 0.847249
2026-04-18 04:50:17,707 - INFO -     Object test MRR (lk): 0.839601
2026-04-18 04:50:17,707 - INFO -     Object test MR (lk): 797.991960
2026-04-18 04:50:17,707 - INFO -     Object test Hits (lk) @ 1: 0.839109
2026-04-18 04:50:17,707 - INFO -     Object test Hits (lk) @ 3: 0.839609
2026-04-18 04:50:17,707 - INFO -     Object test Hits (lk) @ 10: 0.840407
2026-04-18 04:50:17,708 - INFO -     ALL test MRR (lk): 0.841010
2026-04-18 04:50:17,708 - INFO -     ALL test MR (lk): 768.239152
2026-04-18 04:50:17,708 - INFO -     ALL test Hits (lk) @ 1: 0.838909
2026-04-18 04:50:17,708 - INFO -     ALL test Hits (lk) @ 3: 0.842230
2026-04-18 04:50:17,708 - INFO -     ALL test Hits (lk) @ 10: 0.843828
2026-04-18 04:50:17,708 - INFO - Testing completed! (Time: 96.03s)
