2026-04-22 10:45:01,314 - INFO - Loaded config from: configs/default.yaml
2026-04-22 10:45:01,314 - INFO - Loaded config from: configs/YAGO.yaml
2026-04-22 10:45:01,314 - INFO -   alpha                = 0.2
2026-04-22 10:45:01,314 - INFO -   batch_size           = 1024
2026-04-22 10:45:01,314 - INFO -   dataset              = YAGO
2026-04-22 10:45:01,314 - INFO -   description          = yago_hard
2026-04-22 10:45:01,314 - INFO -   device               = cuda:0
2026-04-22 10:45:01,314 - INFO -   dropout              = 0.5
2026-04-22 10:45:01,314 - INFO -   embedding_dim        = 200
2026-04-22 10:45:01,314 - INFO -   eva_dir              = SAVE
2026-04-22 10:45:01,314 - INFO -   filtering            = True
2026-04-22 10:45:01,314 - INFO -   gpu_id               = 0
2026-04-22 10:45:01,314 - INFO -   grad_norm            = 1.0
2026-04-22 10:45:01,314 - INFO -   lambdax              = 2
2026-04-22 10:45:01,314 - INFO -   lr                   = 0.001
2026-04-22 10:45:01,314 - INFO -   max_epochs           = 30
2026-04-22 10:45:01,314 - INFO -   model_dir            = 
2026-04-22 10:45:01,314 - INFO -   only_eva             = False
2026-04-22 10:45:01,315 - INFO -   only_oracle          = False
2026-04-22 10:45:01,315 - INFO -   oracle_epochs        = 20
2026-04-22 10:45:01,315 - INFO -   oracle_lr            = 0.001
2026-04-22 10:45:01,315 - INFO -   oracle_mode          = hard
2026-04-22 10:45:01,315 - INFO -   save_dir             = SAVE
2026-04-22 10:45:01,315 - INFO -   seed                 = 987
2026-04-22 10:45:01,315 - INFO -   use_cuda             = True
2026-04-22 10:45:01,315 - INFO -   use_seed             = True
2026-04-22 10:45:01,315 - INFO -   valid_epochs         = 5
2026-04-22 10:45:01,315 - INFO -   weight_decay         = 1e-05
2026-04-22 10:45:01,315 - INFO - 
2026-04-22 10:45:01,315 - INFO - Saved config to: SAVE/yago_hard22-04-2026,10-45-01YAGO-EPOCH30/default.yaml
2026-04-22 10:45:01,315 - INFO - Saved config to: SAVE/yago_hard22-04-2026,10-45-01YAGO-EPOCH30/YAGO.yaml
2026-04-22 10:45:01,315 - INFO - Model Information:
2026-04-22 10:45:01,315 - INFO -   Total Parameters: 5,056,801
2026-04-22 10:45:01,315 - INFO -   Trainable Parameters: 5,056,801
2026-04-22 10:45:01,316 - INFO -   GPU Memory Reserved: 0.02 GB
2026-04-22 10:45:01,316 - INFO -   GPU Memory Allocated: 0.02 GB
2026-04-22 10:45:01,316 - INFO -   GPU Memory Peak: 0.02 GB
2026-04-22 10:45:01,316 - INFO - Epoch 1/30
2026-04-22 10:45:07,461 - INFO - [TRAIN] Epoch 1: Loss = 5.923944 (Time: 6.15s)
2026-04-22 10:45:07,479 - INFO - [VRAM] Peak: 0.13GB | Reserved: 0.19GB
2026-04-22 10:45:07,479 - INFO - Epoch 2/30
2026-04-22 10:45:13,400 - INFO - [TRAIN] Epoch 2: Loss = 5.812930 (Time: 5.92s)
2026-04-22 10:45:13,418 - INFO - [VRAM] Peak: 0.13GB | Reserved: 0.19GB
2026-04-22 10:45:13,418 - INFO - Epoch 3/30
2026-04-22 10:45:19,283 - INFO - [TRAIN] Epoch 3: Loss = 5.769310 (Time: 5.86s)
2026-04-22 10:45:19,301 - INFO - [VRAM] Peak: 0.13GB | Reserved: 0.19GB
2026-04-22 10:45:19,301 - INFO - Epoch 4/30
2026-04-22 10:45:25,160 - INFO - [TRAIN] Epoch 4: Loss = 5.742529 (Time: 5.86s)
2026-04-22 10:45:25,178 - INFO - [VRAM] Peak: 0.13GB | Reserved: 0.19GB
2026-04-22 10:45:25,178 - INFO - Epoch 5/30
2026-04-22 10:45:31,078 - INFO - [TRAIN] Epoch 5: Loss = 5.721124 (Time: 5.90s)
2026-04-22 10:45:31,096 - INFO - [VRAM] Peak: 0.13GB | Reserved: 0.19GB
2026-04-22 10:45:31,096 - INFO - [VALIDATION] Epoch 5
2026-04-22 10:46:36,772 - INFO -   [No Oracle Filtering]
2026-04-22 10:46:36,773 - INFO -     Subject test MRR (lk): 0.834152
2026-04-22 10:46:36,773 - INFO -     Subject test MR (lk): 159.278876
2026-04-22 10:46:36,781 - INFO -     Subject test Hits (lk) @ 1: 0.817856
2026-04-22 10:46:36,781 - INFO -     Subject test Hits (lk) @ 3: 0.843415
2026-04-22 10:46:36,781 - INFO -     Subject test Hits (lk) @ 10: 0.862265
2026-04-22 10:46:36,781 - INFO -     Object test MRR (lk): 0.832627
2026-04-22 10:46:36,781 - INFO -     Object test MR (lk): 193.509246
2026-04-22 10:46:36,781 - INFO -     Object test Hits (lk) @ 1: 0.825232
2026-04-22 10:46:36,781 - INFO -     Object test Hits (lk) @ 3: 0.836654
2026-04-22 10:46:36,781 - INFO -     Object test Hits (lk) @ 10: 0.845618
2026-04-22 10:46:36,782 - INFO -     ALL test MRR (lk): 0.833389
2026-04-22 10:46:36,782 - INFO -     ALL test MR (lk): 176.394061
2026-04-22 10:46:36,782 - INFO -     ALL test Hits (lk) @ 1: 0.821544
2026-04-22 10:46:36,782 - INFO -     ALL test Hits (lk) @ 3: 0.840035
2026-04-22 10:46:36,782 - INFO -     ALL test Hits (lk) @ 10: 0.853942
2026-04-22 10:46:36,782 - INFO -   [Ground Truth Oracle]
2026-04-22 10:46:36,783 - INFO -     Subject test MRR (lk): 0.892066
2026-04-22 10:46:36,783 - INFO -     Subject test MR (lk): 150.776597
2026-04-22 10:46:36,783 - INFO -     Subject test Hits (lk) @ 1: 0.888798
2026-04-22 10:46:36,783 - INFO -     Subject test Hits (lk) @ 3: 0.892691
2026-04-22 10:46:36,783 - INFO -     Subject test Hits (lk) @ 10: 0.896737
2026-04-22 10:46:36,783 - INFO -     Object test MRR (lk): 0.887177
2026-04-22 10:46:36,783 - INFO -     Object test MR (lk): 179.274138
2026-04-22 10:46:36,784 - INFO -     Object test Hits (lk) @ 1: 0.885827
2026-04-22 10:46:36,784 - INFO -     Object test Hits (lk) @ 3: 0.886647
2026-04-22 10:46:36,784 - INFO -     Object test Hits (lk) @ 10: 0.888798
2026-04-22 10:46:36,784 - INFO -     ALL test MRR (lk): 0.889621
2026-04-22 10:46:36,784 - INFO -     ALL test MR (lk): 165.025368
2026-04-22 10:46:36,785 - INFO -     ALL test Hits (lk) @ 1: 0.887312
2026-04-22 10:46:36,785 - INFO -     ALL test Hits (lk) @ 3: 0.889669
2026-04-22 10:46:36,785 - INFO -     ALL test Hits (lk) @ 10: 0.892768
2026-04-22 10:46:36,798 - INFO -   Model improved! Best MRR = 0.889621
2026-04-22 10:46:36,800 - INFO - Epoch 6/30
2026-04-22 10:46:42,690 - INFO - [TRAIN] Epoch 6: Loss = 5.704728 (Time: 5.89s)
2026-04-22 10:46:42,708 - INFO - [VRAM] Peak: 0.14GB | Reserved: 0.19GB
2026-04-22 10:46:42,708 - INFO - Epoch 7/30
2026-04-22 10:46:48,602 - INFO - [TRAIN] Epoch 7: Loss = 5.691355 (Time: 5.89s)
2026-04-22 10:46:48,620 - INFO - [VRAM] Peak: 0.14GB | Reserved: 0.19GB
2026-04-22 10:46:48,620 - INFO - Epoch 8/30
2026-04-22 10:46:54,498 - INFO - [TRAIN] Epoch 8: Loss = 5.678435 (Time: 5.88s)
2026-04-22 10:46:54,515 - INFO - [VRAM] Peak: 0.14GB | Reserved: 0.19GB
2026-04-22 10:46:54,516 - INFO - Epoch 9/30
2026-04-22 10:47:00,406 - INFO - [TRAIN] Epoch 9: Loss = 5.665593 (Time: 5.89s)
2026-04-22 10:47:00,424 - INFO - [VRAM] Peak: 0.14GB | Reserved: 0.19GB
2026-04-22 10:47:00,424 - INFO - Epoch 10/30
2026-04-22 10:47:06,333 - INFO - [TRAIN] Epoch 10: Loss = 5.653815 (Time: 5.91s)
2026-04-22 10:47:06,351 - INFO - [VRAM] Peak: 0.14GB | Reserved: 0.19GB
2026-04-22 10:47:06,351 - INFO - [VALIDATION] Epoch 10
2026-04-22 10:48:12,313 - INFO -   [No Oracle Filtering]
2026-04-22 10:48:12,314 - INFO -     Subject test MRR (lk): 0.849172
2026-04-22 10:48:12,314 - INFO -     Subject test MR (lk): 143.908083
2026-04-22 10:48:12,314 - INFO -     Subject test Hits (lk) @ 1: 0.838037
2026-04-22 10:48:12,314 - INFO -     Subject test Hits (lk) @ 3: 0.854070
2026-04-22 10:48:12,314 - INFO -     Subject test Hits (lk) @ 10: 0.867797
2026-04-22 10:48:12,314 - INFO -     Object test MRR (lk): 0.839781
2026-04-22 10:48:12,314 - INFO -     Object test MR (lk): 171.114480
2026-04-22 10:48:12,314 - INFO -     Object test Hits (lk) @ 1: 0.834298
2026-04-22 10:48:12,314 - INFO -     Object test Hits (lk) @ 3: 0.840598
2026-04-22 10:48:12,314 - INFO -     Object test Hits (lk) @ 10: 0.848794
2026-04-22 10:48:12,315 - INFO -     ALL test MRR (lk): 0.844476
2026-04-22 10:48:12,315 - INFO -     ALL test MR (lk): 157.511282
2026-04-22 10:48:12,315 - INFO -     ALL test Hits (lk) @ 1: 0.836168
2026-04-22 10:48:12,315 - INFO -     ALL test Hits (lk) @ 3: 0.847334
2026-04-22 10:48:12,315 - INFO -     ALL test Hits (lk) @ 10: 0.858295
2026-04-22 10:48:12,315 - INFO -   [Ground Truth Oracle]
2026-04-22 10:48:12,316 - INFO -     Subject test MRR (lk): 0.892465
2026-04-22 10:48:12,316 - INFO -     Subject test MR (lk): 134.456923
2026-04-22 10:48:12,316 - INFO -     Subject test Hits (lk) @ 1: 0.888695
2026-04-22 10:48:12,316 - INFO -     Subject test Hits (lk) @ 3: 0.892998
2026-04-22 10:48:12,316 - INFO -     Subject test Hits (lk) @ 10: 0.897967
2026-04-22 10:48:12,316 - INFO -     Object test MRR (lk): 0.887527
2026-04-22 10:48:12,316 - INFO -     Object test MR (lk): 157.212160
2026-04-22 10:48:12,317 - INFO -     Object test Hits (lk) @ 1: 0.885827
2026-04-22 10:48:12,317 - INFO -     Object test Hits (lk) @ 3: 0.887159
2026-04-22 10:48:12,317 - INFO -     Object test Hits (lk) @ 10: 0.889105
2026-04-22 10:48:12,317 - INFO -     ALL test MRR (lk): 0.889996
2026-04-22 10:48:12,317 - INFO -     ALL test MR (lk): 145.834541
2026-04-22 10:48:12,318 - INFO -     ALL test Hits (lk) @ 1: 0.887261
2026-04-22 10:48:12,318 - INFO -     ALL test Hits (lk) @ 3: 0.890078
2026-04-22 10:48:12,318 - INFO -     ALL test Hits (lk) @ 10: 0.893536
2026-04-22 10:48:12,343 - INFO -   Model improved! Best MRR = 0.889996
2026-04-22 10:48:12,345 - INFO - Epoch 11/30
2026-04-22 10:48:18,201 - INFO - [TRAIN] Epoch 11: Loss = 5.643972 (Time: 5.86s)
2026-04-22 10:48:18,218 - INFO - [VRAM] Peak: 0.14GB | Reserved: 0.19GB
2026-04-22 10:48:18,219 - INFO - Epoch 12/30
2026-04-22 10:48:24,079 - INFO - [TRAIN] Epoch 12: Loss = 5.635701 (Time: 5.86s)
2026-04-22 10:48:24,096 - INFO - [VRAM] Peak: 0.14GB | Reserved: 0.19GB
2026-04-22 10:48:24,097 - INFO - Epoch 13/30
2026-04-22 10:48:29,970 - INFO - [TRAIN] Epoch 13: Loss = 5.628813 (Time: 5.87s)
2026-04-22 10:48:29,987 - INFO - [VRAM] Peak: 0.14GB | Reserved: 0.19GB
2026-04-22 10:48:29,987 - INFO - Epoch 14/30
2026-04-22 10:48:35,859 - INFO - [TRAIN] Epoch 14: Loss = 5.622995 (Time: 5.87s)
2026-04-22 10:48:35,877 - INFO - [VRAM] Peak: 0.14GB | Reserved: 0.19GB
2026-04-22 10:48:35,877 - INFO - Epoch 15/30
2026-04-22 10:48:41,744 - INFO - [TRAIN] Epoch 15: Loss = 5.618147 (Time: 5.87s)
2026-04-22 10:48:41,762 - INFO - [VRAM] Peak: 0.14GB | Reserved: 0.19GB
2026-04-22 10:48:41,762 - INFO - [VALIDATION] Epoch 15
2026-04-22 10:49:47,525 - INFO -   [No Oracle Filtering]
2026-04-22 10:49:47,526 - INFO -     Subject test MRR (lk): 0.844287
2026-04-22 10:49:47,526 - INFO -     Subject test MR (lk): 140.232290
2026-04-22 10:49:47,526 - INFO -     Subject test Hits (lk) @ 1: 0.831686
2026-04-22 10:49:47,526 - INFO -     Subject test Hits (lk) @ 3: 0.848896
2026-04-22 10:49:47,526 - INFO -     Subject test Hits (lk) @ 10: 0.866004
2026-04-22 10:49:47,526 - INFO -     Object test MRR (lk): 0.834814
2026-04-22 10:49:47,526 - INFO -     Object test MR (lk): 166.007325
2026-04-22 10:49:47,526 - INFO -     Object test Hits (lk) @ 1: 0.826307
2026-04-22 10:49:47,526 - INFO -     Object test Hits (lk) @ 3: 0.837576
2026-04-22 10:49:47,527 - INFO -     Object test Hits (lk) @ 10: 0.849050
2026-04-22 10:49:47,527 - INFO -     ALL test MRR (lk): 0.839550
2026-04-22 10:49:47,527 - INFO -     ALL test MR (lk): 153.119807
2026-04-22 10:49:47,527 - INFO -     ALL test Hits (lk) @ 1: 0.828997
2026-04-22 10:49:47,527 - INFO -     ALL test Hits (lk) @ 3: 0.843236
2026-04-22 10:49:47,528 - INFO -     ALL test Hits (lk) @ 10: 0.857527
2026-04-22 10:49:47,528 - INFO -   [Ground Truth Oracle]
2026-04-22 10:49:47,528 - INFO -     Subject test MRR (lk): 0.892790
2026-04-22 10:49:47,528 - INFO -     Subject test MR (lk): 130.236029
2026-04-22 10:49:47,528 - INFO -     Subject test Hits (lk) @ 1: 0.887722
2026-04-22 10:49:47,528 - INFO -     Subject test Hits (lk) @ 3: 0.893715
2026-04-22 10:49:47,528 - INFO -     Subject test Hits (lk) @ 10: 0.900476
2026-04-22 10:49:47,529 - INFO -     Object test MRR (lk): 0.888350
2026-04-22 10:49:47,529 - INFO -     Object test MR (lk): 152.890181
2026-04-22 10:49:47,529 - INFO -     Object test Hits (lk) @ 1: 0.886288
2026-04-22 10:49:47,529 - INFO -     Object test Hits (lk) @ 3: 0.887671
2026-04-22 10:49:47,529 - INFO -     Object test Hits (lk) @ 10: 0.891103
2026-04-22 10:49:47,530 - INFO -     ALL test MRR (lk): 0.890570
2026-04-22 10:49:47,530 - INFO -     ALL test MR (lk): 141.563105
2026-04-22 10:49:47,530 - INFO -     ALL test Hits (lk) @ 1: 0.887005
2026-04-22 10:49:47,530 - INFO -     ALL test Hits (lk) @ 3: 0.890693
2026-04-22 10:49:47,530 - INFO -     ALL test Hits (lk) @ 10: 0.895790
2026-04-22 10:49:47,554 - INFO -   Model improved! Best MRR = 0.890570
2026-04-22 10:49:47,556 - INFO - Epoch 16/30
2026-04-22 10:49:53,518 - INFO - [TRAIN] Epoch 16: Loss = 5.614056 (Time: 5.96s)
2026-04-22 10:49:53,535 - INFO - [VRAM] Peak: 0.14GB | Reserved: 0.19GB
2026-04-22 10:49:53,535 - INFO - Epoch 17/30
2026-04-22 10:49:59,427 - INFO - [TRAIN] Epoch 17: Loss = 5.610441 (Time: 5.89s)
2026-04-22 10:49:59,444 - INFO - [VRAM] Peak: 0.14GB | Reserved: 0.19GB
2026-04-22 10:49:59,444 - INFO - Epoch 18/30
2026-04-22 10:50:05,316 - INFO - [TRAIN] Epoch 18: Loss = 5.607332 (Time: 5.87s)
2026-04-22 10:50:05,334 - INFO - [VRAM] Peak: 0.14GB | Reserved: 0.19GB
2026-04-22 10:50:05,334 - INFO - Epoch 19/30
2026-04-22 10:50:11,191 - INFO - [TRAIN] Epoch 19: Loss = 5.604344 (Time: 5.86s)
2026-04-22 10:50:11,209 - INFO - [VRAM] Peak: 0.14GB | Reserved: 0.19GB
2026-04-22 10:50:11,209 - INFO - Epoch 20/30
2026-04-22 10:50:17,099 - INFO - [TRAIN] Epoch 20: Loss = 5.601782 (Time: 5.89s)
2026-04-22 10:50:17,117 - INFO - [VRAM] Peak: 0.14GB | Reserved: 0.19GB
2026-04-22 10:50:17,117 - INFO - [VALIDATION] Epoch 20
2026-04-22 10:51:23,591 - INFO -   [No Oracle Filtering]
2026-04-22 10:51:23,592 - INFO -     Subject test MRR (lk): 0.839111
2026-04-22 10:51:23,592 - INFO -     Subject test MR (lk): 140.437638
2026-04-22 10:51:23,592 - INFO -     Subject test Hits (lk) @ 1: 0.825129
2026-04-22 10:51:23,592 - INFO -     Subject test Hits (lk) @ 3: 0.844184
2026-04-22 10:51:23,592 - INFO -     Subject test Hits (lk) @ 10: 0.864672
2026-04-22 10:51:23,592 - INFO -     Object test MRR (lk): 0.833328
2026-04-22 10:51:23,592 - INFO -     Object test MR (lk): 165.804385
2026-04-22 10:51:23,592 - INFO -     Object test Hits (lk) @ 1: 0.824054
2026-04-22 10:51:23,592 - INFO -     Object test Hits (lk) @ 3: 0.836347
2026-04-22 10:51:23,592 - INFO -     Object test Hits (lk) @ 10: 0.848538
2026-04-22 10:51:23,593 - INFO -     ALL test MRR (lk): 0.836219
2026-04-22 10:51:23,593 - INFO -     ALL test MR (lk): 153.121011
2026-04-22 10:51:23,593 - INFO -     ALL test Hits (lk) @ 1: 0.824592
2026-04-22 10:51:23,593 - INFO -     ALL test Hits (lk) @ 3: 0.840265
2026-04-22 10:51:23,593 - INFO -     ALL test Hits (lk) @ 10: 0.856605
2026-04-22 10:51:23,593 - INFO -   [Ground Truth Oracle]
2026-04-22 10:51:23,594 - INFO -     Subject test MRR (lk): 0.893279
2026-04-22 10:51:23,594 - INFO -     Subject test MR (lk): 131.017979
2026-04-22 10:51:23,594 - INFO -     Subject test Hits (lk) @ 1: 0.887876
2026-04-22 10:51:23,594 - INFO -     Subject test Hits (lk) @ 3: 0.894535
2026-04-22 10:51:23,594 - INFO -     Subject test Hits (lk) @ 10: 0.901859
2026-04-22 10:51:23,594 - INFO -     Object test MRR (lk): 0.888857
2026-04-22 10:51:23,594 - INFO -     Object test MR (lk): 154.620038
2026-04-22 10:51:23,595 - INFO -     Object test Hits (lk) @ 1: 0.886647
2026-04-22 10:51:23,595 - INFO -     Object test Hits (lk) @ 3: 0.888132
2026-04-22 10:51:23,595 - INFO -     Object test Hits (lk) @ 10: 0.892178
2026-04-22 10:51:23,595 - INFO -     ALL test MRR (lk): 0.891068
2026-04-22 10:51:23,595 - INFO -     ALL test MR (lk): 142.819008
2026-04-22 10:51:23,596 - INFO -     ALL test Hits (lk) @ 1: 0.887261
2026-04-22 10:51:23,596 - INFO -     ALL test Hits (lk) @ 3: 0.891333
2026-04-22 10:51:23,596 - INFO -     ALL test Hits (lk) @ 10: 0.897019
2026-04-22 10:51:23,620 - INFO -   Model improved! Best MRR = 0.891068
2026-04-22 10:51:23,622 - INFO - Epoch 21/30
2026-04-22 10:51:29,502 - INFO - [TRAIN] Epoch 21: Loss = 5.599501 (Time: 5.88s)
2026-04-22 10:51:29,520 - INFO - [VRAM] Peak: 0.14GB | Reserved: 0.19GB
2026-04-22 10:51:29,520 - INFO - Epoch 22/30
2026-04-22 10:51:35,371 - INFO - [TRAIN] Epoch 22: Loss = 5.597331 (Time: 5.85s)
2026-04-22 10:51:35,388 - INFO - [VRAM] Peak: 0.14GB | Reserved: 0.19GB
2026-04-22 10:51:35,389 - INFO - Epoch 23/30
2026-04-22 10:51:41,267 - INFO - [TRAIN] Epoch 23: Loss = 5.595550 (Time: 5.88s)
2026-04-22 10:51:41,285 - INFO - [VRAM] Peak: 0.14GB | Reserved: 0.19GB
2026-04-22 10:51:41,285 - INFO - Epoch 24/30
2026-04-22 10:51:47,141 - INFO - [TRAIN] Epoch 24: Loss = 5.593758 (Time: 5.86s)
2026-04-22 10:51:47,159 - INFO - [VRAM] Peak: 0.14GB | Reserved: 0.19GB
2026-04-22 10:51:47,159 - INFO - Epoch 25/30
2026-04-22 10:51:53,005 - INFO - [TRAIN] Epoch 25: Loss = 5.592072 (Time: 5.85s)
2026-04-22 10:51:53,022 - INFO - [VRAM] Peak: 0.14GB | Reserved: 0.19GB
2026-04-22 10:51:53,023 - INFO - [VALIDATION] Epoch 25
2026-04-22 10:52:58,145 - INFO -   [No Oracle Filtering]
2026-04-22 10:52:58,145 - INFO -     Subject test MRR (lk): 0.835963
2026-04-22 10:52:58,145 - INFO -     Subject test MR (lk): 143.040337
2026-04-22 10:52:58,145 - INFO -     Subject test Hits (lk) @ 1: 0.820622
2026-04-22 10:52:58,145 - INFO -     Subject test Hits (lk) @ 3: 0.841674
2026-04-22 10:52:58,146 - INFO -     Subject test Hits (lk) @ 10: 0.863853
2026-04-22 10:52:58,146 - INFO -     Object test MRR (lk): 0.831852
2026-04-22 10:52:58,146 - INFO -     Object test MR (lk): 165.042181
2026-04-22 10:52:58,146 - INFO -     Object test Hits (lk) @ 1: 0.822158
2026-04-22 10:52:58,146 - INFO -     Object test Hits (lk) @ 3: 0.834452
2026-04-22 10:52:58,146 - INFO -     Object test Hits (lk) @ 10: 0.848486
2026-04-22 10:52:58,147 - INFO -     ALL test MRR (lk): 0.833908
2026-04-22 10:52:58,147 - INFO -     ALL test MR (lk): 154.041259
2026-04-22 10:52:58,147 - INFO -     ALL test Hits (lk) @ 1: 0.821390
2026-04-22 10:52:58,147 - INFO -     ALL test Hits (lk) @ 3: 0.838063
2026-04-22 10:52:58,147 - INFO -     ALL test Hits (lk) @ 10: 0.856170
2026-04-22 10:52:58,147 - INFO -   [Ground Truth Oracle]
2026-04-22 10:52:58,148 - INFO -     Subject test MRR (lk): 0.893541
2026-04-22 10:52:58,148 - INFO -     Subject test MR (lk): 134.347667
2026-04-22 10:52:58,148 - INFO -     Subject test Hits (lk) @ 1: 0.887722
2026-04-22 10:52:58,148 - INFO -     Subject test Hits (lk) @ 3: 0.894791
2026-04-22 10:52:58,148 - INFO -     Subject test Hits (lk) @ 10: 0.902884
2026-04-22 10:52:58,148 - INFO -     Object test MRR (lk): 0.889322
2026-04-22 10:52:58,148 - INFO -     Object test MR (lk): 154.513676
2026-04-22 10:52:58,148 - INFO -     Object test Hits (lk) @ 1: 0.887108
2026-04-22 10:52:58,148 - INFO -     Object test Hits (lk) @ 3: 0.888542
2026-04-22 10:52:58,148 - INFO -     Object test Hits (lk) @ 10: 0.892230
2026-04-22 10:52:58,149 - INFO -     ALL test MRR (lk): 0.891432
2026-04-22 10:52:58,149 - INFO -     ALL test MR (lk): 144.430672
2026-04-22 10:52:58,149 - INFO -     ALL test Hits (lk) @ 1: 0.887415
2026-04-22 10:52:58,149 - INFO -     ALL test Hits (lk) @ 3: 0.891666
2026-04-22 10:52:58,149 - INFO -     ALL test Hits (lk) @ 10: 0.897557
2026-04-22 10:52:58,174 - INFO -   Model improved! Best MRR = 0.891432
2026-04-22 10:52:58,176 - INFO - Epoch 26/30
2026-04-22 10:53:04,014 - INFO - [TRAIN] Epoch 26: Loss = 5.590741 (Time: 5.84s)
2026-04-22 10:53:04,032 - INFO - [VRAM] Peak: 0.14GB | Reserved: 0.19GB
2026-04-22 10:53:04,032 - INFO - Epoch 27/30
2026-04-22 10:53:09,879 - INFO - [TRAIN] Epoch 27: Loss = 5.589447 (Time: 5.85s)
2026-04-22 10:53:09,896 - INFO - [VRAM] Peak: 0.14GB | Reserved: 0.19GB
2026-04-22 10:53:09,897 - INFO - Epoch 28/30
2026-04-22 10:53:15,786 - INFO - [TRAIN] Epoch 28: Loss = 5.588350 (Time: 5.89s)
2026-04-22 10:53:15,803 - INFO - [VRAM] Peak: 0.14GB | Reserved: 0.19GB
2026-04-22 10:53:15,804 - INFO - Epoch 29/30
2026-04-22 10:53:21,795 - INFO - [TRAIN] Epoch 29: Loss = 5.587160 (Time: 5.99s)
2026-04-22 10:53:21,812 - INFO - [VRAM] Peak: 0.14GB | Reserved: 0.19GB
2026-04-22 10:53:21,812 - INFO - Epoch 30/30
2026-04-22 10:53:27,841 - INFO - [TRAIN] Epoch 30: Loss = 5.586163 (Time: 6.03s)
2026-04-22 10:53:27,858 - INFO - [VRAM] Peak: 0.14GB | Reserved: 0.19GB
2026-04-22 10:53:27,858 - INFO - [VALIDATION] Epoch 30
2026-04-22 10:54:34,224 - INFO -   [No Oracle Filtering]
2026-04-22 10:54:34,224 - INFO -     Subject test MRR (lk): 0.833535
2026-04-22 10:54:34,224 - INFO -     Subject test MR (lk): 143.597372
2026-04-22 10:54:34,224 - INFO -     Subject test Hits (lk) @ 1: 0.818112
2026-04-22 10:54:34,224 - INFO -     Subject test Hits (lk) @ 3: 0.839062
2026-04-22 10:54:34,224 - INFO -     Subject test Hits (lk) @ 10: 0.861855
2026-04-22 10:54:34,225 - INFO -     Object test MRR (lk): 0.829384
2026-04-22 10:54:34,225 - INFO -     Object test MR (lk): 167.187369
2026-04-22 10:54:34,225 - INFO -     Object test Hits (lk) @ 1: 0.819136
2026-04-22 10:54:34,225 - INFO -     Object test Hits (lk) @ 3: 0.831993
2026-04-22 10:54:34,225 - INFO -     Object test Hits (lk) @ 10: 0.846335
2026-04-22 10:54:34,226 - INFO -     ALL test MRR (lk): 0.831460
2026-04-22 10:54:34,226 - INFO -     ALL test MR (lk): 155.392371
2026-04-22 10:54:34,226 - INFO -     ALL test Hits (lk) @ 1: 0.818624
2026-04-22 10:54:34,226 - INFO -     ALL test Hits (lk) @ 3: 0.835527
2026-04-22 10:54:34,226 - INFO -     ALL test Hits (lk) @ 10: 0.854095
2026-04-22 10:54:34,226 - INFO -   [Ground Truth Oracle]
2026-04-22 10:54:34,227 - INFO -     Subject test MRR (lk): 0.893313
2026-04-22 10:54:34,227 - INFO -     Subject test MR (lk): 135.412513
2026-04-22 10:54:34,227 - INFO -     Subject test Hits (lk) @ 1: 0.887210
2026-04-22 10:54:34,227 - INFO -     Subject test Hits (lk) @ 3: 0.894996
2026-04-22 10:54:34,227 - INFO -     Subject test Hits (lk) @ 10: 0.902628
2026-04-22 10:54:34,227 - INFO -     Object test MRR (lk): 0.889070
2026-04-22 10:54:34,227 - INFO -     Object test MR (lk): 157.072069
2026-04-22 10:54:34,227 - INFO -     Object test Hits (lk) @ 1: 0.886442
2026-04-22 10:54:34,227 - INFO -     Object test Hits (lk) @ 3: 0.888644
2026-04-22 10:54:34,227 - INFO -     Object test Hits (lk) @ 10: 0.892639
2026-04-22 10:54:34,228 - INFO -     ALL test MRR (lk): 0.891192
2026-04-22 10:54:34,228 - INFO -     ALL test MR (lk): 146.242291
2026-04-22 10:54:34,228 - INFO -     ALL test Hits (lk) @ 1: 0.886826
2026-04-22 10:54:34,228 - INFO -     ALL test Hits (lk) @ 3: 0.891820
2026-04-22 10:54:34,228 - INFO -     ALL test Hits (lk) @ 10: 0.897634
2026-04-22 10:54:34,228 - INFO -   No improvement (Best: 0.891432 | Current: 0.891192)
2026-04-22 10:54:34,229 - INFO - Training completed!
2026-04-22 10:54:34,238 - INFO - [ORACLE TRAINING PHASE]
2026-04-22 10:54:34,238 - INFO - Starting Oracle training...
2026-04-22 10:54:38,247 - INFO - [ORACLE] Epoch 1: Loss = 45.947740 (Time: 4.01s)
2026-04-22 10:54:42,214 - INFO - [ORACLE] Epoch 2: Loss = 5.626783 (Time: 3.97s)
2026-04-22 10:54:46,176 - INFO - [ORACLE] Epoch 3: Loss = 4.571079 (Time: 3.96s)
2026-04-22 10:54:50,173 - INFO - [ORACLE] Epoch 4: Loss = 3.603895 (Time: 4.00s)
2026-04-22 10:54:54,158 - INFO - [ORACLE] Epoch 5: Loss = 2.648222 (Time: 3.99s)
2026-04-22 10:54:58,129 - INFO - [ORACLE] Epoch 6: Loss = 1.686527 (Time: 3.97s)
2026-04-22 10:55:02,151 - INFO - [ORACLE] Epoch 7: Loss = 0.894328 (Time: 4.02s)
2026-04-22 10:55:06,128 - INFO - [ORACLE] Epoch 8: Loss = 0.749106 (Time: 3.98s)
2026-04-22 10:55:10,095 - INFO - [ORACLE] Epoch 9: Loss = 0.725860 (Time: 3.97s)
2026-04-22 10:55:14,070 - INFO - [ORACLE] Epoch 10: Loss = 0.728426 (Time: 3.97s)
2026-04-22 10:55:18,041 - INFO - [ORACLE] Epoch 11: Loss = 0.704910 (Time: 3.97s)
2026-04-22 10:55:22,009 - INFO - [ORACLE] Epoch 12: Loss = 0.726703 (Time: 3.97s)
2026-04-22 10:55:25,980 - INFO - [ORACLE] Epoch 13: Loss = 0.705626 (Time: 3.97s)
2026-04-22 10:55:29,961 - INFO - [ORACLE] Epoch 14: Loss = 0.699372 (Time: 3.98s)
2026-04-22 10:55:33,937 - INFO - [ORACLE] Epoch 15: Loss = 0.716624 (Time: 3.98s)
2026-04-22 10:55:37,902 - INFO - [ORACLE] Epoch 16: Loss = 0.706607 (Time: 3.96s)
2026-04-22 10:55:41,857 - INFO - [ORACLE] Epoch 17: Loss = 0.703980 (Time: 3.96s)
2026-04-22 10:55:45,831 - INFO - [ORACLE] Epoch 18: Loss = 0.705715 (Time: 3.97s)
2026-04-22 10:55:49,799 - INFO - [ORACLE] Epoch 19: Loss = 0.698918 (Time: 3.97s)
2026-04-22 10:55:53,768 - INFO - [ORACLE] Epoch 20: Loss = 0.704501 (Time: 3.97s)
2026-04-22 10:55:53,768 - INFO - Oracle training completed!
2026-04-22 10:55:53,794 - INFO - [TEST PHASE]
2026-04-22 10:55:53,794 - INFO - Testing starts...
2026-04-22 10:57:04,449 - INFO - Test Results (Oracle):
2026-04-22 10:57:04,449 - INFO -     Subject test MRR (lk): 0.843165
2026-04-22 10:57:04,449 - INFO -     Subject test MR (lk): 737.487242
2026-04-22 10:57:04,449 - INFO -     Subject test Hits (lk) @ 1: 0.840358
2026-04-22 10:57:04,449 - INFO -     Subject test Hits (lk) @ 3: 0.845001
2026-04-22 10:57:04,450 - INFO -     Subject test Hits (lk) @ 10: 0.847049
2026-04-22 10:57:04,450 - INFO -     Object test MRR (lk): 0.839103
2026-04-22 10:57:04,450 - INFO -     Object test MR (lk): 798.642015
2026-04-22 10:57:04,450 - INFO -     Object test Hits (lk) @ 1: 0.838560
2026-04-22 10:57:04,450 - INFO -     Object test Hits (lk) @ 3: 0.839309
2026-04-22 10:57:04,450 - INFO -     Object test Hits (lk) @ 10: 0.839708
2026-04-22 10:57:04,451 - INFO -     ALL test MRR (lk): 0.841134
2026-04-22 10:57:04,451 - INFO -     ALL test MR (lk): 768.064628
2026-04-22 10:57:04,451 - INFO -     ALL test Hits (lk) @ 1: 0.839459
2026-04-22 10:57:04,451 - INFO -     ALL test Hits (lk) @ 3: 0.842155
2026-04-22 10:57:04,451 - INFO -     ALL test Hits (lk) @ 10: 0.843379
2026-04-22 10:57:04,451 - INFO - Testing completed! (Time: 70.65s)
